ARM GAS  C:\Users\arh\AppData\Local\Temp\ccttDRNi.s 			page 1


   1              		.syntax unified
   2              		.cpu cortex-m3
   3              		.fpu softvfp
   4              		.eabi_attribute 20, 1
   5              		.eabi_attribute 21, 1
   6              		.eabi_attribute 23, 3
   7              		.eabi_attribute 24, 1
   8              		.eabi_attribute 25, 1
   9              		.eabi_attribute 26, 1
  10              		.eabi_attribute 30, 6
  11              		.eabi_attribute 18, 4
  12              		.thumb
  13              		.file	"amux.c"
  14              		.section	.debug_abbrev,"",%progbits
  15              	.Ldebug_abbrev0:
  16              		.section	.debug_info,"",%progbits
  17              	.Ldebug_info0:
  18              		.section	.debug_line,"",%progbits
  19              	.Ldebug_line0:
  20 0000 CC000000 		.text
  20      02005D00 
  20      00000201 
  20      FB0E0D00 
  20      01010101 
  21              	.Ltext0:
  22              		.cfi_sections	.debug_frame
  23              		.global	amux_lastChannel
  24              		.data
  25              		.type	amux_lastChannel, %object
  26              		.size	amux_lastChannel, 1
  27              	amux_lastChannel:
  28 0000 FF       		.byte	-1
  29              		.section	.text.amux_Start,"ax",%progbits
  30              		.align	2
  31              		.global	amux_Start
  32              		.thumb
  33              		.thumb_func
  34              		.type	amux_Start, %function
  35              	amux_Start:
  36              	.LFB0:
  37              		.file 1 ".\\Generated_Source\\PSoC5\\amux.c"
   1:.\Generated_Source\PSoC5/amux.c **** /*******************************************************************************
   2:.\Generated_Source\PSoC5/amux.c **** * File Name: amux.c
   3:.\Generated_Source\PSoC5/amux.c **** * Version 1.60
   4:.\Generated_Source\PSoC5/amux.c **** *
   5:.\Generated_Source\PSoC5/amux.c **** *  Description:
   6:.\Generated_Source\PSoC5/amux.c **** *    This file contains all functions required for the analog multiplexer
   7:.\Generated_Source\PSoC5/amux.c **** *    AMux User Module.
   8:.\Generated_Source\PSoC5/amux.c **** *
   9:.\Generated_Source\PSoC5/amux.c **** *   Note:
  10:.\Generated_Source\PSoC5/amux.c **** *
  11:.\Generated_Source\PSoC5/amux.c **** *******************************************************************************
  12:.\Generated_Source\PSoC5/amux.c **** * Copyright 2008-2010, Cypress Semiconductor Corporation.  All rights reserved.
  13:.\Generated_Source\PSoC5/amux.c **** * You may use this file only in accordance with the license, terms, conditions, 
  14:.\Generated_Source\PSoC5/amux.c **** * disclaimers, and limitations in the end user license agreement accompanying 
  15:.\Generated_Source\PSoC5/amux.c **** * the software package with which this file was provided.
  16:.\Generated_Source\PSoC5/amux.c **** ********************************************************************************/
ARM GAS  C:\Users\arh\AppData\Local\Temp\ccttDRNi.s 			page 2


  17:.\Generated_Source\PSoC5/amux.c **** 
  18:.\Generated_Source\PSoC5/amux.c **** #include "amux.h"
  19:.\Generated_Source\PSoC5/amux.c **** 
  20:.\Generated_Source\PSoC5/amux.c **** uint8 amux_lastChannel = amux_NULL_CHANNEL;
  21:.\Generated_Source\PSoC5/amux.c **** 
  22:.\Generated_Source\PSoC5/amux.c **** 
  23:.\Generated_Source\PSoC5/amux.c **** /*******************************************************************************
  24:.\Generated_Source\PSoC5/amux.c **** * Function Name: amux_Start
  25:.\Generated_Source\PSoC5/amux.c **** ********************************************************************************
  26:.\Generated_Source\PSoC5/amux.c **** * Summary:
  27:.\Generated_Source\PSoC5/amux.c **** *  Disconnect all channels.
  28:.\Generated_Source\PSoC5/amux.c **** *
  29:.\Generated_Source\PSoC5/amux.c **** * Parameters:
  30:.\Generated_Source\PSoC5/amux.c **** *  void
  31:.\Generated_Source\PSoC5/amux.c **** *
  32:.\Generated_Source\PSoC5/amux.c **** * Return:
  33:.\Generated_Source\PSoC5/amux.c **** *  void
  34:.\Generated_Source\PSoC5/amux.c **** *
  35:.\Generated_Source\PSoC5/amux.c **** *******************************************************************************/
  36:.\Generated_Source\PSoC5/amux.c **** void amux_Start(void)
  37:.\Generated_Source\PSoC5/amux.c **** {
  38              		.loc 1 37 0
  39              		.cfi_startproc
  40              		@ args = 0, pretend = 0, frame = 8
  41              		@ frame_needed = 1, uses_anonymous_args = 0
  42 0000 80B5     		push	{r7, lr}
  43              	.LCFI0:
  44              		.cfi_def_cfa_offset 8
  45 0002 82B0     		sub	sp, sp, #8
  46              	.LCFI1:
  47              		.cfi_def_cfa_offset 16
  48 0004 00AF     		add	r7, sp, #0
  49              		.cfi_offset 14, -4
  50              		.cfi_offset 7, -8
  51              	.LCFI2:
  52              		.cfi_def_cfa_register 7
  38:.\Generated_Source\PSoC5/amux.c ****     uint8 chan;
  39:.\Generated_Source\PSoC5/amux.c **** 
  40:.\Generated_Source\PSoC5/amux.c ****     for(chan = 0; chan < amux_CHANNELS ; chan++)
  53              		.loc 1 40 0
  54 0006 4FF00003 		mov	r3, #0
  55 000a FB71     		strb	r3, [r7, #7]
  56 000c 0BE0     		b	.L2
  57              	.L3:
  41:.\Generated_Source\PSoC5/amux.c ****     {
  42:.\Generated_Source\PSoC5/amux.c **** #if(amux_MUXTYPE == amux_MUX_SINGLE)
  43:.\Generated_Source\PSoC5/amux.c ****         amux_Unset(chan);
  44:.\Generated_Source\PSoC5/amux.c **** #else
  45:.\Generated_Source\PSoC5/amux.c ****         amux_CYAMUXSIDE_A_Unset(chan);
  58              		.loc 1 45 0
  59 000e FB79     		ldrb	r3, [r7, #7]	@ zero_extendqisi2
  60 0010 1846     		mov	r0, r3
  61 0012 FFF7FEFF 		bl	amux_CYAMUXSIDE_A_Unset
  46:.\Generated_Source\PSoC5/amux.c ****         amux_CYAMUXSIDE_B_Unset(chan);
  62              		.loc 1 46 0
  63 0016 FB79     		ldrb	r3, [r7, #7]	@ zero_extendqisi2
  64 0018 1846     		mov	r0, r3
ARM GAS  C:\Users\arh\AppData\Local\Temp\ccttDRNi.s 			page 3


  65 001a FFF7FEFF 		bl	amux_CYAMUXSIDE_B_Unset
  66              		.loc 1 40 0
  67 001e FB79     		ldrb	r3, [r7, #7]
  68 0020 03F10103 		add	r3, r3, #1
  69 0024 FB71     		strb	r3, [r7, #7]
  70              	.L2:
  71 0026 FB79     		ldrb	r3, [r7, #7]	@ zero_extendqisi2
  72 0028 012B     		cmp	r3, #1
  73 002a F0D9     		bls	.L3
  47:.\Generated_Source\PSoC5/amux.c **** #endif
  48:.\Generated_Source\PSoC5/amux.c ****     }
  49:.\Generated_Source\PSoC5/amux.c **** 
  50:.\Generated_Source\PSoC5/amux.c **** 	amux_lastChannel = amux_NULL_CHANNEL;
  74              		.loc 1 50 0
  75 002c 40F20003 		movw	r3, #:lower16:amux_lastChannel
  76 0030 C0F20003 		movt	r3, #:upper16:amux_lastChannel
  77 0034 4FF0FF32 		mov	r2, #-1
  78 0038 1A70     		strb	r2, [r3, #0]
  51:.\Generated_Source\PSoC5/amux.c **** }
  79              		.loc 1 51 0
  80 003a 07F10807 		add	r7, r7, #8
  81 003e BD46     		mov	sp, r7
  82 0040 80BD     		pop	{r7, pc}
  83              		.cfi_endproc
  84              	.LFE0:
  85              		.size	amux_Start, .-amux_Start
  86 0042 00BF     		.section	.text.amux_Select,"ax",%progbits
  87              		.align	2
  88              		.global	amux_Select
  89              		.thumb
  90              		.thumb_func
  91              		.type	amux_Select, %function
  92              	amux_Select:
  93              	.LFB1:
  52:.\Generated_Source\PSoC5/amux.c **** 
  53:.\Generated_Source\PSoC5/amux.c **** 
  54:.\Generated_Source\PSoC5/amux.c **** #if(!amux_ATMOSTONE)
  55:.\Generated_Source\PSoC5/amux.c **** /*******************************************************************************
  56:.\Generated_Source\PSoC5/amux.c **** * Function Name: amux_Select
  57:.\Generated_Source\PSoC5/amux.c **** ********************************************************************************
  58:.\Generated_Source\PSoC5/amux.c **** * Summary:
  59:.\Generated_Source\PSoC5/amux.c **** *  This functions first disconnects all channels then connects the given
  60:.\Generated_Source\PSoC5/amux.c **** *  channel.
  61:.\Generated_Source\PSoC5/amux.c **** *
  62:.\Generated_Source\PSoC5/amux.c **** * Parameters:
  63:.\Generated_Source\PSoC5/amux.c **** *  channel:  The channel to connect to the common terminal.
  64:.\Generated_Source\PSoC5/amux.c **** *
  65:.\Generated_Source\PSoC5/amux.c **** * Return:
  66:.\Generated_Source\PSoC5/amux.c **** *  void
  67:.\Generated_Source\PSoC5/amux.c **** *
  68:.\Generated_Source\PSoC5/amux.c **** *******************************************************************************/
  69:.\Generated_Source\PSoC5/amux.c **** void amux_Select(uint8 channel) 
  70:.\Generated_Source\PSoC5/amux.c **** {
  94              		.loc 1 70 0
  95              		.cfi_startproc
  96              		@ args = 0, pretend = 0, frame = 8
  97              		@ frame_needed = 1, uses_anonymous_args = 0
ARM GAS  C:\Users\arh\AppData\Local\Temp\ccttDRNi.s 			page 4


  98 0000 80B5     		push	{r7, lr}
  99              	.LCFI3:
 100              		.cfi_def_cfa_offset 8
 101 0002 82B0     		sub	sp, sp, #8
 102              	.LCFI4:
 103              		.cfi_def_cfa_offset 16
 104 0004 00AF     		add	r7, sp, #0
 105              		.cfi_offset 14, -4
 106              		.cfi_offset 7, -8
 107              	.LCFI5:
 108              		.cfi_def_cfa_register 7
 109 0006 0346     		mov	r3, r0
 110 0008 FB71     		strb	r3, [r7, #7]
  71:.\Generated_Source\PSoC5/amux.c ****     amux_DisconnectAll();        /* Disconnect all previous connections */
 111              		.loc 1 71 0
 112 000a FFF7FEFF 		bl	amux_Start
  72:.\Generated_Source\PSoC5/amux.c ****     amux_Connect(channel);       /* Make the given selection */
 113              		.loc 1 72 0
 114 000e FB79     		ldrb	r3, [r7, #7]	@ zero_extendqisi2
 115 0010 1846     		mov	r0, r3
 116 0012 FFF7FEFF 		bl	amux_Connect
  73:.\Generated_Source\PSoC5/amux.c ****     amux_lastChannel = channel;  /* Update last channel */
 117              		.loc 1 73 0
 118 0016 40F20003 		movw	r3, #:lower16:amux_lastChannel
 119 001a C0F20003 		movt	r3, #:upper16:amux_lastChannel
 120 001e FA79     		ldrb	r2, [r7, #7]
 121 0020 1A70     		strb	r2, [r3, #0]
  74:.\Generated_Source\PSoC5/amux.c **** }
 122              		.loc 1 74 0
 123 0022 07F10807 		add	r7, r7, #8
 124 0026 BD46     		mov	sp, r7
 125 0028 80BD     		pop	{r7, pc}
 126              		.cfi_endproc
 127              	.LFE1:
 128              		.size	amux_Select, .-amux_Select
 129 002a 00BF     		.section	.text.amux_FastSelect,"ax",%progbits
 130              		.align	2
 131              		.global	amux_FastSelect
 132              		.thumb
 133              		.thumb_func
 134              		.type	amux_FastSelect, %function
 135              	amux_FastSelect:
 136              	.LFB2:
  75:.\Generated_Source\PSoC5/amux.c **** #endif
  76:.\Generated_Source\PSoC5/amux.c **** 
  77:.\Generated_Source\PSoC5/amux.c **** 
  78:.\Generated_Source\PSoC5/amux.c **** /*******************************************************************************
  79:.\Generated_Source\PSoC5/amux.c **** * Function Name: amux_FastSelect
  80:.\Generated_Source\PSoC5/amux.c **** ********************************************************************************
  81:.\Generated_Source\PSoC5/amux.c **** * Summary:
  82:.\Generated_Source\PSoC5/amux.c **** *  This function first disconnects the last connection made with FastSelect or
  83:.\Generated_Source\PSoC5/amux.c **** *  Select, then connects the given channel. The FastSelect function is similar
  84:.\Generated_Source\PSoC5/amux.c **** *  to the Select function, except it is faster since it only disconnects the
  85:.\Generated_Source\PSoC5/amux.c **** *  last channel selected rather than all channels.
  86:.\Generated_Source\PSoC5/amux.c **** *
  87:.\Generated_Source\PSoC5/amux.c **** * Parameters:
  88:.\Generated_Source\PSoC5/amux.c **** *  channel:  The channel to connect to the common terminal.
ARM GAS  C:\Users\arh\AppData\Local\Temp\ccttDRNi.s 			page 5


  89:.\Generated_Source\PSoC5/amux.c **** *
  90:.\Generated_Source\PSoC5/amux.c **** * Return:
  91:.\Generated_Source\PSoC5/amux.c **** *  void
  92:.\Generated_Source\PSoC5/amux.c **** *
  93:.\Generated_Source\PSoC5/amux.c **** *******************************************************************************/
  94:.\Generated_Source\PSoC5/amux.c **** void amux_FastSelect(uint8 channel) 
  95:.\Generated_Source\PSoC5/amux.c **** {
 137              		.loc 1 95 0
 138              		.cfi_startproc
 139              		@ args = 0, pretend = 0, frame = 8
 140              		@ frame_needed = 1, uses_anonymous_args = 0
 141 0000 80B5     		push	{r7, lr}
 142              	.LCFI6:
 143              		.cfi_def_cfa_offset 8
 144 0002 82B0     		sub	sp, sp, #8
 145              	.LCFI7:
 146              		.cfi_def_cfa_offset 16
 147 0004 00AF     		add	r7, sp, #0
 148              		.cfi_offset 14, -4
 149              		.cfi_offset 7, -8
 150              	.LCFI8:
 151              		.cfi_def_cfa_register 7
 152 0006 0346     		mov	r3, r0
 153 0008 FB71     		strb	r3, [r7, #7]
  96:.\Generated_Source\PSoC5/amux.c ****     /* Disconnect the last valid channel */
  97:.\Generated_Source\PSoC5/amux.c ****     if( amux_lastChannel != amux_NULL_CHANNEL)
 154              		.loc 1 97 0
 155 000a 40F20003 		movw	r3, #:lower16:amux_lastChannel
 156 000e C0F20003 		movt	r3, #:upper16:amux_lastChannel
 157 0012 1B78     		ldrb	r3, [r3, #0]	@ zero_extendqisi2
 158 0014 FF2B     		cmp	r3, #255
 159 0016 07D0     		beq	.L8
  98:.\Generated_Source\PSoC5/amux.c ****     {
  99:.\Generated_Source\PSoC5/amux.c ****         amux_Disconnect(amux_lastChannel);
 160              		.loc 1 99 0
 161 0018 40F20003 		movw	r3, #:lower16:amux_lastChannel
 162 001c C0F20003 		movt	r3, #:upper16:amux_lastChannel
 163 0020 1B78     		ldrb	r3, [r3, #0]	@ zero_extendqisi2
 164 0022 1846     		mov	r0, r3
 165 0024 FFF7FEFF 		bl	amux_Disconnect
 166              	.L8:
 100:.\Generated_Source\PSoC5/amux.c ****     }
 101:.\Generated_Source\PSoC5/amux.c **** 
 102:.\Generated_Source\PSoC5/amux.c ****     /* Make the new channel connection */
 103:.\Generated_Source\PSoC5/amux.c **** #if(amux_MUXTYPE == amux_MUX_SINGLE)
 104:.\Generated_Source\PSoC5/amux.c ****     amux_Set(channel);
 105:.\Generated_Source\PSoC5/amux.c **** #else
 106:.\Generated_Source\PSoC5/amux.c ****     amux_CYAMUXSIDE_A_Set(channel);
 167              		.loc 1 106 0
 168 0028 FB79     		ldrb	r3, [r7, #7]	@ zero_extendqisi2
 169 002a 1846     		mov	r0, r3
 170 002c FFF7FEFF 		bl	amux_CYAMUXSIDE_A_Set
 107:.\Generated_Source\PSoC5/amux.c ****     amux_CYAMUXSIDE_B_Set(channel);
 171              		.loc 1 107 0
 172 0030 FB79     		ldrb	r3, [r7, #7]	@ zero_extendqisi2
 173 0032 1846     		mov	r0, r3
 174 0034 FFF7FEFF 		bl	amux_CYAMUXSIDE_B_Set
ARM GAS  C:\Users\arh\AppData\Local\Temp\ccttDRNi.s 			page 6


 108:.\Generated_Source\PSoC5/amux.c **** #endif
 109:.\Generated_Source\PSoC5/amux.c **** 
 110:.\Generated_Source\PSoC5/amux.c **** 
 111:.\Generated_Source\PSoC5/amux.c **** 	amux_lastChannel = channel;   /* Update last channel */
 175              		.loc 1 111 0
 176 0038 40F20003 		movw	r3, #:lower16:amux_lastChannel
 177 003c C0F20003 		movt	r3, #:upper16:amux_lastChannel
 178 0040 FA79     		ldrb	r2, [r7, #7]
 179 0042 1A70     		strb	r2, [r3, #0]
 112:.\Generated_Source\PSoC5/amux.c **** }
 180              		.loc 1 112 0
 181 0044 07F10807 		add	r7, r7, #8
 182 0048 BD46     		mov	sp, r7
 183 004a 80BD     		pop	{r7, pc}
 184              		.cfi_endproc
 185              	.LFE2:
 186              		.size	amux_FastSelect, .-amux_FastSelect
 187              		.section	.text.amux_Connect,"ax",%progbits
 188              		.align	2
 189              		.global	amux_Connect
 190              		.thumb
 191              		.thumb_func
 192              		.type	amux_Connect, %function
 193              	amux_Connect:
 194              	.LFB3:
 113:.\Generated_Source\PSoC5/amux.c **** 
 114:.\Generated_Source\PSoC5/amux.c **** 
 115:.\Generated_Source\PSoC5/amux.c **** #if(amux_MUXTYPE == amux_MUX_DIFF)
 116:.\Generated_Source\PSoC5/amux.c **** #if(!amux_ATMOSTONE)
 117:.\Generated_Source\PSoC5/amux.c **** /*******************************************************************************
 118:.\Generated_Source\PSoC5/amux.c **** * Function Name: amux_Connect
 119:.\Generated_Source\PSoC5/amux.c **** ********************************************************************************
 120:.\Generated_Source\PSoC5/amux.c **** * Summary:
 121:.\Generated_Source\PSoC5/amux.c **** *  This function connects the given channel without affecting other connections.
 122:.\Generated_Source\PSoC5/amux.c **** *
 123:.\Generated_Source\PSoC5/amux.c **** * Parameters:
 124:.\Generated_Source\PSoC5/amux.c **** *  channel:  The channel to connect to the common terminal.
 125:.\Generated_Source\PSoC5/amux.c **** *
 126:.\Generated_Source\PSoC5/amux.c **** * Return:
 127:.\Generated_Source\PSoC5/amux.c **** *  void
 128:.\Generated_Source\PSoC5/amux.c **** *
 129:.\Generated_Source\PSoC5/amux.c **** *******************************************************************************/
 130:.\Generated_Source\PSoC5/amux.c **** void amux_Connect(uint8 channel) 
 131:.\Generated_Source\PSoC5/amux.c **** {
 195              		.loc 1 131 0
 196              		.cfi_startproc
 197              		@ args = 0, pretend = 0, frame = 8
 198              		@ frame_needed = 1, uses_anonymous_args = 0
 199 0000 80B5     		push	{r7, lr}
 200              	.LCFI9:
 201              		.cfi_def_cfa_offset 8
 202 0002 82B0     		sub	sp, sp, #8
 203              	.LCFI10:
 204              		.cfi_def_cfa_offset 16
 205 0004 00AF     		add	r7, sp, #0
 206              		.cfi_offset 14, -4
 207              		.cfi_offset 7, -8
ARM GAS  C:\Users\arh\AppData\Local\Temp\ccttDRNi.s 			page 7


 208              	.LCFI11:
 209              		.cfi_def_cfa_register 7
 210 0006 0346     		mov	r3, r0
 211 0008 FB71     		strb	r3, [r7, #7]
 132:.\Generated_Source\PSoC5/amux.c ****     amux_CYAMUXSIDE_A_Set(channel);
 212              		.loc 1 132 0
 213 000a FB79     		ldrb	r3, [r7, #7]	@ zero_extendqisi2
 214 000c 1846     		mov	r0, r3
 215 000e FFF7FEFF 		bl	amux_CYAMUXSIDE_A_Set
 133:.\Generated_Source\PSoC5/amux.c ****     amux_CYAMUXSIDE_B_Set(channel);
 216              		.loc 1 133 0
 217 0012 FB79     		ldrb	r3, [r7, #7]	@ zero_extendqisi2
 218 0014 1846     		mov	r0, r3
 219 0016 FFF7FEFF 		bl	amux_CYAMUXSIDE_B_Set
 134:.\Generated_Source\PSoC5/amux.c **** }
 220              		.loc 1 134 0
 221 001a 07F10807 		add	r7, r7, #8
 222 001e BD46     		mov	sp, r7
 223 0020 80BD     		pop	{r7, pc}
 224              		.cfi_endproc
 225              	.LFE3:
 226              		.size	amux_Connect, .-amux_Connect
 227 0022 00BF     		.section	.text.amux_Disconnect,"ax",%progbits
 228              		.align	2
 229              		.global	amux_Disconnect
 230              		.thumb
 231              		.thumb_func
 232              		.type	amux_Disconnect, %function
 233              	amux_Disconnect:
 234              	.LFB4:
 135:.\Generated_Source\PSoC5/amux.c **** #endif
 136:.\Generated_Source\PSoC5/amux.c **** 
 137:.\Generated_Source\PSoC5/amux.c **** /*******************************************************************************
 138:.\Generated_Source\PSoC5/amux.c **** * Function Name: amux_Disconnect
 139:.\Generated_Source\PSoC5/amux.c **** ********************************************************************************
 140:.\Generated_Source\PSoC5/amux.c **** * Summary:
 141:.\Generated_Source\PSoC5/amux.c **** *  This function disconnects the given channel from the common or output
 142:.\Generated_Source\PSoC5/amux.c **** *  terminal without affecting other connections.
 143:.\Generated_Source\PSoC5/amux.c **** *
 144:.\Generated_Source\PSoC5/amux.c **** * Parameters:
 145:.\Generated_Source\PSoC5/amux.c **** *  channel:  The channel to disconnect from the common terminal.
 146:.\Generated_Source\PSoC5/amux.c **** *
 147:.\Generated_Source\PSoC5/amux.c **** * Return:
 148:.\Generated_Source\PSoC5/amux.c **** *  void
 149:.\Generated_Source\PSoC5/amux.c **** *
 150:.\Generated_Source\PSoC5/amux.c **** *******************************************************************************/
 151:.\Generated_Source\PSoC5/amux.c **** void amux_Disconnect(uint8 channel) 
 152:.\Generated_Source\PSoC5/amux.c **** {
 235              		.loc 1 152 0
 236              		.cfi_startproc
 237              		@ args = 0, pretend = 0, frame = 8
 238              		@ frame_needed = 1, uses_anonymous_args = 0
 239 0000 80B5     		push	{r7, lr}
 240              	.LCFI12:
 241              		.cfi_def_cfa_offset 8
 242 0002 82B0     		sub	sp, sp, #8
 243              	.LCFI13:
ARM GAS  C:\Users\arh\AppData\Local\Temp\ccttDRNi.s 			page 8


 244              		.cfi_def_cfa_offset 16
 245 0004 00AF     		add	r7, sp, #0
 246              		.cfi_offset 14, -4
 247              		.cfi_offset 7, -8
 248              	.LCFI14:
 249              		.cfi_def_cfa_register 7
 250 0006 0346     		mov	r3, r0
 251 0008 FB71     		strb	r3, [r7, #7]
 153:.\Generated_Source\PSoC5/amux.c ****     amux_CYAMUXSIDE_A_Unset(channel);
 252              		.loc 1 153 0
 253 000a FB79     		ldrb	r3, [r7, #7]	@ zero_extendqisi2
 254 000c 1846     		mov	r0, r3
 255 000e FFF7FEFF 		bl	amux_CYAMUXSIDE_A_Unset
 154:.\Generated_Source\PSoC5/amux.c ****     amux_CYAMUXSIDE_B_Unset(channel);
 256              		.loc 1 154 0
 257 0012 FB79     		ldrb	r3, [r7, #7]	@ zero_extendqisi2
 258 0014 1846     		mov	r0, r3
 259 0016 FFF7FEFF 		bl	amux_CYAMUXSIDE_B_Unset
 155:.\Generated_Source\PSoC5/amux.c **** }
 260              		.loc 1 155 0
 261 001a 07F10807 		add	r7, r7, #8
 262 001e BD46     		mov	sp, r7
 263 0020 80BD     		pop	{r7, pc}
 264              		.cfi_endproc
 265              	.LFE4:
 266              		.size	amux_Disconnect, .-amux_Disconnect
 267 0022 00BF     		.text
 268              	.Letext0:
 269              		.section	.debug_loc,"",%progbits
 270              	.Ldebug_loc0:
 271              	.LLST0:
 272 0000 00000000 		.4byte	.LFB0
 273 0004 02000000 		.4byte	.LCFI0
 274 0008 0100     		.2byte	0x1
 275 000a 5D       		.byte	0x5d
 276 000b 02000000 		.4byte	.LCFI0
 277 000f 04000000 		.4byte	.LCFI1
 278 0013 0200     		.2byte	0x2
 279 0015 7D       		.byte	0x7d
 280 0016 08       		.sleb128 8
 281 0017 04000000 		.4byte	.LCFI1
 282 001b 06000000 		.4byte	.LCFI2
 283 001f 0200     		.2byte	0x2
 284 0021 7D       		.byte	0x7d
 285 0022 10       		.sleb128 16
 286 0023 06000000 		.4byte	.LCFI2
 287 0027 42000000 		.4byte	.LFE0
 288 002b 0200     		.2byte	0x2
 289 002d 77       		.byte	0x77
 290 002e 10       		.sleb128 16
 291 002f 00000000 		.4byte	0x0
 292 0033 00000000 		.4byte	0x0
 293              	.LLST1:
 294 0037 00000000 		.4byte	.LFB1
 295 003b 02000000 		.4byte	.LCFI3
 296 003f 0100     		.2byte	0x1
 297 0041 5D       		.byte	0x5d
ARM GAS  C:\Users\arh\AppData\Local\Temp\ccttDRNi.s 			page 9


 298 0042 02000000 		.4byte	.LCFI3
 299 0046 04000000 		.4byte	.LCFI4
 300 004a 0200     		.2byte	0x2
 301 004c 7D       		.byte	0x7d
 302 004d 08       		.sleb128 8
 303 004e 04000000 		.4byte	.LCFI4
 304 0052 06000000 		.4byte	.LCFI5
 305 0056 0200     		.2byte	0x2
 306 0058 7D       		.byte	0x7d
 307 0059 10       		.sleb128 16
 308 005a 06000000 		.4byte	.LCFI5
 309 005e 2A000000 		.4byte	.LFE1
 310 0062 0200     		.2byte	0x2
 311 0064 77       		.byte	0x77
 312 0065 10       		.sleb128 16
 313 0066 00000000 		.4byte	0x0
 314 006a 00000000 		.4byte	0x0
 315              	.LLST2:
 316 006e 00000000 		.4byte	.LFB2
 317 0072 02000000 		.4byte	.LCFI6
 318 0076 0100     		.2byte	0x1
 319 0078 5D       		.byte	0x5d
 320 0079 02000000 		.4byte	.LCFI6
 321 007d 04000000 		.4byte	.LCFI7
 322 0081 0200     		.2byte	0x2
 323 0083 7D       		.byte	0x7d
 324 0084 08       		.sleb128 8
 325 0085 04000000 		.4byte	.LCFI7
 326 0089 06000000 		.4byte	.LCFI8
 327 008d 0200     		.2byte	0x2
 328 008f 7D       		.byte	0x7d
 329 0090 10       		.sleb128 16
 330 0091 06000000 		.4byte	.LCFI8
 331 0095 4C000000 		.4byte	.LFE2
 332 0099 0200     		.2byte	0x2
 333 009b 77       		.byte	0x77
 334 009c 10       		.sleb128 16
 335 009d 00000000 		.4byte	0x0
 336 00a1 00000000 		.4byte	0x0
 337              	.LLST3:
 338 00a5 00000000 		.4byte	.LFB3
 339 00a9 02000000 		.4byte	.LCFI9
 340 00ad 0100     		.2byte	0x1
 341 00af 5D       		.byte	0x5d
 342 00b0 02000000 		.4byte	.LCFI9
 343 00b4 04000000 		.4byte	.LCFI10
 344 00b8 0200     		.2byte	0x2
 345 00ba 7D       		.byte	0x7d
 346 00bb 08       		.sleb128 8
 347 00bc 04000000 		.4byte	.LCFI10
 348 00c0 06000000 		.4byte	.LCFI11
 349 00c4 0200     		.2byte	0x2
 350 00c6 7D       		.byte	0x7d
 351 00c7 10       		.sleb128 16
 352 00c8 06000000 		.4byte	.LCFI11
 353 00cc 22000000 		.4byte	.LFE3
 354 00d0 0200     		.2byte	0x2
ARM GAS  C:\Users\arh\AppData\Local\Temp\ccttDRNi.s 			page 10


 355 00d2 77       		.byte	0x77
 356 00d3 10       		.sleb128 16
 357 00d4 00000000 		.4byte	0x0
 358 00d8 00000000 		.4byte	0x0
 359              	.LLST4:
 360 00dc 00000000 		.4byte	.LFB4
 361 00e0 02000000 		.4byte	.LCFI12
 362 00e4 0100     		.2byte	0x1
 363 00e6 5D       		.byte	0x5d
 364 00e7 02000000 		.4byte	.LCFI12
 365 00eb 04000000 		.4byte	.LCFI13
 366 00ef 0200     		.2byte	0x2
 367 00f1 7D       		.byte	0x7d
 368 00f2 08       		.sleb128 8
 369 00f3 04000000 		.4byte	.LCFI13
 370 00f7 06000000 		.4byte	.LCFI14
 371 00fb 0200     		.2byte	0x2
 372 00fd 7D       		.byte	0x7d
 373 00fe 10       		.sleb128 16
 374 00ff 06000000 		.4byte	.LCFI14
 375 0103 22000000 		.4byte	.LFE4
 376 0107 0200     		.2byte	0x2
 377 0109 77       		.byte	0x77
 378 010a 10       		.sleb128 16
 379 010b 00000000 		.4byte	0x0
 380 010f 00000000 		.4byte	0x0
 381              		.file 2 ".\\Generated_Source\\PSoC5\\/cytypes.h"
 382              		.section	.debug_info
 383 0000 58010000 		.4byte	0x158
 384 0004 0200     		.2byte	0x2
 385 0006 00000000 		.4byte	.Ldebug_abbrev0
 386 000a 04       		.byte	0x4
 387 000b 01       		.uleb128 0x1
 388 000c EE000000 		.4byte	.LASF16
 389 0010 01       		.byte	0x1
 390 0011 FF000000 		.4byte	.LASF17
 391 0015 16000000 		.4byte	.LASF18
 392 0019 00000000 		.4byte	0x0
 393 001d 00000000 		.4byte	0x0
 394 0021 00000000 		.4byte	.Ldebug_ranges0+0x0
 395 0025 00000000 		.4byte	.Ldebug_line0
 396 0029 02       		.uleb128 0x2
 397 002a 01       		.byte	0x1
 398 002b 06       		.byte	0x6
 399 002c 48010000 		.4byte	.LASF0
 400 0030 02       		.uleb128 0x2
 401 0031 01       		.byte	0x1
 402 0032 08       		.byte	0x8
 403 0033 81000000 		.4byte	.LASF1
 404 0037 02       		.uleb128 0x2
 405 0038 02       		.byte	0x2
 406 0039 05       		.byte	0x5
 407 003a 1F010000 		.4byte	.LASF2
 408 003e 02       		.uleb128 0x2
 409 003f 02       		.byte	0x2
 410 0040 07       		.byte	0x7
 411 0041 A1000000 		.4byte	.LASF3
ARM GAS  C:\Users\arh\AppData\Local\Temp\ccttDRNi.s 			page 11


 412 0045 02       		.uleb128 0x2
 413 0046 04       		.byte	0x4
 414 0047 05       		.byte	0x5
 415 0048 2F010000 		.4byte	.LASF4
 416 004c 02       		.uleb128 0x2
 417 004d 04       		.byte	0x4
 418 004e 07       		.byte	0x7
 419 004f 8F000000 		.4byte	.LASF5
 420 0053 02       		.uleb128 0x2
 421 0054 08       		.byte	0x8
 422 0055 05       		.byte	0x5
 423 0056 00000000 		.4byte	.LASF6
 424 005a 02       		.uleb128 0x2
 425 005b 08       		.byte	0x8
 426 005c 07       		.byte	0x7
 427 005d D2000000 		.4byte	.LASF7
 428 0061 03       		.uleb128 0x3
 429 0062 04       		.byte	0x4
 430 0063 05       		.byte	0x5
 431 0064 696E7400 		.ascii	"int\000"
 432 0068 02       		.uleb128 0x2
 433 0069 04       		.byte	0x4
 434 006a 07       		.byte	0x7
 435 006b C5000000 		.4byte	.LASF8
 436 006f 02       		.uleb128 0x2
 437 0070 01       		.byte	0x1
 438 0071 08       		.byte	0x8
 439 0072 FA000000 		.4byte	.LASF9
 440 0076 04       		.uleb128 0x4
 441 0077 29010000 		.4byte	.LASF19
 442 007b 02       		.byte	0x2
 443 007c 60       		.byte	0x60
 444 007d 30000000 		.4byte	0x30
 445 0081 05       		.uleb128 0x5
 446 0082 01       		.byte	0x1
 447 0083 76000000 		.4byte	.LASF10
 448 0087 01       		.byte	0x1
 449 0088 24       		.byte	0x24
 450 0089 01       		.byte	0x1
 451 008a 00000000 		.4byte	.LFB0
 452 008e 42000000 		.4byte	.LFE0
 453 0092 00000000 		.4byte	.LLST0
 454 0096 A9000000 		.4byte	0xa9
 455 009a 06       		.uleb128 0x6
 456 009b E9000000 		.4byte	.LASF20
 457 009f 01       		.byte	0x1
 458 00a0 26       		.byte	0x26
 459 00a1 76000000 		.4byte	0x76
 460 00a5 02       		.byte	0x2
 461 00a6 91       		.byte	0x91
 462 00a7 77       		.sleb128 -9
 463 00a8 00       		.byte	0x0
 464 00a9 05       		.uleb128 0x5
 465 00aa 01       		.byte	0x1
 466 00ab 6A000000 		.4byte	.LASF11
 467 00af 01       		.byte	0x1
 468 00b0 45       		.byte	0x45
ARM GAS  C:\Users\arh\AppData\Local\Temp\ccttDRNi.s 			page 12


 469 00b1 01       		.byte	0x1
 470 00b2 00000000 		.4byte	.LFB1
 471 00b6 2A000000 		.4byte	.LFE1
 472 00ba 37000000 		.4byte	.LLST1
 473 00be D1000000 		.4byte	0xd1
 474 00c2 07       		.uleb128 0x7
 475 00c3 0E000000 		.4byte	.LASF13
 476 00c7 01       		.byte	0x1
 477 00c8 45       		.byte	0x45
 478 00c9 76000000 		.4byte	0x76
 479 00cd 02       		.byte	0x2
 480 00ce 91       		.byte	0x91
 481 00cf 77       		.sleb128 -9
 482 00d0 00       		.byte	0x0
 483 00d1 05       		.uleb128 0x5
 484 00d2 01       		.byte	0x1
 485 00d3 38010000 		.4byte	.LASF12
 486 00d7 01       		.byte	0x1
 487 00d8 5E       		.byte	0x5e
 488 00d9 01       		.byte	0x1
 489 00da 00000000 		.4byte	.LFB2
 490 00de 4C000000 		.4byte	.LFE2
 491 00e2 6E000000 		.4byte	.LLST2
 492 00e6 F9000000 		.4byte	0xf9
 493 00ea 07       		.uleb128 0x7
 494 00eb 0E000000 		.4byte	.LASF13
 495 00ef 01       		.byte	0x1
 496 00f0 5E       		.byte	0x5e
 497 00f1 76000000 		.4byte	0x76
 498 00f5 02       		.byte	0x2
 499 00f6 91       		.byte	0x91
 500 00f7 77       		.sleb128 -9
 501 00f8 00       		.byte	0x0
 502 00f9 05       		.uleb128 0x5
 503 00fa 01       		.byte	0x1
 504 00fb 4D000000 		.4byte	.LASF14
 505 00ff 01       		.byte	0x1
 506 0100 82       		.byte	0x82
 507 0101 01       		.byte	0x1
 508 0102 00000000 		.4byte	.LFB3
 509 0106 22000000 		.4byte	.LFE3
 510 010a A5000000 		.4byte	.LLST3
 511 010e 21010000 		.4byte	0x121
 512 0112 07       		.uleb128 0x7
 513 0113 0E000000 		.4byte	.LASF13
 514 0117 01       		.byte	0x1
 515 0118 82       		.byte	0x82
 516 0119 76000000 		.4byte	0x76
 517 011d 02       		.byte	0x2
 518 011e 91       		.byte	0x91
 519 011f 77       		.sleb128 -9
 520 0120 00       		.byte	0x0
 521 0121 05       		.uleb128 0x5
 522 0122 01       		.byte	0x1
 523 0123 5A000000 		.4byte	.LASF15
 524 0127 01       		.byte	0x1
 525 0128 97       		.byte	0x97
ARM GAS  C:\Users\arh\AppData\Local\Temp\ccttDRNi.s 			page 13


 526 0129 01       		.byte	0x1
 527 012a 00000000 		.4byte	.LFB4
 528 012e 22000000 		.4byte	.LFE4
 529 0132 DC000000 		.4byte	.LLST4
 530 0136 49010000 		.4byte	0x149
 531 013a 07       		.uleb128 0x7
 532 013b 0E000000 		.4byte	.LASF13
 533 013f 01       		.byte	0x1
 534 0140 97       		.byte	0x97
 535 0141 76000000 		.4byte	0x76
 536 0145 02       		.byte	0x2
 537 0146 91       		.byte	0x91
 538 0147 77       		.sleb128 -9
 539 0148 00       		.byte	0x0
 540 0149 08       		.uleb128 0x8
 541 014a B4000000 		.4byte	.LASF21
 542 014e 01       		.byte	0x1
 543 014f 14       		.byte	0x14
 544 0150 76000000 		.4byte	0x76
 545 0154 01       		.byte	0x1
 546 0155 05       		.byte	0x5
 547 0156 03       		.byte	0x3
 548 0157 00000000 		.4byte	amux_lastChannel
 549 015b 00       		.byte	0x0
 550              		.section	.debug_abbrev
 551 0000 01       		.uleb128 0x1
 552 0001 11       		.uleb128 0x11
 553 0002 01       		.byte	0x1
 554 0003 25       		.uleb128 0x25
 555 0004 0E       		.uleb128 0xe
 556 0005 13       		.uleb128 0x13
 557 0006 0B       		.uleb128 0xb
 558 0007 03       		.uleb128 0x3
 559 0008 0E       		.uleb128 0xe
 560 0009 1B       		.uleb128 0x1b
 561 000a 0E       		.uleb128 0xe
 562 000b 11       		.uleb128 0x11
 563 000c 01       		.uleb128 0x1
 564 000d 52       		.uleb128 0x52
 565 000e 01       		.uleb128 0x1
 566 000f 55       		.uleb128 0x55
 567 0010 06       		.uleb128 0x6
 568 0011 10       		.uleb128 0x10
 569 0012 06       		.uleb128 0x6
 570 0013 00       		.byte	0x0
 571 0014 00       		.byte	0x0
 572 0015 02       		.uleb128 0x2
 573 0016 24       		.uleb128 0x24
 574 0017 00       		.byte	0x0
 575 0018 0B       		.uleb128 0xb
 576 0019 0B       		.uleb128 0xb
 577 001a 3E       		.uleb128 0x3e
 578 001b 0B       		.uleb128 0xb
 579 001c 03       		.uleb128 0x3
 580 001d 0E       		.uleb128 0xe
 581 001e 00       		.byte	0x0
 582 001f 00       		.byte	0x0
ARM GAS  C:\Users\arh\AppData\Local\Temp\ccttDRNi.s 			page 14


 583 0020 03       		.uleb128 0x3
 584 0021 24       		.uleb128 0x24
 585 0022 00       		.byte	0x0
 586 0023 0B       		.uleb128 0xb
 587 0024 0B       		.uleb128 0xb
 588 0025 3E       		.uleb128 0x3e
 589 0026 0B       		.uleb128 0xb
 590 0027 03       		.uleb128 0x3
 591 0028 08       		.uleb128 0x8
 592 0029 00       		.byte	0x0
 593 002a 00       		.byte	0x0
 594 002b 04       		.uleb128 0x4
 595 002c 16       		.uleb128 0x16
 596 002d 00       		.byte	0x0
 597 002e 03       		.uleb128 0x3
 598 002f 0E       		.uleb128 0xe
 599 0030 3A       		.uleb128 0x3a
 600 0031 0B       		.uleb128 0xb
 601 0032 3B       		.uleb128 0x3b
 602 0033 0B       		.uleb128 0xb
 603 0034 49       		.uleb128 0x49
 604 0035 13       		.uleb128 0x13
 605 0036 00       		.byte	0x0
 606 0037 00       		.byte	0x0
 607 0038 05       		.uleb128 0x5
 608 0039 2E       		.uleb128 0x2e
 609 003a 01       		.byte	0x1
 610 003b 3F       		.uleb128 0x3f
 611 003c 0C       		.uleb128 0xc
 612 003d 03       		.uleb128 0x3
 613 003e 0E       		.uleb128 0xe
 614 003f 3A       		.uleb128 0x3a
 615 0040 0B       		.uleb128 0xb
 616 0041 3B       		.uleb128 0x3b
 617 0042 0B       		.uleb128 0xb
 618 0043 27       		.uleb128 0x27
 619 0044 0C       		.uleb128 0xc
 620 0045 11       		.uleb128 0x11
 621 0046 01       		.uleb128 0x1
 622 0047 12       		.uleb128 0x12
 623 0048 01       		.uleb128 0x1
 624 0049 40       		.uleb128 0x40
 625 004a 06       		.uleb128 0x6
 626 004b 01       		.uleb128 0x1
 627 004c 13       		.uleb128 0x13
 628 004d 00       		.byte	0x0
 629 004e 00       		.byte	0x0
 630 004f 06       		.uleb128 0x6
 631 0050 34       		.uleb128 0x34
 632 0051 00       		.byte	0x0
 633 0052 03       		.uleb128 0x3
 634 0053 0E       		.uleb128 0xe
 635 0054 3A       		.uleb128 0x3a
 636 0055 0B       		.uleb128 0xb
 637 0056 3B       		.uleb128 0x3b
 638 0057 0B       		.uleb128 0xb
 639 0058 49       		.uleb128 0x49
ARM GAS  C:\Users\arh\AppData\Local\Temp\ccttDRNi.s 			page 15


 640 0059 13       		.uleb128 0x13
 641 005a 02       		.uleb128 0x2
 642 005b 0A       		.uleb128 0xa
 643 005c 00       		.byte	0x0
 644 005d 00       		.byte	0x0
 645 005e 07       		.uleb128 0x7
 646 005f 05       		.uleb128 0x5
 647 0060 00       		.byte	0x0
 648 0061 03       		.uleb128 0x3
 649 0062 0E       		.uleb128 0xe
 650 0063 3A       		.uleb128 0x3a
 651 0064 0B       		.uleb128 0xb
 652 0065 3B       		.uleb128 0x3b
 653 0066 0B       		.uleb128 0xb
 654 0067 49       		.uleb128 0x49
 655 0068 13       		.uleb128 0x13
 656 0069 02       		.uleb128 0x2
 657 006a 0A       		.uleb128 0xa
 658 006b 00       		.byte	0x0
 659 006c 00       		.byte	0x0
 660 006d 08       		.uleb128 0x8
 661 006e 34       		.uleb128 0x34
 662 006f 00       		.byte	0x0
 663 0070 03       		.uleb128 0x3
 664 0071 0E       		.uleb128 0xe
 665 0072 3A       		.uleb128 0x3a
 666 0073 0B       		.uleb128 0xb
 667 0074 3B       		.uleb128 0x3b
 668 0075 0B       		.uleb128 0xb
 669 0076 49       		.uleb128 0x49
 670 0077 13       		.uleb128 0x13
 671 0078 3F       		.uleb128 0x3f
 672 0079 0C       		.uleb128 0xc
 673 007a 02       		.uleb128 0x2
 674 007b 0A       		.uleb128 0xa
 675 007c 00       		.byte	0x0
 676 007d 00       		.byte	0x0
 677 007e 00       		.byte	0x0
 678              		.section	.debug_pubnames,"",%progbits
 679 0000 7B000000 		.4byte	0x7b
 680 0004 0200     		.2byte	0x2
 681 0006 00000000 		.4byte	.Ldebug_info0
 682 000a 5C010000 		.4byte	0x15c
 683 000e 81000000 		.4byte	0x81
 684 0012 616D7578 		.ascii	"amux_Start\000"
 684      5F537461 
 684      727400
 685 001d A9000000 		.4byte	0xa9
 686 0021 616D7578 		.ascii	"amux_Select\000"
 686      5F53656C 
 686      65637400 
 687 002d D1000000 		.4byte	0xd1
 688 0031 616D7578 		.ascii	"amux_FastSelect\000"
 688      5F466173 
 688      7453656C 
 688      65637400 
 689 0041 F9000000 		.4byte	0xf9
ARM GAS  C:\Users\arh\AppData\Local\Temp\ccttDRNi.s 			page 16


 690 0045 616D7578 		.ascii	"amux_Connect\000"
 690      5F436F6E 
 690      6E656374 
 690      00
 691 0052 21010000 		.4byte	0x121
 692 0056 616D7578 		.ascii	"amux_Disconnect\000"
 692      5F446973 
 692      636F6E6E 
 692      65637400 
 693 0066 49010000 		.4byte	0x149
 694 006a 616D7578 		.ascii	"amux_lastChannel\000"
 694      5F6C6173 
 694      74436861 
 694      6E6E656C 
 694      00
 695 007b 00000000 		.4byte	0x0
 696              		.section	.debug_aranges,"",%progbits
 697 0000 3C000000 		.4byte	0x3c
 698 0004 0200     		.2byte	0x2
 699 0006 00000000 		.4byte	.Ldebug_info0
 700 000a 04       		.byte	0x4
 701 000b 00       		.byte	0x0
 702 000c 0000     		.2byte	0x0
 703 000e 0000     		.2byte	0x0
 704 0010 00000000 		.4byte	.LFB0
 705 0014 42000000 		.4byte	.LFE0-.LFB0
 706 0018 00000000 		.4byte	.LFB1
 707 001c 2A000000 		.4byte	.LFE1-.LFB1
 708 0020 00000000 		.4byte	.LFB2
 709 0024 4C000000 		.4byte	.LFE2-.LFB2
 710 0028 00000000 		.4byte	.LFB3
 711 002c 22000000 		.4byte	.LFE3-.LFB3
 712 0030 00000000 		.4byte	.LFB4
 713 0034 22000000 		.4byte	.LFE4-.LFB4
 714 0038 00000000 		.4byte	0x0
 715 003c 00000000 		.4byte	0x0
 716              		.section	.debug_ranges,"",%progbits
 717              	.Ldebug_ranges0:
 718 0000 00000000 		.4byte	.Ltext0
 719 0004 00000000 		.4byte	.Letext0
 720 0008 00000000 		.4byte	.LFB0
 721 000c 42000000 		.4byte	.LFE0
 722 0010 00000000 		.4byte	.LFB1
 723 0014 2A000000 		.4byte	.LFE1
 724 0018 00000000 		.4byte	.LFB2
 725 001c 4C000000 		.4byte	.LFE2
 726 0020 00000000 		.4byte	.LFB3
 727 0024 22000000 		.4byte	.LFE3
 728 0028 00000000 		.4byte	.LFB4
 729 002c 22000000 		.4byte	.LFE4
 730 0030 00000000 		.4byte	0x0
 731 0034 00000000 		.4byte	0x0
 732              		.section	.debug_str,"MS",%progbits,1
 733              	.LASF6:
 734 0000 6C6F6E67 		.ascii	"long long int\000"
 734      206C6F6E 
 734      6720696E 
ARM GAS  C:\Users\arh\AppData\Local\Temp\ccttDRNi.s 			page 17


 734      7400
 735              	.LASF13:
 736 000e 6368616E 		.ascii	"channel\000"
 736      6E656C00 
 737              	.LASF18:
 738 0016 433A5C55 		.ascii	"C:\\Users\\arh\\Documents\\PSoC Creator\\Design07\\"
 738      73657273 
 738      5C617268 
 738      5C446F63 
 738      756D656E 
 739 0043 6364732E 		.ascii	"cds.cydsn\000"
 739      63796473 
 739      6E00
 740              	.LASF14:
 741 004d 616D7578 		.ascii	"amux_Connect\000"
 741      5F436F6E 
 741      6E656374 
 741      00
 742              	.LASF15:
 743 005a 616D7578 		.ascii	"amux_Disconnect\000"
 743      5F446973 
 743      636F6E6E 
 743      65637400 
 744              	.LASF11:
 745 006a 616D7578 		.ascii	"amux_Select\000"
 745      5F53656C 
 745      65637400 
 746              	.LASF10:
 747 0076 616D7578 		.ascii	"amux_Start\000"
 747      5F537461 
 747      727400
 748              	.LASF1:
 749 0081 756E7369 		.ascii	"unsigned char\000"
 749      676E6564 
 749      20636861 
 749      7200
 750              	.LASF5:
 751 008f 6C6F6E67 		.ascii	"long unsigned int\000"
 751      20756E73 
 751      69676E65 
 751      6420696E 
 751      7400
 752              	.LASF3:
 753 00a1 73686F72 		.ascii	"short unsigned int\000"
 753      7420756E 
 753      7369676E 
 753      65642069 
 753      6E7400
 754              	.LASF21:
 755 00b4 616D7578 		.ascii	"amux_lastChannel\000"
 755      5F6C6173 
 755      74436861 
 755      6E6E656C 
 755      00
 756              	.LASF8:
 757 00c5 756E7369 		.ascii	"unsigned int\000"
 757      676E6564 
ARM GAS  C:\Users\arh\AppData\Local\Temp\ccttDRNi.s 			page 18


 757      20696E74 
 757      00
 758              	.LASF7:
 759 00d2 6C6F6E67 		.ascii	"long long unsigned int\000"
 759      206C6F6E 
 759      6720756E 
 759      7369676E 
 759      65642069 
 760              	.LASF20:
 761 00e9 6368616E 		.ascii	"chan\000"
 761      00
 762              	.LASF16:
 763 00ee 474E5520 		.ascii	"GNU C 4.4.1\000"
 763      4320342E 
 763      342E3100 
 764              	.LASF9:
 765 00fa 63686172 		.ascii	"char\000"
 765      00
 766              	.LASF17:
 767 00ff 2E5C4765 		.ascii	".\\Generated_Source\\PSoC5\\amux.c\000"
 767      6E657261 
 767      7465645F 
 767      536F7572 
 767      63655C50 
 768              	.LASF2:
 769 011f 73686F72 		.ascii	"short int\000"
 769      7420696E 
 769      7400
 770              	.LASF19:
 771 0129 75696E74 		.ascii	"uint8\000"
 771      3800
 772              	.LASF4:
 773 012f 6C6F6E67 		.ascii	"long int\000"
 773      20696E74 
 773      00
 774              	.LASF12:
 775 0138 616D7578 		.ascii	"amux_FastSelect\000"
 775      5F466173 
 775      7453656C 
 775      65637400 
 776              	.LASF0:
 777 0148 7369676E 		.ascii	"signed char\000"
 777      65642063 
 777      68617200 
 778              		.ident	"GCC: (Sourcery G++ Lite 2010q1-188) 4.4.1"
