--------------- Rebuild Started: 12/09/2012 13:09:19 Project: cds, Configuration: ARM GCC 4.4.1 Debug ---------------
Deleting file ".\cds.cycdx"
Deleting file ".\cds.svd"
Deleting file ".\cds.rpt"
Deleting file ".\cds_timing.html"
cydsfit.exe "-.appdatapath" "C:\Users\arh\AppData\Local\Cypress Semiconductor\PSoC Creator\2.1" "-.fdsnotice" "-.fdswarpdepfile=warp_dependencies.txt" "-.fdselabdepfile=elab_dependencies.txt" "-.fdsbldfile=generated_files.txt" "-p" "C:\Users\arh\Documents\PSoC Creator\Design07\cds.cydsn\cds.cyprj" "-d" "CY8C5568AXI-060" "-s" "C:\Users\arh\Documents\PSoC Creator\Design07\cds.cydsn\Generated_Source\PSoC5" "--" "-yv2" "-v3" "-ygs" "-q10" "-o2" "-.fftcfgtype=LE"
Elaborating Design...
HDL Generation ...
Synthesis ...
Place and Route ...
Tech mapping ...
ADD: pft.M0040: information: The following 11 pin(s) will be assigned a location by the fitter: \lcd:LCDPort(0)\, \lcd:LCDPort(1)\, \lcd:LCDPort(2)\, \lcd:LCDPort(3)\, \lcd:LCDPort(4)\, \lcd:LCDPort(5)\, \lcd:LCDPort(6)\, Pin_1(0), Pin_2(0), Pin_3(0), Pin_4(0)
Info: mpr.M0037: Unused pieces of the design have been optimized out. See the Tech mapping section of the report file for details. (App=cydsfit)
Analog Placement ...
Log: apr.M0058: The analog placement iterative improvement is 41% done. (App=cydsfit)
Log: apr.M0058: The analog placement iterative improvement is 68% done. (App=cydsfit)
Log: apr.M0058: The analog placement iterative improvement is 100% done. (App=cydsfit)
Analog Routing ...
Analog Code Generation ...
Digital Placement ...
Log: plm.M0038: The pin named \lcd:LCDPort(0)\ at location P0[0] prevents usage of special purposes: OpAmp:out. (App=cydsfit)
Log: plm.M0038: The pin named \lcd:LCDPort(1)\ at location P0[1] prevents usage of special purposes: OpAmp:out. (App=cydsfit)
Log: plm.M0040: The pin named \lcd:LCDPort(2)\ at location P0[2] prevents a direct input connection to an Opamp. (App=cydsfit)
Log: plm.M0040: The pin named \lcd:LCDPort(3)\ at location P0[3] prevents a direct input connection to an Opamp. (App=cydsfit)
Log: plm.M0040: The pin named \lcd:LCDPort(4)\ at location P0[4] prevents a direct input connection to an Opamp. (App=cydsfit)
Log: plm.M0040: The pin named \lcd:LCDPort(5)\ at location P0[5] prevents a direct input connection to an Opamp. (App=cydsfit)
Log: plm.M0039: The pin named \lcd:LCDPort(6)\ at location P0[6] prevents usage of the high current (2mA) feature of an IDAC. (App=cydsfit)
Info: plm.M0037: cds.rpt: 
      Certain internal analog resources use the following pins for preferred routing: P0[0], P0[1], P0[2], P0[3], P0[4], P0[5], P0[6].
      Please check the "Final Placement Details" section of the report file (cds.rpt) to see what resources are impacted by your pin selections.
     (File=C:\Users\arh\Documents\PSoC Creator\Design07\cds.cydsn\cds.rpt(1))
Digital Routing ...
Bitstream Generation ...
Static timing analysis ...
API Generation ...
Dependency Generation ...
Clean Temporary Files ...
arm-none-eabi-gcc.exe -I. -Wno-main -I./Generated_Source/PSoC5 -mcpu=cortex-m3 -mthumb -Wall -g -Wa,-alh=.\CortexM3\ARM_GCC_441\Debug\main.lst -ffunction-sections -c .\main.c -o .\CortexM3\ARM_GCC_441\Debug\main.o
.\main.c: In function 'main':
.\main.c:43: error: 'ADC_DelSig_1_WAIT_FOR_RESULT' undeclared (first use in this function)
.\main.c:56: warning: implicit declaration of function 'ADC_DelSig_1_CountsTo_Volts'
.\main.c:58: error: 'caVcds_decimal_str' undeclared (first use in this function)
.\main.c:59: warning: implicit declaration of function 'UART_1_PutString'
The command 'arm-none-eabi-gcc.exe' failed with exit code '1'.
--------------- Rebuild Failed: 12/09/2012 13:09:55 ---------------
