ARM GAS  C:\Users\arh\AppData\Local\Temp\ccFeOC4H.s 			page 1


   1              		.syntax unified
   2              		.cpu cortex-m3
   3              		.fpu softvfp
   4              		.eabi_attribute 20, 1
   5              		.eabi_attribute 21, 1
   6              		.eabi_attribute 23, 3
   7              		.eabi_attribute 24, 1
   8              		.eabi_attribute 25, 1
   9              		.eabi_attribute 26, 1
  10              		.eabi_attribute 30, 6
  11              		.eabi_attribute 18, 4
  12              		.thumb
  13              		.file	"Cm3Start.c"
  14              		.section	.debug_abbrev,"",%progbits
  15              	.Ldebug_abbrev0:
  16              		.section	.debug_info,"",%progbits
  17              	.Ldebug_info0:
  18              		.section	.debug_line,"",%progbits
  19              	.Ldebug_line0:
  20 0000 C9000000 		.text
  20      02008500 
  20      00000201 
  20      FB0E0D00 
  20      01010101 
  21              	.Ltext0:
  22              		.cfi_sections	.debug_frame
  23              		.global	CyRamVectors
  24              		.section	.ramvectors,"aw",%progbits
  25              		.align	8
  26              		.type	CyRamVectors, %object
  27              		.size	CyRamVectors, 192
  28              	CyRamVectors:
  29 0000 00000000 		.space	192
  29      00000000 
  29      00000000 
  29      00000000 
  29      00000000 
  30 00c0 00000000 		.section	.text.IntDefaultHandler,"ax",%progbits
  30      00000000 
  30      00000000 
  30      00000000 
  30      00000000 
  31              		.align	2
  32              		.global	IntDefaultHandler
  33              		.thumb
  34              		.thumb_func
  35              		.type	IntDefaultHandler, %function
  36              	IntDefaultHandler:
  37              	.LFB0:
  38              		.file 1 ".\\Generated_Source\\PSoC5\\Cm3Start.c"
   1:.\Generated_Source\PSoC5/Cm3Start.c **** /*******************************************************************************
   2:.\Generated_Source\PSoC5/Cm3Start.c **** * File Name: Cm3Start.c
   3:.\Generated_Source\PSoC5/Cm3Start.c **** * Version 3.20
   4:.\Generated_Source\PSoC5/Cm3Start.c **** *
   5:.\Generated_Source\PSoC5/Cm3Start.c **** *  Description:
   6:.\Generated_Source\PSoC5/Cm3Start.c **** *  Startup code for the ARM CM3.
   7:.\Generated_Source\PSoC5/Cm3Start.c **** *
ARM GAS  C:\Users\arh\AppData\Local\Temp\ccFeOC4H.s 			page 2


   8:.\Generated_Source\PSoC5/Cm3Start.c **** ********************************************************************************
   9:.\Generated_Source\PSoC5/Cm3Start.c **** * Copyright 2008-2012, Cypress Semiconductor Corporation. All rights reserved.
  10:.\Generated_Source\PSoC5/Cm3Start.c **** * You may use this file only in accordance with the license, terms, conditions,
  11:.\Generated_Source\PSoC5/Cm3Start.c **** * disclaimers, and limitations in the end user license agreement accompanying
  12:.\Generated_Source\PSoC5/Cm3Start.c **** * the software package with which this file was provided.
  13:.\Generated_Source\PSoC5/Cm3Start.c **** *******************************************************************************/
  14:.\Generated_Source\PSoC5/Cm3Start.c **** 
  15:.\Generated_Source\PSoC5/Cm3Start.c **** #include "cydevice_trm.h"
  16:.\Generated_Source\PSoC5/Cm3Start.c **** #include "cytypes.h"
  17:.\Generated_Source\PSoC5/Cm3Start.c **** #include "cyfitter_cfg.h"
  18:.\Generated_Source\PSoC5/Cm3Start.c **** #include "CyLib.h"
  19:.\Generated_Source\PSoC5/Cm3Start.c **** #include "CyDmac.h"
  20:.\Generated_Source\PSoC5/Cm3Start.c **** #include "cyfitter.h"
  21:.\Generated_Source\PSoC5/Cm3Start.c **** 
  22:.\Generated_Source\PSoC5/Cm3Start.c **** 
  23:.\Generated_Source\PSoC5/Cm3Start.c **** #define NUM_INTERRUPTS              32
  24:.\Generated_Source\PSoC5/Cm3Start.c **** #define NUM_VECTORS                 (CYINT_IRQ_BASE+NUM_INTERRUPTS)
  25:.\Generated_Source\PSoC5/Cm3Start.c **** #define NVIC_APINT                  ((reg32 *) CYREG_NVIC_APPLN_INTR)
  26:.\Generated_Source\PSoC5/Cm3Start.c **** #define NVIC_CFG_CTRL               ((reg32 *) CYREG_NVIC_CFG_CONTROL)
  27:.\Generated_Source\PSoC5/Cm3Start.c **** #define NVIC_APINT_PRIGROUP_3_5     0x00000400  /* Priority group 3.5 split */
  28:.\Generated_Source\PSoC5/Cm3Start.c **** #define NVIC_APINT_VECTKEY          0x05FA0000  /* This key is required in order to write the NVIC_
  29:.\Generated_Source\PSoC5/Cm3Start.c **** #define NVIC_CFG_STACKALIGN         0x00000200  /* This specifies that the exception stack must be 
  30:.\Generated_Source\PSoC5/Cm3Start.c **** 
  31:.\Generated_Source\PSoC5/Cm3Start.c **** /* Extern functions */
  32:.\Generated_Source\PSoC5/Cm3Start.c **** extern void CyBtldr_CheckLaunch(void);
  33:.\Generated_Source\PSoC5/Cm3Start.c **** 
  34:.\Generated_Source\PSoC5/Cm3Start.c **** /* Function prototypes */
  35:.\Generated_Source\PSoC5/Cm3Start.c **** void initialize_psoc(void);
  36:.\Generated_Source\PSoC5/Cm3Start.c **** 
  37:.\Generated_Source\PSoC5/Cm3Start.c **** 
  38:.\Generated_Source\PSoC5/Cm3Start.c **** /*******************************************************************************
  39:.\Generated_Source\PSoC5/Cm3Start.c **** * Default Ram Interrupt Vector table storage area. Must be 256-byte aligned.
  40:.\Generated_Source\PSoC5/Cm3Start.c **** *******************************************************************************/
  41:.\Generated_Source\PSoC5/Cm3Start.c **** __attribute__ ((section(".ramvectors")))
  42:.\Generated_Source\PSoC5/Cm3Start.c **** #if defined(__ARMCC_VERSION)
  43:.\Generated_Source\PSoC5/Cm3Start.c **** __align(256)
  44:.\Generated_Source\PSoC5/Cm3Start.c **** #elif defined (__GNUC__)
  45:.\Generated_Source\PSoC5/Cm3Start.c **** __attribute__ ((aligned(256)))
  46:.\Generated_Source\PSoC5/Cm3Start.c **** #endif
  47:.\Generated_Source\PSoC5/Cm3Start.c **** cyisraddress CyRamVectors[NUM_VECTORS];
  48:.\Generated_Source\PSoC5/Cm3Start.c **** 
  49:.\Generated_Source\PSoC5/Cm3Start.c **** 
  50:.\Generated_Source\PSoC5/Cm3Start.c **** /*******************************************************************************
  51:.\Generated_Source\PSoC5/Cm3Start.c **** * Function Name: IntDefaultHandler
  52:.\Generated_Source\PSoC5/Cm3Start.c **** ********************************************************************************
  53:.\Generated_Source\PSoC5/Cm3Start.c **** * Summary:
  54:.\Generated_Source\PSoC5/Cm3Start.c **** *  This function is called for all interrupts, other than reset, that get
  55:.\Generated_Source\PSoC5/Cm3Start.c **** *  called before the system is setup.
  56:.\Generated_Source\PSoC5/Cm3Start.c **** *
  57:.\Generated_Source\PSoC5/Cm3Start.c **** * Parameters:
  58:.\Generated_Source\PSoC5/Cm3Start.c **** *  None
  59:.\Generated_Source\PSoC5/Cm3Start.c **** *
  60:.\Generated_Source\PSoC5/Cm3Start.c **** * Return:
  61:.\Generated_Source\PSoC5/Cm3Start.c **** *  None
  62:.\Generated_Source\PSoC5/Cm3Start.c **** *
  63:.\Generated_Source\PSoC5/Cm3Start.c **** * Theory:
  64:.\Generated_Source\PSoC5/Cm3Start.c **** *  Any value other than zero is acceptable.
ARM GAS  C:\Users\arh\AppData\Local\Temp\ccFeOC4H.s 			page 3


  65:.\Generated_Source\PSoC5/Cm3Start.c **** *
  66:.\Generated_Source\PSoC5/Cm3Start.c **** *******************************************************************************/
  67:.\Generated_Source\PSoC5/Cm3Start.c **** CY_ISR(IntDefaultHandler)
  68:.\Generated_Source\PSoC5/Cm3Start.c **** {
  39              		.loc 1 68 0
  40              		.cfi_startproc
  41              		@ args = 0, pretend = 0, frame = 0
  42              		@ frame_needed = 1, uses_anonymous_args = 0
  43              		@ link register save eliminated.
  44 0000 80B4     		push	{r7}
  45              	.LCFI0:
  46              		.cfi_def_cfa_offset 4
  47 0002 00AF     		add	r7, sp, #0
  48              		.cfi_offset 7, -4
  49              	.LCFI1:
  50              		.cfi_def_cfa_register 7
  51              	.L2:
  69:.\Generated_Source\PSoC5/Cm3Start.c ****     /***************************************************************************
  70:.\Generated_Source\PSoC5/Cm3Start.c ****     * We should never get here. If we do, a serious problem occured, so go into
  71:.\Generated_Source\PSoC5/Cm3Start.c ****     * an infinite loop.
  72:.\Generated_Source\PSoC5/Cm3Start.c ****     ***************************************************************************/
  73:.\Generated_Source\PSoC5/Cm3Start.c ****     while(1);
  52              		.loc 1 73 0
  53 0004 FEE7     		b	.L2
  54              		.cfi_endproc
  55              	.LFE0:
  56              		.size	IntDefaultHandler, .-IntDefaultHandler
  57 0006 00BF     		.section	.text.Reset,"ax",%progbits
  58              		.align	2
  59              		.global	Reset
  60              		.thumb
  61              		.thumb_func
  62              		.type	Reset, %function
  63              	Reset:
  64              	.LFB1:
  74:.\Generated_Source\PSoC5/Cm3Start.c **** }
  75:.\Generated_Source\PSoC5/Cm3Start.c **** 
  76:.\Generated_Source\PSoC5/Cm3Start.c **** #if defined(__ARMCC_VERSION)
  77:.\Generated_Source\PSoC5/Cm3Start.c **** 
  78:.\Generated_Source\PSoC5/Cm3Start.c **** /* Local function for the device reset. */
  79:.\Generated_Source\PSoC5/Cm3Start.c **** extern void Reset(void);
  80:.\Generated_Source\PSoC5/Cm3Start.c **** 
  81:.\Generated_Source\PSoC5/Cm3Start.c **** /* Application entry point. */
  82:.\Generated_Source\PSoC5/Cm3Start.c **** extern void $Super$$main(void);
  83:.\Generated_Source\PSoC5/Cm3Start.c **** 
  84:.\Generated_Source\PSoC5/Cm3Start.c **** /* Linker-generated Stack Base addresses, Two Region and One Region */
  85:.\Generated_Source\PSoC5/Cm3Start.c **** extern unsigned long Image$$ARM_LIB_STACK$$ZI$$Limit;
  86:.\Generated_Source\PSoC5/Cm3Start.c **** 
  87:.\Generated_Source\PSoC5/Cm3Start.c **** /* RealView C Library initialization. */
  88:.\Generated_Source\PSoC5/Cm3Start.c **** extern int __main(void);
  89:.\Generated_Source\PSoC5/Cm3Start.c **** 
  90:.\Generated_Source\PSoC5/Cm3Start.c **** /*******************************************************************************
  91:.\Generated_Source\PSoC5/Cm3Start.c **** *
  92:.\Generated_Source\PSoC5/Cm3Start.c **** * Default Rom Interrupt Vector table.
  93:.\Generated_Source\PSoC5/Cm3Start.c **** *
  94:.\Generated_Source\PSoC5/Cm3Start.c **** *******************************************************************************/
  95:.\Generated_Source\PSoC5/Cm3Start.c **** #pragma diag_suppress 1296
ARM GAS  C:\Users\arh\AppData\Local\Temp\ccFeOC4H.s 			page 4


  96:.\Generated_Source\PSoC5/Cm3Start.c **** __attribute__ ((section(".romvectors")))
  97:.\Generated_Source\PSoC5/Cm3Start.c **** const cyisraddress RomVectors[NUM_VECTORS] =
  98:.\Generated_Source\PSoC5/Cm3Start.c **** {
  99:.\Generated_Source\PSoC5/Cm3Start.c ****     (cyisraddress)(uint32)&Image$$ARM_LIB_STACK$$ZI$$Limit,             /* The initial stack pointe
 100:.\Generated_Source\PSoC5/Cm3Start.c ****     (cyisraddress)Reset,                                                /* The reset handler       
 101:.\Generated_Source\PSoC5/Cm3Start.c ****     IntDefaultHandler,                                                  /* The NMI handler         
 102:.\Generated_Source\PSoC5/Cm3Start.c ****     IntDefaultHandler,                                                  /* The hard fault handler  
 103:.\Generated_Source\PSoC5/Cm3Start.c ****     IntDefaultHandler,                                                  /* The MPU fault handler   
 104:.\Generated_Source\PSoC5/Cm3Start.c ****     IntDefaultHandler,                                                  /* The bus fault handler   
 105:.\Generated_Source\PSoC5/Cm3Start.c ****     IntDefaultHandler,                                                  /* The usage fault handler 
 106:.\Generated_Source\PSoC5/Cm3Start.c ****     IntDefaultHandler,                                                  /* Reserved                
 107:.\Generated_Source\PSoC5/Cm3Start.c ****     IntDefaultHandler,                                                  /* Reserved                
 108:.\Generated_Source\PSoC5/Cm3Start.c ****     IntDefaultHandler,                                                  /* Reserved                
 109:.\Generated_Source\PSoC5/Cm3Start.c ****     IntDefaultHandler,                                                  /* Reserved                
 110:.\Generated_Source\PSoC5/Cm3Start.c ****     IntDefaultHandler,                                                  /* SVCall handler          
 111:.\Generated_Source\PSoC5/Cm3Start.c ****     IntDefaultHandler,                                                  /* Debug monitor handler   
 112:.\Generated_Source\PSoC5/Cm3Start.c ****     IntDefaultHandler,                                                  /* Reserved                
 113:.\Generated_Source\PSoC5/Cm3Start.c ****     IntDefaultHandler,                                                  /* The PendSV handler      
 114:.\Generated_Source\PSoC5/Cm3Start.c ****     IntDefaultHandler,                                                  /* The SysTick handler     
 115:.\Generated_Source\PSoC5/Cm3Start.c ****     IntDefaultHandler,                                                  /* External Interrupt(0)   
 116:.\Generated_Source\PSoC5/Cm3Start.c ****     IntDefaultHandler,                                                  /* External Interrupt(1)   
 117:.\Generated_Source\PSoC5/Cm3Start.c ****     IntDefaultHandler,                                                  /* External Interrupt(2)   
 118:.\Generated_Source\PSoC5/Cm3Start.c ****     IntDefaultHandler,                                                  /* External Interrupt(3)   
 119:.\Generated_Source\PSoC5/Cm3Start.c ****     IntDefaultHandler,                                                  /* External Interrupt(4)   
 120:.\Generated_Source\PSoC5/Cm3Start.c ****     IntDefaultHandler,                                                  /* External Interrupt(5)   
 121:.\Generated_Source\PSoC5/Cm3Start.c ****     IntDefaultHandler,                                                  /* External Interrupt(6)   
 122:.\Generated_Source\PSoC5/Cm3Start.c ****     IntDefaultHandler,                                                  /* External Interrupt(7)   
 123:.\Generated_Source\PSoC5/Cm3Start.c ****     IntDefaultHandler,                                                  /* External Interrupt(8)   
 124:.\Generated_Source\PSoC5/Cm3Start.c ****     IntDefaultHandler,                                                  /* External Interrupt(9)   
 125:.\Generated_Source\PSoC5/Cm3Start.c ****     IntDefaultHandler,                                                  /* External Interrupt(A)   
 126:.\Generated_Source\PSoC5/Cm3Start.c ****     IntDefaultHandler,                                                  /* External Interrupt(B)   
 127:.\Generated_Source\PSoC5/Cm3Start.c ****     IntDefaultHandler,                                                  /* External Interrupt(C)   
 128:.\Generated_Source\PSoC5/Cm3Start.c ****     IntDefaultHandler,                                                  /* External Interrupt(D)   
 129:.\Generated_Source\PSoC5/Cm3Start.c ****     IntDefaultHandler,                                                  /* External Interrupt(E)   
 130:.\Generated_Source\PSoC5/Cm3Start.c ****     IntDefaultHandler,                                                  /* External Interrupt(F)   
 131:.\Generated_Source\PSoC5/Cm3Start.c ****     IntDefaultHandler,                                                  /* External Interrupt(10)  
 132:.\Generated_Source\PSoC5/Cm3Start.c ****     IntDefaultHandler,                                                  /* External Interrupt(11)  
 133:.\Generated_Source\PSoC5/Cm3Start.c ****     IntDefaultHandler,                                                  /* External Interrupt(12)  
 134:.\Generated_Source\PSoC5/Cm3Start.c ****     IntDefaultHandler,                                                  /* External Interrupt(13)  
 135:.\Generated_Source\PSoC5/Cm3Start.c ****     IntDefaultHandler,                                                  /* External Interrupt(14)  
 136:.\Generated_Source\PSoC5/Cm3Start.c ****     IntDefaultHandler,                                                  /* External Interrupt(15)  
 137:.\Generated_Source\PSoC5/Cm3Start.c ****     IntDefaultHandler,                                                  /* External Interrupt(16)  
 138:.\Generated_Source\PSoC5/Cm3Start.c ****     IntDefaultHandler,                                                  /* External Interrupt(17)  
 139:.\Generated_Source\PSoC5/Cm3Start.c ****     IntDefaultHandler,                                                  /* External Interrupt(18)  
 140:.\Generated_Source\PSoC5/Cm3Start.c ****     IntDefaultHandler,                                                  /* External Interrupt(19)  
 141:.\Generated_Source\PSoC5/Cm3Start.c ****     IntDefaultHandler,                                                  /* External Interrupt(1A)  
 142:.\Generated_Source\PSoC5/Cm3Start.c ****     IntDefaultHandler,                                                  /* External Interrupt(1B)  
 143:.\Generated_Source\PSoC5/Cm3Start.c ****     IntDefaultHandler,                                                  /* External Interrupt(1C)  
 144:.\Generated_Source\PSoC5/Cm3Start.c ****     IntDefaultHandler,                                                  /* External Interrupt(1D)  
 145:.\Generated_Source\PSoC5/Cm3Start.c ****     IntDefaultHandler,                                                  /* External Interrupt(1E)  
 146:.\Generated_Source\PSoC5/Cm3Start.c ****     IntDefaultHandler                                                   /* External Interrupt(1F)  
 147:.\Generated_Source\PSoC5/Cm3Start.c **** };
 148:.\Generated_Source\PSoC5/Cm3Start.c **** 
 149:.\Generated_Source\PSoC5/Cm3Start.c **** 
 150:.\Generated_Source\PSoC5/Cm3Start.c **** /*******************************************************************************
 151:.\Generated_Source\PSoC5/Cm3Start.c **** * Function Name: Reset
 152:.\Generated_Source\PSoC5/Cm3Start.c **** ********************************************************************************
ARM GAS  C:\Users\arh\AppData\Local\Temp\ccFeOC4H.s 			page 5


 153:.\Generated_Source\PSoC5/Cm3Start.c **** * Summary:
 154:.\Generated_Source\PSoC5/Cm3Start.c **** *  This function handles the reset interrupt for the RVDS/MDK toolchains.
 155:.\Generated_Source\PSoC5/Cm3Start.c **** *  This is the first bit of code that is executed at startup.
 156:.\Generated_Source\PSoC5/Cm3Start.c **** *
 157:.\Generated_Source\PSoC5/Cm3Start.c **** * Parameters:
 158:.\Generated_Source\PSoC5/Cm3Start.c **** *  None
 159:.\Generated_Source\PSoC5/Cm3Start.c **** *
 160:.\Generated_Source\PSoC5/Cm3Start.c **** * Return:
 161:.\Generated_Source\PSoC5/Cm3Start.c **** *  None
 162:.\Generated_Source\PSoC5/Cm3Start.c **** *
 163:.\Generated_Source\PSoC5/Cm3Start.c **** *******************************************************************************/
 164:.\Generated_Source\PSoC5/Cm3Start.c **** __asm void Reset(void)
 165:.\Generated_Source\PSoC5/Cm3Start.c **** {
 166:.\Generated_Source\PSoC5/Cm3Start.c ****     PRESERVE8
 167:.\Generated_Source\PSoC5/Cm3Start.c ****     EXTERN __main
 168:.\Generated_Source\PSoC5/Cm3Start.c ****     EXTERN CyResetStatus
 169:.\Generated_Source\PSoC5/Cm3Start.c **** 
 170:.\Generated_Source\PSoC5/Cm3Start.c ****     #if(CYDEV_BOOTLOADER_ENABLE)
 171:.\Generated_Source\PSoC5/Cm3Start.c ****         EXTERN CyBtldr_CheckLaunch
 172:.\Generated_Source\PSoC5/Cm3Start.c ****     #endif  /* (CYDEV_BOOTLOADER_ENABLE) */
 173:.\Generated_Source\PSoC5/Cm3Start.c **** 
 174:.\Generated_Source\PSoC5/Cm3Start.c **** 
 175:.\Generated_Source\PSoC5/Cm3Start.c ****     #if(CYDEV_PROJ_TYPE != CYDEV_PROJ_TYPE_LOADABLE)
 176:.\Generated_Source\PSoC5/Cm3Start.c ****         #if(CYDEV_DEBUGGING_ENABLE)
 177:.\Generated_Source\PSoC5/Cm3Start.c ****     ldr  r3, =0x400046e8 /* CYDEV_DEBUG_ENABLE_REGISTER */
 178:.\Generated_Source\PSoC5/Cm3Start.c ****             ldrb r4, [r3, #0]
 179:.\Generated_Source\PSoC5/Cm3Start.c ****             orr  r4, r4, #01
 180:.\Generated_Source\PSoC5/Cm3Start.c ****             strb r4, [r3, #0]
 181:.\Generated_Source\PSoC5/Cm3Start.c **** debugEnabled
 182:.\Generated_Source\PSoC5/Cm3Start.c ****         #endif    /* (CYDEV_DEBUGGING_ENABLE) */
 183:.\Generated_Source\PSoC5/Cm3Start.c **** 
 184:.\Generated_Source\PSoC5/Cm3Start.c ****     ldr  r3, =0x400046f8 /* CYREG_RESET_SR0 */
 185:.\Generated_Source\PSoC5/Cm3Start.c ****         ldrb r2, [r3, #0]
 186:.\Generated_Source\PSoC5/Cm3Start.c **** 
 187:.\Generated_Source\PSoC5/Cm3Start.c ****     #endif  /* (CYDEV_PROJ_TYPE != CYDEV_PROJ_TYPE_LOADABLE) */
 188:.\Generated_Source\PSoC5/Cm3Start.c **** 
 189:.\Generated_Source\PSoC5/Cm3Start.c ****     ldr  r3, =0x400076BC /* CYREG_PHUB_CFGMEM23_CFG1 */
 190:.\Generated_Source\PSoC5/Cm3Start.c ****     strb r2, [r3, #0]
 191:.\Generated_Source\PSoC5/Cm3Start.c **** 
 192:.\Generated_Source\PSoC5/Cm3Start.c ****     #if(CYDEV_BOOTLOADER_ENABLE)
 193:.\Generated_Source\PSoC5/Cm3Start.c ****         bl CyBtldr_CheckLaunch
 194:.\Generated_Source\PSoC5/Cm3Start.c ****     #endif /* (CYDEV_BOOTLOADER_ENABLE) */
 195:.\Generated_Source\PSoC5/Cm3Start.c **** 
 196:.\Generated_Source\PSoC5/Cm3Start.c ****     /* Let RealView setup the libraries. */
 197:.\Generated_Source\PSoC5/Cm3Start.c ****     bl __main
 198:.\Generated_Source\PSoC5/Cm3Start.c **** 
 199:.\Generated_Source\PSoC5/Cm3Start.c ****     ALIGN
 200:.\Generated_Source\PSoC5/Cm3Start.c **** }
 201:.\Generated_Source\PSoC5/Cm3Start.c **** 
 202:.\Generated_Source\PSoC5/Cm3Start.c **** 
 203:.\Generated_Source\PSoC5/Cm3Start.c **** /*******************************************************************************
 204:.\Generated_Source\PSoC5/Cm3Start.c **** * Function Name: $Sub$$main
 205:.\Generated_Source\PSoC5/Cm3Start.c **** ********************************************************************************
 206:.\Generated_Source\PSoC5/Cm3Start.c **** * Summary:
 207:.\Generated_Source\PSoC5/Cm3Start.c **** *  This function is called imediatly before the users main
 208:.\Generated_Source\PSoC5/Cm3Start.c **** *
 209:.\Generated_Source\PSoC5/Cm3Start.c **** * Parameters:
ARM GAS  C:\Users\arh\AppData\Local\Temp\ccFeOC4H.s 			page 6


 210:.\Generated_Source\PSoC5/Cm3Start.c **** *  None
 211:.\Generated_Source\PSoC5/Cm3Start.c **** *
 212:.\Generated_Source\PSoC5/Cm3Start.c **** * Return:
 213:.\Generated_Source\PSoC5/Cm3Start.c **** *  None
 214:.\Generated_Source\PSoC5/Cm3Start.c **** *
 215:.\Generated_Source\PSoC5/Cm3Start.c **** *******************************************************************************/
 216:.\Generated_Source\PSoC5/Cm3Start.c **** void $Sub$$main(void)
 217:.\Generated_Source\PSoC5/Cm3Start.c **** {
 218:.\Generated_Source\PSoC5/Cm3Start.c ****     initialize_psoc();
 219:.\Generated_Source\PSoC5/Cm3Start.c **** 
 220:.\Generated_Source\PSoC5/Cm3Start.c ****     /* Call original main */
 221:.\Generated_Source\PSoC5/Cm3Start.c ****     $Super$$main();
 222:.\Generated_Source\PSoC5/Cm3Start.c **** 
 223:.\Generated_Source\PSoC5/Cm3Start.c ****     /* If main returns it is undefined what we should do. */
 224:.\Generated_Source\PSoC5/Cm3Start.c ****     while (1);
 225:.\Generated_Source\PSoC5/Cm3Start.c **** }
 226:.\Generated_Source\PSoC5/Cm3Start.c **** 
 227:.\Generated_Source\PSoC5/Cm3Start.c **** #elif defined(__GNUC__)
 228:.\Generated_Source\PSoC5/Cm3Start.c **** 
 229:.\Generated_Source\PSoC5/Cm3Start.c **** extern unsigned long __cs3_interrupt_vector;
 230:.\Generated_Source\PSoC5/Cm3Start.c **** extern void __cs3_start_c(void);
 231:.\Generated_Source\PSoC5/Cm3Start.c **** 
 232:.\Generated_Source\PSoC5/Cm3Start.c **** #define RomVectors (cyisraddress)(&__cs3_interrupt_vector)
 233:.\Generated_Source\PSoC5/Cm3Start.c **** 
 234:.\Generated_Source\PSoC5/Cm3Start.c **** 
 235:.\Generated_Source\PSoC5/Cm3Start.c **** /*******************************************************************************
 236:.\Generated_Source\PSoC5/Cm3Start.c **** * Function Name: Reset
 237:.\Generated_Source\PSoC5/Cm3Start.c **** ********************************************************************************
 238:.\Generated_Source\PSoC5/Cm3Start.c **** * Summary:
 239:.\Generated_Source\PSoC5/Cm3Start.c **** *  This function handles the reset interrupt for the GCC toolchain.  This is the
 240:.\Generated_Source\PSoC5/Cm3Start.c **** *  first bit of code that is executed at startup.
 241:.\Generated_Source\PSoC5/Cm3Start.c **** *
 242:.\Generated_Source\PSoC5/Cm3Start.c **** * Parameters:
 243:.\Generated_Source\PSoC5/Cm3Start.c **** *  None
 244:.\Generated_Source\PSoC5/Cm3Start.c **** *
 245:.\Generated_Source\PSoC5/Cm3Start.c **** * Return:
 246:.\Generated_Source\PSoC5/Cm3Start.c **** *  None
 247:.\Generated_Source\PSoC5/Cm3Start.c **** *
 248:.\Generated_Source\PSoC5/Cm3Start.c **** *******************************************************************************/
 249:.\Generated_Source\PSoC5/Cm3Start.c **** __attribute__ ((naked))
 250:.\Generated_Source\PSoC5/Cm3Start.c **** void Reset(void)
 251:.\Generated_Source\PSoC5/Cm3Start.c **** {
  65              		.loc 1 251 0
  66              		.cfi_startproc
  67              		@ Naked Function: prologue and epilogue provided by programmer.
  68              		@ args = 0, pretend = 0, frame = 0
  69              		@ frame_needed = 1, uses_anonymous_args = 0
 252:.\Generated_Source\PSoC5/Cm3Start.c ****     __asm volatile(
  70              		.loc 1 252 0
  71              	@ 252 ".\Generated_Source\PSoC5\Cm3Start.c" 1
  72 0000 054B     		    ldr  r3, =#1073759976
  73 0002 1C78     	    ldrb r4, [r3, #0]
  74 0004 44F00104 	    orr  r4, r4, #01
  75 0008 1C70     	    strb r4, [r3, #0]
  76              	debugEnabled:
  77 000a 044B     	    ldr  r3, =#1073759992
  78 000c 1A78     	    ldrb r2, [r3, #0]
ARM GAS  C:\Users\arh\AppData\Local\Temp\ccFeOC4H.s 			page 7


  79 000e D2B2     	    uxtb r2, r2
  80 0010 034B     	    ldr  r3, =#1073772220
  81 0012 1A70     	    strb r2, [r3, #0]
  82 0014 FFF7FEFF 	    bl __cs3_start_c
  83              	
  84              	@ 0 "" 2
 253:.\Generated_Source\PSoC5/Cm3Start.c **** #if(CYDEV_PROJ_TYPE != CYDEV_PROJ_TYPE_LOADABLE)
 254:.\Generated_Source\PSoC5/Cm3Start.c **** 
 255:.\Generated_Source\PSoC5/Cm3Start.c ****   #if(CYDEV_DEBUGGING_ENABLE)
 256:.\Generated_Source\PSoC5/Cm3Start.c ****     "    ldr  r3, =%0\n"
 257:.\Generated_Source\PSoC5/Cm3Start.c ****     "    ldrb r4, [r3, #0]\n"
 258:.\Generated_Source\PSoC5/Cm3Start.c ****     "    orr  r4, r4, #01\n"
 259:.\Generated_Source\PSoC5/Cm3Start.c ****     "    strb r4, [r3, #0]\n"
 260:.\Generated_Source\PSoC5/Cm3Start.c ****     "debugEnabled:\n"
 261:.\Generated_Source\PSoC5/Cm3Start.c ****   #endif    /* (CYDEV_DEBUGGING_ENABLE) */
 262:.\Generated_Source\PSoC5/Cm3Start.c **** 
 263:.\Generated_Source\PSoC5/Cm3Start.c ****     "    ldr  r3, =%1\n"
 264:.\Generated_Source\PSoC5/Cm3Start.c ****     "    ldrb r2, [r3, #0]\n"
 265:.\Generated_Source\PSoC5/Cm3Start.c ****     "    uxtb r2, r2\n"
 266:.\Generated_Source\PSoC5/Cm3Start.c **** #endif  /* (CYDEV_PROJ_TYPE != CYDEV_PROJ_TYPE_LOADABLE) */
 267:.\Generated_Source\PSoC5/Cm3Start.c **** 
 268:.\Generated_Source\PSoC5/Cm3Start.c ****     "    ldr  r3, =%2\n"
 269:.\Generated_Source\PSoC5/Cm3Start.c ****     "    strb r2, [r3, #0]\n"
 270:.\Generated_Source\PSoC5/Cm3Start.c **** 
 271:.\Generated_Source\PSoC5/Cm3Start.c **** #if(CYDEV_BOOTLOADER_ENABLE)
 272:.\Generated_Source\PSoC5/Cm3Start.c ****     "    bl CyBtldr_CheckLaunch\n"
 273:.\Generated_Source\PSoC5/Cm3Start.c **** #endif /* (CYDEV_BOOTLOADER_ENABLE) */
 274:.\Generated_Source\PSoC5/Cm3Start.c **** 
 275:.\Generated_Source\PSoC5/Cm3Start.c ****     /*  Switch to C initialization phase */
 276:.\Generated_Source\PSoC5/Cm3Start.c ****     "    bl __cs3_start_c\n" : : "i" (CYDEV_DEBUG_ENABLE_REGISTER), "i" (CYREG_RESET_SR0), "i" (CYR
 277:.\Generated_Source\PSoC5/Cm3Start.c **** }
  85              		.loc 1 277 0
  86              		.thumb
  87              		.cfi_endproc
  88              	.LFE1:
  89              		.size	Reset, .-Reset
  90              		.section	.text.initialize_psoc,"ax",%progbits
  91              		.align	2
  92              		.global	initialize_psoc
  93              		.thumb
  94              		.thumb_func
  95              		.type	initialize_psoc, %function
  96              	initialize_psoc:
  97              	.LFB2:
 278:.\Generated_Source\PSoC5/Cm3Start.c **** 
 279:.\Generated_Source\PSoC5/Cm3Start.c **** #endif /* __GNUC__ */
 280:.\Generated_Source\PSoC5/Cm3Start.c **** 
 281:.\Generated_Source\PSoC5/Cm3Start.c **** /*******************************************************************************
 282:.\Generated_Source\PSoC5/Cm3Start.c **** * Function Name: initialize_psoc
 283:.\Generated_Source\PSoC5/Cm3Start.c **** ********************************************************************************
 284:.\Generated_Source\PSoC5/Cm3Start.c **** * Summary:
 285:.\Generated_Source\PSoC5/Cm3Start.c **** *  This function used to initialize the PSoC chip before calling main.
 286:.\Generated_Source\PSoC5/Cm3Start.c **** *
 287:.\Generated_Source\PSoC5/Cm3Start.c **** * Parameters:
 288:.\Generated_Source\PSoC5/Cm3Start.c **** *  None
 289:.\Generated_Source\PSoC5/Cm3Start.c **** *
 290:.\Generated_Source\PSoC5/Cm3Start.c **** * Return:
ARM GAS  C:\Users\arh\AppData\Local\Temp\ccFeOC4H.s 			page 8


 291:.\Generated_Source\PSoC5/Cm3Start.c **** *  None
 292:.\Generated_Source\PSoC5/Cm3Start.c **** *
 293:.\Generated_Source\PSoC5/Cm3Start.c **** *******************************************************************************/
 294:.\Generated_Source\PSoC5/Cm3Start.c **** #if (defined(__GNUC__) && !defined(__ARMCC_VERSION))
 295:.\Generated_Source\PSoC5/Cm3Start.c **** __attribute__ ((constructor(101)))
 296:.\Generated_Source\PSoC5/Cm3Start.c **** #endif
 297:.\Generated_Source\PSoC5/Cm3Start.c **** 
 298:.\Generated_Source\PSoC5/Cm3Start.c **** void initialize_psoc(void)
 299:.\Generated_Source\PSoC5/Cm3Start.c **** {
  98              		.loc 1 299 0
  99              		.cfi_startproc
 100              		@ args = 0, pretend = 0, frame = 8
 101              		@ frame_needed = 1, uses_anonymous_args = 0
 102 0000 80B5     		push	{r7, lr}
 103              	.LCFI2:
 104              		.cfi_def_cfa_offset 8
 105 0002 82B0     		sub	sp, sp, #8
 106              	.LCFI3:
 107              		.cfi_def_cfa_offset 16
 108 0004 00AF     		add	r7, sp, #0
 109              		.cfi_offset 14, -4
 110              		.cfi_offset 7, -8
 111              	.LCFI4:
 112              		.cfi_def_cfa_register 7
 300:.\Generated_Source\PSoC5/Cm3Start.c ****     unsigned long index;
 301:.\Generated_Source\PSoC5/Cm3Start.c **** 
 302:.\Generated_Source\PSoC5/Cm3Start.c ****     /* Set Priority group 5. */
 303:.\Generated_Source\PSoC5/Cm3Start.c **** 
 304:.\Generated_Source\PSoC5/Cm3Start.c ****     /* Writes to NVIC_APINT register require the VECTKEY in the upper half */
 305:.\Generated_Source\PSoC5/Cm3Start.c ****     *NVIC_APINT = NVIC_APINT_VECTKEY | NVIC_APINT_PRIGROUP_3_5;
 113              		.loc 1 305 0
 114 0006 4EF60C53 		movw	r3, #:lower16:-536810228
 115 000a CEF20003 		movt	r3, #:upper16:-536810228
 116 000e 40F20042 		movw	r2, #:lower16:100271104
 117 0012 C0F2FA52 		movt	r2, #:upper16:100271104
 118 0016 1A60     		str	r2, [r3, #0]
 306:.\Generated_Source\PSoC5/Cm3Start.c ****     *NVIC_CFG_CTRL |= NVIC_CFG_STACKALIGN;
 119              		.loc 1 306 0
 120 0018 4EF61453 		movw	r3, #:lower16:-536810220
 121 001c CEF20003 		movt	r3, #:upper16:-536810220
 122 0020 4EF61452 		movw	r2, #:lower16:-536810220
 123 0024 CEF20002 		movt	r2, #:upper16:-536810220
 124 0028 1268     		ldr	r2, [r2, #0]
 125 002a 42F40072 		orr	r2, r2, #512
 126 002e 1A60     		str	r2, [r3, #0]
 307:.\Generated_Source\PSoC5/Cm3Start.c **** 
 308:.\Generated_Source\PSoC5/Cm3Start.c ****     /* Set Ram interrupt vectors to default functions. */
 309:.\Generated_Source\PSoC5/Cm3Start.c ****     for(index = 0; index < NUM_VECTORS; index++)
 127              		.loc 1 309 0
 128 0030 4FF00003 		mov	r3, #0
 129 0034 7B60     		str	r3, [r7, #4]
 130 0036 14E0     		b	.L7
 131              	.L8:
 310:.\Generated_Source\PSoC5/Cm3Start.c ****     {
 311:.\Generated_Source\PSoC5/Cm3Start.c ****         CyRamVectors[index] = RomVectors[index];
 132              		.loc 1 311 0
 133 0038 7A68     		ldr	r2, [r7, #4]
ARM GAS  C:\Users\arh\AppData\Local\Temp\ccFeOC4H.s 			page 9


 134 003a 7B68     		ldr	r3, [r7, #4]
 135 003c 4FEA8301 		lsl	r1, r3, #2
 136 0040 40F20003 		movw	r3, #:lower16:__cs3_interrupt_vector
 137 0044 C0F20003 		movt	r3, #:upper16:__cs3_interrupt_vector
 138 0048 0B44     		add	r3, r1, r3
 139 004a 1B68     		ldr	r3, [r3, #0]
 140 004c 1946     		mov	r1, r3
 141 004e 40F20003 		movw	r3, #:lower16:CyRamVectors
 142 0052 C0F20003 		movt	r3, #:upper16:CyRamVectors
 143 0056 43F82210 		str	r1, [r3, r2, lsl #2]
 144              		.loc 1 309 0
 145 005a 7B68     		ldr	r3, [r7, #4]
 146 005c 03F10103 		add	r3, r3, #1
 147 0060 7B60     		str	r3, [r7, #4]
 148              	.L7:
 149 0062 7B68     		ldr	r3, [r7, #4]
 150 0064 2F2B     		cmp	r3, #47
 151 0066 E7D9     		bls	.L8
 312:.\Generated_Source\PSoC5/Cm3Start.c ****     }
 313:.\Generated_Source\PSoC5/Cm3Start.c **** 
 314:.\Generated_Source\PSoC5/Cm3Start.c ****     /* Was stored in CFGMEM to avoid being cleared while SRAM gets cleared */
 315:.\Generated_Source\PSoC5/Cm3Start.c ****     CyResetStatus = CY_GET_REG8(CYREG_PHUB_CFGMEM23_CFG1);
 152              		.loc 1 315 0
 153 0068 47F2BC63 		movw	r3, #:lower16:1073772220
 154 006c C4F20003 		movt	r3, #:upper16:1073772220
 155 0070 1B78     		ldrb	r3, [r3, #0]
 156 0072 DAB2     		uxtb	r2, r3
 157 0074 40F20003 		movw	r3, #:lower16:CyResetStatus
 158 0078 C0F20003 		movt	r3, #:upper16:CyResetStatus
 159 007c 1A70     		strb	r2, [r3, #0]
 316:.\Generated_Source\PSoC5/Cm3Start.c **** 
 317:.\Generated_Source\PSoC5/Cm3Start.c ****     /* Point NVIC at the RAM vector table. */
 318:.\Generated_Source\PSoC5/Cm3Start.c ****     *CYINT_VECT_TABLE = CyRamVectors;
 160              		.loc 1 318 0
 161 007e 4EF60853 		movw	r3, #:lower16:-536810232
 162 0082 CEF20003 		movt	r3, #:upper16:-536810232
 163 0086 40F20002 		movw	r2, #:lower16:CyRamVectors
 164 008a C0F20002 		movt	r2, #:upper16:CyRamVectors
 165 008e 1A60     		str	r2, [r3, #0]
 319:.\Generated_Source\PSoC5/Cm3Start.c **** 
 320:.\Generated_Source\PSoC5/Cm3Start.c ****     /* Initialize the configuration registers. */
 321:.\Generated_Source\PSoC5/Cm3Start.c ****     cyfitter_cfg();
 166              		.loc 1 321 0
 167 0090 FFF7FEFF 		bl	cyfitter_cfg
 322:.\Generated_Source\PSoC5/Cm3Start.c **** 
 323:.\Generated_Source\PSoC5/Cm3Start.c ****     #if(0u != DMA_CHANNELS_USED__MASK0)
 324:.\Generated_Source\PSoC5/Cm3Start.c **** 
 325:.\Generated_Source\PSoC5/Cm3Start.c ****         /* Setup DMA - only necessary if the design contains a DMA component. */
 326:.\Generated_Source\PSoC5/Cm3Start.c ****         CyDmacConfigure();
 327:.\Generated_Source\PSoC5/Cm3Start.c **** 
 328:.\Generated_Source\PSoC5/Cm3Start.c ****     #endif  /* (0u != DMA_CHANNELS_USED__MASK0) */
 329:.\Generated_Source\PSoC5/Cm3Start.c **** }
 168              		.loc 1 329 0
 169 0094 07F10807 		add	r7, r7, #8
 170 0098 BD46     		mov	sp, r7
 171 009a 80BD     		pop	{r7, pc}
 172              		.cfi_endproc
ARM GAS  C:\Users\arh\AppData\Local\Temp\ccFeOC4H.s 			page 10


 173              	.LFE2:
 174              		.size	initialize_psoc, .-initialize_psoc
 175              		.section	.init_array,"aw",%init_array
 176              		.align	2
 177 0000 00000000 		.word	initialize_psoc(target1)
 178              		.text
 179              	.Letext0:
 180              		.section	.debug_loc,"",%progbits
 181              	.Ldebug_loc0:
 182              	.LLST0:
 183 0000 00000000 		.4byte	.LFB0
 184 0004 02000000 		.4byte	.LCFI0
 185 0008 0100     		.2byte	0x1
 186 000a 5D       		.byte	0x5d
 187 000b 02000000 		.4byte	.LCFI0
 188 000f 04000000 		.4byte	.LCFI1
 189 0013 0200     		.2byte	0x2
 190 0015 7D       		.byte	0x7d
 191 0016 04       		.sleb128 4
 192 0017 04000000 		.4byte	.LCFI1
 193 001b 06000000 		.4byte	.LFE0
 194 001f 0200     		.2byte	0x2
 195 0021 77       		.byte	0x77
 196 0022 04       		.sleb128 4
 197 0023 00000000 		.4byte	0x0
 198 0027 00000000 		.4byte	0x0
 199              	.LLST2:
 200 002b 00000000 		.4byte	.LFB2
 201 002f 02000000 		.4byte	.LCFI2
 202 0033 0100     		.2byte	0x1
 203 0035 5D       		.byte	0x5d
 204 0036 02000000 		.4byte	.LCFI2
 205 003a 04000000 		.4byte	.LCFI3
 206 003e 0200     		.2byte	0x2
 207 0040 7D       		.byte	0x7d
 208 0041 08       		.sleb128 8
 209 0042 04000000 		.4byte	.LCFI3
 210 0046 06000000 		.4byte	.LCFI4
 211 004a 0200     		.2byte	0x2
 212 004c 7D       		.byte	0x7d
 213 004d 10       		.sleb128 16
 214 004e 06000000 		.4byte	.LCFI4
 215 0052 9C000000 		.4byte	.LFE2
 216 0056 0200     		.2byte	0x2
 217 0058 77       		.byte	0x77
 218 0059 10       		.sleb128 16
 219 005a 00000000 		.4byte	0x0
 220 005e 00000000 		.4byte	0x0
 221              		.file 2 "./Generated_Source/PSoC5/cytypes.h"
 222              		.file 3 ".\\Generated_Source\\PSoC5\\/CyLib.h"
 223              		.section	.debug_info
 224 0000 23010000 		.4byte	0x123
 225 0004 0200     		.2byte	0x2
 226 0006 00000000 		.4byte	.Ldebug_abbrev0
 227 000a 04       		.byte	0x4
 228 000b 01       		.uleb128 0x1
 229 000c 81000000 		.4byte	.LASF17
ARM GAS  C:\Users\arh\AppData\Local\Temp\ccFeOC4H.s 			page 11


 230 0010 01       		.byte	0x1
 231 0011 3F010000 		.4byte	.LASF18
 232 0015 D6000000 		.4byte	.LASF19
 233 0019 00000000 		.4byte	0x0
 234 001d 00000000 		.4byte	0x0
 235 0021 00000000 		.4byte	.Ldebug_ranges0+0x0
 236 0025 00000000 		.4byte	.Ldebug_line0
 237 0029 02       		.uleb128 0x2
 238 002a 01       		.byte	0x1
 239 002b 06       		.byte	0x6
 240 002c 20010000 		.4byte	.LASF0
 241 0030 02       		.uleb128 0x2
 242 0031 01       		.byte	0x1
 243 0032 08       		.byte	0x8
 244 0033 8D000000 		.4byte	.LASF1
 245 0037 02       		.uleb128 0x2
 246 0038 02       		.byte	0x2
 247 0039 05       		.byte	0x5
 248 003a B6000000 		.4byte	.LASF2
 249 003e 02       		.uleb128 0x2
 250 003f 02       		.byte	0x2
 251 0040 07       		.byte	0x7
 252 0041 0D010000 		.4byte	.LASF3
 253 0045 02       		.uleb128 0x2
 254 0046 04       		.byte	0x4
 255 0047 05       		.byte	0x5
 256 0048 A0000000 		.4byte	.LASF4
 257 004c 02       		.uleb128 0x2
 258 004d 04       		.byte	0x4
 259 004e 07       		.byte	0x7
 260 004f 58000000 		.4byte	.LASF5
 261 0053 02       		.uleb128 0x2
 262 0054 08       		.byte	0x8
 263 0055 05       		.byte	0x5
 264 0056 00000000 		.4byte	.LASF6
 265 005a 02       		.uleb128 0x2
 266 005b 08       		.byte	0x8
 267 005c 07       		.byte	0x7
 268 005d 6A000000 		.4byte	.LASF7
 269 0061 03       		.uleb128 0x3
 270 0062 04       		.byte	0x4
 271 0063 05       		.byte	0x5
 272 0064 696E7400 		.ascii	"int\000"
 273 0068 02       		.uleb128 0x2
 274 0069 04       		.byte	0x4
 275 006a 07       		.byte	0x7
 276 006b 0E000000 		.4byte	.LASF8
 277 006f 02       		.uleb128 0x2
 278 0070 01       		.byte	0x1
 279 0071 08       		.byte	0x8
 280 0072 9B000000 		.4byte	.LASF9
 281 0076 04       		.uleb128 0x4
 282 0077 52000000 		.4byte	.LASF10
 283 007b 02       		.byte	0x2
 284 007c 60       		.byte	0x60
 285 007d 30000000 		.4byte	0x30
 286 0081 05       		.uleb128 0x5
ARM GAS  C:\Users\arh\AppData\Local\Temp\ccFeOC4H.s 			page 12


 287 0082 A9000000 		.4byte	.LASF11
 288 0086 02       		.byte	0x2
 289 0087 2B01     		.2byte	0x12b
 290 0089 8D000000 		.4byte	0x8d
 291 008d 06       		.uleb128 0x6
 292 008e 04       		.byte	0x4
 293 008f 93000000 		.4byte	0x93
 294 0093 07       		.uleb128 0x7
 295 0094 01       		.byte	0x1
 296 0095 08       		.uleb128 0x8
 297 0096 04       		.byte	0x4
 298 0097 07       		.byte	0x7
 299 0098 09       		.uleb128 0x9
 300 0099 01       		.byte	0x1
 301 009a 1B000000 		.4byte	.LASF12
 302 009e 01       		.byte	0x1
 303 009f 43       		.byte	0x43
 304 00a0 01       		.byte	0x1
 305 00a1 00000000 		.4byte	.LFB0
 306 00a5 06000000 		.4byte	.LFE0
 307 00a9 00000000 		.4byte	.LLST0
 308 00ad 0A       		.uleb128 0xa
 309 00ae 01       		.byte	0x1
 310 00af 39010000 		.4byte	.LASF13
 311 00b3 01       		.byte	0x1
 312 00b4 FA       		.byte	0xfa
 313 00b5 01       		.byte	0x1
 314 00b6 00000000 		.4byte	.LFB1
 315 00ba 18000000 		.4byte	.LFE1
 316 00be 01       		.byte	0x1
 317 00bf 5D       		.byte	0x5d
 318 00c0 0B       		.uleb128 0xb
 319 00c1 01       		.byte	0x1
 320 00c2 C6000000 		.4byte	.LASF20
 321 00c6 01       		.byte	0x1
 322 00c7 2A01     		.2byte	0x12a
 323 00c9 01       		.byte	0x1
 324 00ca 00000000 		.4byte	.LFB2
 325 00ce 9C000000 		.4byte	.LFE2
 326 00d2 2B000000 		.4byte	.LLST2
 327 00d6 EA000000 		.4byte	0xea
 328 00da 0C       		.uleb128 0xc
 329 00db C0000000 		.4byte	.LASF21
 330 00df 01       		.byte	0x1
 331 00e0 2C01     		.2byte	0x12c
 332 00e2 4C000000 		.4byte	0x4c
 333 00e6 02       		.byte	0x2
 334 00e7 91       		.byte	0x91
 335 00e8 74       		.sleb128 -12
 336 00e9 00       		.byte	0x0
 337 00ea 0D       		.uleb128 0xd
 338 00eb 44000000 		.4byte	.LASF14
 339 00ef 03       		.byte	0x3
 340 00f0 26       		.byte	0x26
 341 00f1 76000000 		.4byte	0x76
 342 00f5 01       		.byte	0x1
 343 00f6 01       		.byte	0x1
ARM GAS  C:\Users\arh\AppData\Local\Temp\ccFeOC4H.s 			page 13


 344 00f7 0E       		.uleb128 0xe
 345 00f8 81000000 		.4byte	0x81
 346 00fc 07010000 		.4byte	0x107
 347 0100 0F       		.uleb128 0xf
 348 0101 95000000 		.4byte	0x95
 349 0105 2F       		.byte	0x2f
 350 0106 00       		.byte	0x0
 351 0107 10       		.uleb128 0x10
 352 0108 2C010000 		.4byte	.LASF15
 353 010c 01       		.byte	0x1
 354 010d 2F       		.byte	0x2f
 355 010e F7000000 		.4byte	0xf7
 356 0112 01       		.byte	0x1
 357 0113 05       		.byte	0x5
 358 0114 03       		.byte	0x3
 359 0115 00000000 		.4byte	CyRamVectors
 360 0119 0D       		.uleb128 0xd
 361 011a 2D000000 		.4byte	.LASF16
 362 011e 01       		.byte	0x1
 363 011f E5       		.byte	0xe5
 364 0120 4C000000 		.4byte	0x4c
 365 0124 01       		.byte	0x1
 366 0125 01       		.byte	0x1
 367 0126 00       		.byte	0x0
 368              		.section	.debug_abbrev
 369 0000 01       		.uleb128 0x1
 370 0001 11       		.uleb128 0x11
 371 0002 01       		.byte	0x1
 372 0003 25       		.uleb128 0x25
 373 0004 0E       		.uleb128 0xe
 374 0005 13       		.uleb128 0x13
 375 0006 0B       		.uleb128 0xb
 376 0007 03       		.uleb128 0x3
 377 0008 0E       		.uleb128 0xe
 378 0009 1B       		.uleb128 0x1b
 379 000a 0E       		.uleb128 0xe
 380 000b 11       		.uleb128 0x11
 381 000c 01       		.uleb128 0x1
 382 000d 52       		.uleb128 0x52
 383 000e 01       		.uleb128 0x1
 384 000f 55       		.uleb128 0x55
 385 0010 06       		.uleb128 0x6
 386 0011 10       		.uleb128 0x10
 387 0012 06       		.uleb128 0x6
 388 0013 00       		.byte	0x0
 389 0014 00       		.byte	0x0
 390 0015 02       		.uleb128 0x2
 391 0016 24       		.uleb128 0x24
 392 0017 00       		.byte	0x0
 393 0018 0B       		.uleb128 0xb
 394 0019 0B       		.uleb128 0xb
 395 001a 3E       		.uleb128 0x3e
 396 001b 0B       		.uleb128 0xb
 397 001c 03       		.uleb128 0x3
 398 001d 0E       		.uleb128 0xe
 399 001e 00       		.byte	0x0
 400 001f 00       		.byte	0x0
ARM GAS  C:\Users\arh\AppData\Local\Temp\ccFeOC4H.s 			page 14


 401 0020 03       		.uleb128 0x3
 402 0021 24       		.uleb128 0x24
 403 0022 00       		.byte	0x0
 404 0023 0B       		.uleb128 0xb
 405 0024 0B       		.uleb128 0xb
 406 0025 3E       		.uleb128 0x3e
 407 0026 0B       		.uleb128 0xb
 408 0027 03       		.uleb128 0x3
 409 0028 08       		.uleb128 0x8
 410 0029 00       		.byte	0x0
 411 002a 00       		.byte	0x0
 412 002b 04       		.uleb128 0x4
 413 002c 16       		.uleb128 0x16
 414 002d 00       		.byte	0x0
 415 002e 03       		.uleb128 0x3
 416 002f 0E       		.uleb128 0xe
 417 0030 3A       		.uleb128 0x3a
 418 0031 0B       		.uleb128 0xb
 419 0032 3B       		.uleb128 0x3b
 420 0033 0B       		.uleb128 0xb
 421 0034 49       		.uleb128 0x49
 422 0035 13       		.uleb128 0x13
 423 0036 00       		.byte	0x0
 424 0037 00       		.byte	0x0
 425 0038 05       		.uleb128 0x5
 426 0039 16       		.uleb128 0x16
 427 003a 00       		.byte	0x0
 428 003b 03       		.uleb128 0x3
 429 003c 0E       		.uleb128 0xe
 430 003d 3A       		.uleb128 0x3a
 431 003e 0B       		.uleb128 0xb
 432 003f 3B       		.uleb128 0x3b
 433 0040 05       		.uleb128 0x5
 434 0041 49       		.uleb128 0x49
 435 0042 13       		.uleb128 0x13
 436 0043 00       		.byte	0x0
 437 0044 00       		.byte	0x0
 438 0045 06       		.uleb128 0x6
 439 0046 0F       		.uleb128 0xf
 440 0047 00       		.byte	0x0
 441 0048 0B       		.uleb128 0xb
 442 0049 0B       		.uleb128 0xb
 443 004a 49       		.uleb128 0x49
 444 004b 13       		.uleb128 0x13
 445 004c 00       		.byte	0x0
 446 004d 00       		.byte	0x0
 447 004e 07       		.uleb128 0x7
 448 004f 15       		.uleb128 0x15
 449 0050 00       		.byte	0x0
 450 0051 27       		.uleb128 0x27
 451 0052 0C       		.uleb128 0xc
 452 0053 00       		.byte	0x0
 453 0054 00       		.byte	0x0
 454 0055 08       		.uleb128 0x8
 455 0056 24       		.uleb128 0x24
 456 0057 00       		.byte	0x0
 457 0058 0B       		.uleb128 0xb
ARM GAS  C:\Users\arh\AppData\Local\Temp\ccFeOC4H.s 			page 15


 458 0059 0B       		.uleb128 0xb
 459 005a 3E       		.uleb128 0x3e
 460 005b 0B       		.uleb128 0xb
 461 005c 00       		.byte	0x0
 462 005d 00       		.byte	0x0
 463 005e 09       		.uleb128 0x9
 464 005f 2E       		.uleb128 0x2e
 465 0060 00       		.byte	0x0
 466 0061 3F       		.uleb128 0x3f
 467 0062 0C       		.uleb128 0xc
 468 0063 03       		.uleb128 0x3
 469 0064 0E       		.uleb128 0xe
 470 0065 3A       		.uleb128 0x3a
 471 0066 0B       		.uleb128 0xb
 472 0067 3B       		.uleb128 0x3b
 473 0068 0B       		.uleb128 0xb
 474 0069 27       		.uleb128 0x27
 475 006a 0C       		.uleb128 0xc
 476 006b 11       		.uleb128 0x11
 477 006c 01       		.uleb128 0x1
 478 006d 12       		.uleb128 0x12
 479 006e 01       		.uleb128 0x1
 480 006f 40       		.uleb128 0x40
 481 0070 06       		.uleb128 0x6
 482 0071 00       		.byte	0x0
 483 0072 00       		.byte	0x0
 484 0073 0A       		.uleb128 0xa
 485 0074 2E       		.uleb128 0x2e
 486 0075 00       		.byte	0x0
 487 0076 3F       		.uleb128 0x3f
 488 0077 0C       		.uleb128 0xc
 489 0078 03       		.uleb128 0x3
 490 0079 0E       		.uleb128 0xe
 491 007a 3A       		.uleb128 0x3a
 492 007b 0B       		.uleb128 0xb
 493 007c 3B       		.uleb128 0x3b
 494 007d 0B       		.uleb128 0xb
 495 007e 27       		.uleb128 0x27
 496 007f 0C       		.uleb128 0xc
 497 0080 11       		.uleb128 0x11
 498 0081 01       		.uleb128 0x1
 499 0082 12       		.uleb128 0x12
 500 0083 01       		.uleb128 0x1
 501 0084 40       		.uleb128 0x40
 502 0085 0A       		.uleb128 0xa
 503 0086 00       		.byte	0x0
 504 0087 00       		.byte	0x0
 505 0088 0B       		.uleb128 0xb
 506 0089 2E       		.uleb128 0x2e
 507 008a 01       		.byte	0x1
 508 008b 3F       		.uleb128 0x3f
 509 008c 0C       		.uleb128 0xc
 510 008d 03       		.uleb128 0x3
 511 008e 0E       		.uleb128 0xe
 512 008f 3A       		.uleb128 0x3a
 513 0090 0B       		.uleb128 0xb
 514 0091 3B       		.uleb128 0x3b
ARM GAS  C:\Users\arh\AppData\Local\Temp\ccFeOC4H.s 			page 16


 515 0092 05       		.uleb128 0x5
 516 0093 27       		.uleb128 0x27
 517 0094 0C       		.uleb128 0xc
 518 0095 11       		.uleb128 0x11
 519 0096 01       		.uleb128 0x1
 520 0097 12       		.uleb128 0x12
 521 0098 01       		.uleb128 0x1
 522 0099 40       		.uleb128 0x40
 523 009a 06       		.uleb128 0x6
 524 009b 01       		.uleb128 0x1
 525 009c 13       		.uleb128 0x13
 526 009d 00       		.byte	0x0
 527 009e 00       		.byte	0x0
 528 009f 0C       		.uleb128 0xc
 529 00a0 34       		.uleb128 0x34
 530 00a1 00       		.byte	0x0
 531 00a2 03       		.uleb128 0x3
 532 00a3 0E       		.uleb128 0xe
 533 00a4 3A       		.uleb128 0x3a
 534 00a5 0B       		.uleb128 0xb
 535 00a6 3B       		.uleb128 0x3b
 536 00a7 05       		.uleb128 0x5
 537 00a8 49       		.uleb128 0x49
 538 00a9 13       		.uleb128 0x13
 539 00aa 02       		.uleb128 0x2
 540 00ab 0A       		.uleb128 0xa
 541 00ac 00       		.byte	0x0
 542 00ad 00       		.byte	0x0
 543 00ae 0D       		.uleb128 0xd
 544 00af 34       		.uleb128 0x34
 545 00b0 00       		.byte	0x0
 546 00b1 03       		.uleb128 0x3
 547 00b2 0E       		.uleb128 0xe
 548 00b3 3A       		.uleb128 0x3a
 549 00b4 0B       		.uleb128 0xb
 550 00b5 3B       		.uleb128 0x3b
 551 00b6 0B       		.uleb128 0xb
 552 00b7 49       		.uleb128 0x49
 553 00b8 13       		.uleb128 0x13
 554 00b9 3F       		.uleb128 0x3f
 555 00ba 0C       		.uleb128 0xc
 556 00bb 3C       		.uleb128 0x3c
 557 00bc 0C       		.uleb128 0xc
 558 00bd 00       		.byte	0x0
 559 00be 00       		.byte	0x0
 560 00bf 0E       		.uleb128 0xe
 561 00c0 01       		.uleb128 0x1
 562 00c1 01       		.byte	0x1
 563 00c2 49       		.uleb128 0x49
 564 00c3 13       		.uleb128 0x13
 565 00c4 01       		.uleb128 0x1
 566 00c5 13       		.uleb128 0x13
 567 00c6 00       		.byte	0x0
 568 00c7 00       		.byte	0x0
 569 00c8 0F       		.uleb128 0xf
 570 00c9 21       		.uleb128 0x21
 571 00ca 00       		.byte	0x0
ARM GAS  C:\Users\arh\AppData\Local\Temp\ccFeOC4H.s 			page 17


 572 00cb 49       		.uleb128 0x49
 573 00cc 13       		.uleb128 0x13
 574 00cd 2F       		.uleb128 0x2f
 575 00ce 0B       		.uleb128 0xb
 576 00cf 00       		.byte	0x0
 577 00d0 00       		.byte	0x0
 578 00d1 10       		.uleb128 0x10
 579 00d2 34       		.uleb128 0x34
 580 00d3 00       		.byte	0x0
 581 00d4 03       		.uleb128 0x3
 582 00d5 0E       		.uleb128 0xe
 583 00d6 3A       		.uleb128 0x3a
 584 00d7 0B       		.uleb128 0xb
 585 00d8 3B       		.uleb128 0x3b
 586 00d9 0B       		.uleb128 0xb
 587 00da 49       		.uleb128 0x49
 588 00db 13       		.uleb128 0x13
 589 00dc 3F       		.uleb128 0x3f
 590 00dd 0C       		.uleb128 0xc
 591 00de 02       		.uleb128 0x2
 592 00df 0A       		.uleb128 0xa
 593 00e0 00       		.byte	0x0
 594 00e1 00       		.byte	0x0
 595 00e2 00       		.byte	0x0
 596              		.section	.debug_pubnames,"",%progbits
 597 0000 53000000 		.4byte	0x53
 598 0004 0200     		.2byte	0x2
 599 0006 00000000 		.4byte	.Ldebug_info0
 600 000a 27010000 		.4byte	0x127
 601 000e 98000000 		.4byte	0x98
 602 0012 496E7444 		.ascii	"IntDefaultHandler\000"
 602      65666175 
 602      6C744861 
 602      6E646C65 
 602      7200
 603 0024 AD000000 		.4byte	0xad
 604 0028 52657365 		.ascii	"Reset\000"
 604      7400
 605 002e C0000000 		.4byte	0xc0
 606 0032 696E6974 		.ascii	"initialize_psoc\000"
 606      69616C69 
 606      7A655F70 
 606      736F6300 
 607 0042 07010000 		.4byte	0x107
 608 0046 43795261 		.ascii	"CyRamVectors\000"
 608      6D566563 
 608      746F7273 
 608      00
 609 0053 00000000 		.4byte	0x0
 610              		.section	.debug_aranges,"",%progbits
 611 0000 2C000000 		.4byte	0x2c
 612 0004 0200     		.2byte	0x2
 613 0006 00000000 		.4byte	.Ldebug_info0
 614 000a 04       		.byte	0x4
 615 000b 00       		.byte	0x0
 616 000c 0000     		.2byte	0x0
 617 000e 0000     		.2byte	0x0
ARM GAS  C:\Users\arh\AppData\Local\Temp\ccFeOC4H.s 			page 18


 618 0010 00000000 		.4byte	.LFB0
 619 0014 06000000 		.4byte	.LFE0-.LFB0
 620 0018 00000000 		.4byte	.LFB1
 621 001c 18000000 		.4byte	.LFE1-.LFB1
 622 0020 00000000 		.4byte	.LFB2
 623 0024 9C000000 		.4byte	.LFE2-.LFB2
 624 0028 00000000 		.4byte	0x0
 625 002c 00000000 		.4byte	0x0
 626              		.section	.debug_ranges,"",%progbits
 627              	.Ldebug_ranges0:
 628 0000 00000000 		.4byte	.Ltext0
 629 0004 00000000 		.4byte	.Letext0
 630 0008 00000000 		.4byte	.LFB0
 631 000c 06000000 		.4byte	.LFE0
 632 0010 00000000 		.4byte	.LFB1
 633 0014 18000000 		.4byte	.LFE1
 634 0018 00000000 		.4byte	.LFB2
 635 001c 9C000000 		.4byte	.LFE2
 636 0020 00000000 		.4byte	0x0
 637 0024 00000000 		.4byte	0x0
 638              		.section	.debug_str,"MS",%progbits,1
 639              	.LASF6:
 640 0000 6C6F6E67 		.ascii	"long long int\000"
 640      206C6F6E 
 640      6720696E 
 640      7400
 641              	.LASF8:
 642 000e 756E7369 		.ascii	"unsigned int\000"
 642      676E6564 
 642      20696E74 
 642      00
 643              	.LASF12:
 644 001b 496E7444 		.ascii	"IntDefaultHandler\000"
 644      65666175 
 644      6C744861 
 644      6E646C65 
 644      7200
 645              	.LASF16:
 646 002d 5F5F6373 		.ascii	"__cs3_interrupt_vector\000"
 646      335F696E 
 646      74657272 
 646      7570745F 
 646      76656374 
 647              	.LASF14:
 648 0044 43795265 		.ascii	"CyResetStatus\000"
 648      73657453 
 648      74617475 
 648      7300
 649              	.LASF10:
 650 0052 75696E74 		.ascii	"uint8\000"
 650      3800
 651              	.LASF5:
 652 0058 6C6F6E67 		.ascii	"long unsigned int\000"
 652      20756E73 
 652      69676E65 
 652      6420696E 
 652      7400
ARM GAS  C:\Users\arh\AppData\Local\Temp\ccFeOC4H.s 			page 19


 653              	.LASF7:
 654 006a 6C6F6E67 		.ascii	"long long unsigned int\000"
 654      206C6F6E 
 654      6720756E 
 654      7369676E 
 654      65642069 
 655              	.LASF17:
 656 0081 474E5520 		.ascii	"GNU C 4.4.1\000"
 656      4320342E 
 656      342E3100 
 657              	.LASF1:
 658 008d 756E7369 		.ascii	"unsigned char\000"
 658      676E6564 
 658      20636861 
 658      7200
 659              	.LASF9:
 660 009b 63686172 		.ascii	"char\000"
 660      00
 661              	.LASF4:
 662 00a0 6C6F6E67 		.ascii	"long int\000"
 662      20696E74 
 662      00
 663              	.LASF11:
 664 00a9 63796973 		.ascii	"cyisraddress\000"
 664      72616464 
 664      72657373 
 664      00
 665              	.LASF2:
 666 00b6 73686F72 		.ascii	"short int\000"
 666      7420696E 
 666      7400
 667              	.LASF21:
 668 00c0 696E6465 		.ascii	"index\000"
 668      7800
 669              	.LASF20:
 670 00c6 696E6974 		.ascii	"initialize_psoc\000"
 670      69616C69 
 670      7A655F70 
 670      736F6300 
 671              	.LASF19:
 672 00d6 433A5C55 		.ascii	"C:\\Users\\arh\\Documents\\PSoC Creator\\Design07\\"
 672      73657273 
 672      5C617268 
 672      5C446F63 
 672      756D656E 
 673 0103 6364732E 		.ascii	"cds.cydsn\000"
 673      63796473 
 673      6E00
 674              	.LASF3:
 675 010d 73686F72 		.ascii	"short unsigned int\000"
 675      7420756E 
 675      7369676E 
 675      65642069 
 675      6E7400
 676              	.LASF0:
 677 0120 7369676E 		.ascii	"signed char\000"
 677      65642063 
ARM GAS  C:\Users\arh\AppData\Local\Temp\ccFeOC4H.s 			page 20


 677      68617200 
 678              	.LASF15:
 679 012c 43795261 		.ascii	"CyRamVectors\000"
 679      6D566563 
 679      746F7273 
 679      00
 680              	.LASF13:
 681 0139 52657365 		.ascii	"Reset\000"
 681      7400
 682              	.LASF18:
 683 013f 2E5C4765 		.ascii	".\\Generated_Source\\PSoC5\\Cm3Start.c\000"
 683      6E657261 
 683      7465645F 
 683      536F7572 
 683      63655C50 
 684              		.ident	"GCC: (Sourcery G++ Lite 2010q1-188) 4.4.1"
