ARM GAS  C:\Users\arh\AppData\Local\Temp\cctsYi1c.s 			page 1


   1              		.syntax unified
   2              		.cpu cortex-m3
   3              		.fpu softvfp
   4              		.eabi_attribute 20, 1
   5              		.eabi_attribute 21, 1
   6              		.eabi_attribute 23, 3
   7              		.eabi_attribute 24, 1
   8              		.eabi_attribute 25, 1
   9              		.eabi_attribute 26, 1
  10              		.eabi_attribute 30, 6
  11              		.eabi_attribute 18, 4
  12              		.thumb
  13              		.file	"i2c_PM.c"
  14              		.section	.debug_abbrev,"",%progbits
  15              	.Ldebug_abbrev0:
  16              		.section	.debug_info,"",%progbits
  17              	.Ldebug_info0:
  18              		.section	.debug_line,"",%progbits
  19              	.Ldebug_line0:
  20 0000 C3000000 		.text
  20      02006800 
  20      00000201 
  20      FB0E0D00 
  20      01010101 
  21              	.Ltext0:
  22              		.cfi_sections	.debug_frame
  23              		.global	i2c_backup
  24              		.data
  25              		.align	2
  26              		.type	i2c_backup, %object
  27              		.size	i2c_backup, 5
  28              	i2c_backup:
  29 0000 00       		.byte	0
  30 0001 01       		.byte	1
  31 0002 08       		.byte	8
  32 0003 04       		.byte	4
  33 0004 04       		.byte	4
  34 0005 000000   		.section	.text.i2c_SaveConfig,"ax",%progbits
  35              		.align	2
  36              		.global	i2c_SaveConfig
  37              		.thumb
  38              		.thumb_func
  39              		.type	i2c_SaveConfig, %function
  40              	i2c_SaveConfig:
  41              	.LFB0:
  42              		.file 1 ".\\Generated_Source\\PSoC5\\i2c_PM.c"
   1:.\Generated_Source\PSoC5/i2c_PM.c **** /*******************************************************************************
   2:.\Generated_Source\PSoC5/i2c_PM.c **** * File Name: i2c_PM.c
   3:.\Generated_Source\PSoC5/i2c_PM.c **** * Version 1.70
   4:.\Generated_Source\PSoC5/i2c_PM.c **** *
   5:.\Generated_Source\PSoC5/i2c_PM.c **** * Description:
   6:.\Generated_Source\PSoC5/i2c_PM.c **** *  This file contains the API for the proper switching to/from the low power
   7:.\Generated_Source\PSoC5/i2c_PM.c **** *  modes.
   8:.\Generated_Source\PSoC5/i2c_PM.c **** *
   9:.\Generated_Source\PSoC5/i2c_PM.c **** ********************************************************************************
  10:.\Generated_Source\PSoC5/i2c_PM.c **** * Copyright 2008-2012, Cypress Semiconductor Corporation.  All rights reserved.
  11:.\Generated_Source\PSoC5/i2c_PM.c **** * You may use this file only in accordance with the license, terms, conditions,
ARM GAS  C:\Users\arh\AppData\Local\Temp\cctsYi1c.s 			page 2


  12:.\Generated_Source\PSoC5/i2c_PM.c **** * disclaimers, and limitations in the end user license agreement accompanying
  13:.\Generated_Source\PSoC5/i2c_PM.c **** * the software package with which this file was provided.
  14:.\Generated_Source\PSoC5/i2c_PM.c **** *******************************************************************************/
  15:.\Generated_Source\PSoC5/i2c_PM.c **** 
  16:.\Generated_Source\PSoC5/i2c_PM.c **** #include "i2c.h"
  17:.\Generated_Source\PSoC5/i2c_PM.c **** 
  18:.\Generated_Source\PSoC5/i2c_PM.c **** /*  Function Prototypes */
  19:.\Generated_Source\PSoC5/i2c_PM.c **** void    i2c_Enable(void);
  20:.\Generated_Source\PSoC5/i2c_PM.c **** 
  21:.\Generated_Source\PSoC5/i2c_PM.c **** #if(CY_PSOC5A)
  22:.\Generated_Source\PSoC5/i2c_PM.c ****     
  23:.\Generated_Source\PSoC5/i2c_PM.c ****     i2c_BACKUP_STRUCT  i2c_backup =
  24:.\Generated_Source\PSoC5/i2c_PM.c ****     {
  25:.\Generated_Source\PSoC5/i2c_PM.c ****         /* Enable state - disabled */
  26:.\Generated_Source\PSoC5/i2c_PM.c ****         i2c_DISABLED,
  27:.\Generated_Source\PSoC5/i2c_PM.c **** 
  28:.\Generated_Source\PSoC5/i2c_PM.c ****         /* xcfg: enabled hardware addr detection */
  29:.\Generated_Source\PSoC5/i2c_PM.c ****         i2c_XCFG_HDWR_ADDR_EN,
  30:.\Generated_Source\PSoC5/i2c_PM.c **** 
  31:.\Generated_Source\PSoC5/i2c_PM.c ****         /* addr: default address (0x04) */
  32:.\Generated_Source\PSoC5/i2c_PM.c ****         i2c_DEFAULT_ADDR1,
  33:.\Generated_Source\PSoC5/i2c_PM.c **** 
  34:.\Generated_Source\PSoC5/i2c_PM.c ****         /* cfg: fast mode clock rate */
  35:.\Generated_Source\PSoC5/i2c_PM.c ****         i2c_CFG_CLK_RATE_400,
  36:.\Generated_Source\PSoC5/i2c_PM.c **** 
  37:.\Generated_Source\PSoC5/i2c_PM.c ****         /* clkDiv: set CLK divider to 16 */
  38:.\Generated_Source\PSoC5/i2c_PM.c ****         i2c_CLK_DIV_16
  39:.\Generated_Source\PSoC5/i2c_PM.c ****     };
  40:.\Generated_Source\PSoC5/i2c_PM.c **** 
  41:.\Generated_Source\PSoC5/i2c_PM.c **** #else
  42:.\Generated_Source\PSoC5/i2c_PM.c **** 
  43:.\Generated_Source\PSoC5/i2c_PM.c ****     i2c_BACKUP_STRUCT  i2c_backup =
  44:.\Generated_Source\PSoC5/i2c_PM.c ****     {
  45:.\Generated_Source\PSoC5/i2c_PM.c ****         /* enable state - disabled */
  46:.\Generated_Source\PSoC5/i2c_PM.c ****         i2c_DISABLED,
  47:.\Generated_Source\PSoC5/i2c_PM.c **** 
  48:.\Generated_Source\PSoC5/i2c_PM.c ****         /* xcfg: wakeup disabled, enabled hardware addr detection */
  49:.\Generated_Source\PSoC5/i2c_PM.c ****         i2c_XCFG_HDWR_ADDR_EN,
  50:.\Generated_Source\PSoC5/i2c_PM.c **** 
  51:.\Generated_Source\PSoC5/i2c_PM.c ****         /* addr: default address (0x04) */
  52:.\Generated_Source\PSoC5/i2c_PM.c ****         i2c_DEFAULT_ADDR1,
  53:.\Generated_Source\PSoC5/i2c_PM.c **** 
  54:.\Generated_Source\PSoC5/i2c_PM.c ****         /* cfg: default bus speed - 100kHz, so write 0 (16 samples/bit) */
  55:.\Generated_Source\PSoC5/i2c_PM.c ****         0x00u,
  56:.\Generated_Source\PSoC5/i2c_PM.c **** 
  57:.\Generated_Source\PSoC5/i2c_PM.c ****         /* clkDiv1 */
  58:.\Generated_Source\PSoC5/i2c_PM.c ****         LO8(BCLK__BUS_CLK__KHZ / i2c_BUS_SPEED),
  59:.\Generated_Source\PSoC5/i2c_PM.c **** 
  60:.\Generated_Source\PSoC5/i2c_PM.c ****         /* clkDiv2 */
  61:.\Generated_Source\PSoC5/i2c_PM.c ****         HI8(BCLK__BUS_CLK__KHZ / i2c_BUS_SPEED)
  62:.\Generated_Source\PSoC5/i2c_PM.c ****     };        
  63:.\Generated_Source\PSoC5/i2c_PM.c **** 
  64:.\Generated_Source\PSoC5/i2c_PM.c **** #endif /* (CY_PSOC5A) */
  65:.\Generated_Source\PSoC5/i2c_PM.c **** 
  66:.\Generated_Source\PSoC5/i2c_PM.c **** 
  67:.\Generated_Source\PSoC5/i2c_PM.c **** /*******************************************************************************
  68:.\Generated_Source\PSoC5/i2c_PM.c **** * Function Name: i2c_SaveConfig
ARM GAS  C:\Users\arh\AppData\Local\Temp\cctsYi1c.s 			page 3


  69:.\Generated_Source\PSoC5/i2c_PM.c **** ********************************************************************************
  70:.\Generated_Source\PSoC5/i2c_PM.c **** *
  71:.\Generated_Source\PSoC5/i2c_PM.c **** * Summary:
  72:.\Generated_Source\PSoC5/i2c_PM.c **** *  Saves the current user configuration of the EZI2C component.
  73:.\Generated_Source\PSoC5/i2c_PM.c **** *
  74:.\Generated_Source\PSoC5/i2c_PM.c **** * Parameters:
  75:.\Generated_Source\PSoC5/i2c_PM.c **** *  None
  76:.\Generated_Source\PSoC5/i2c_PM.c **** *
  77:.\Generated_Source\PSoC5/i2c_PM.c **** * Return:
  78:.\Generated_Source\PSoC5/i2c_PM.c **** *  None
  79:.\Generated_Source\PSoC5/i2c_PM.c **** *
  80:.\Generated_Source\PSoC5/i2c_PM.c **** * Global variables:
  81:.\Generated_Source\PSoC5/i2c_PM.c **** *  i2c_backup - the non retention registers are saved to.
  82:.\Generated_Source\PSoC5/i2c_PM.c **** *
  83:.\Generated_Source\PSoC5/i2c_PM.c **** * Reentrant:
  84:.\Generated_Source\PSoC5/i2c_PM.c **** *  No
  85:.\Generated_Source\PSoC5/i2c_PM.c **** *
  86:.\Generated_Source\PSoC5/i2c_PM.c **** *******************************************************************************/
  87:.\Generated_Source\PSoC5/i2c_PM.c **** void i2c_SaveConfig(void) 
  88:.\Generated_Source\PSoC5/i2c_PM.c **** {
  43              		.loc 1 88 0
  44              		.cfi_startproc
  45              		@ args = 0, pretend = 0, frame = 0
  46              		@ frame_needed = 1, uses_anonymous_args = 0
  47              		@ link register save eliminated.
  48 0000 80B4     		push	{r7}
  49              	.LCFI0:
  50              		.cfi_def_cfa_offset 4
  51 0002 00AF     		add	r7, sp, #0
  52              		.cfi_offset 7, -4
  53              	.LCFI1:
  54              		.cfi_def_cfa_register 7
  89:.\Generated_Source\PSoC5/i2c_PM.c ****     i2c_backup.xcfg = i2c_XCFG_REG;
  55              		.loc 1 89 0
  56 0004 44F6C813 		movw	r3, #:lower16:1073760712
  57 0008 C4F20003 		movt	r3, #:upper16:1073760712
  58 000c 1B78     		ldrb	r3, [r3, #0]
  59 000e DAB2     		uxtb	r2, r3
  60 0010 40F20003 		movw	r3, #:lower16:i2c_backup
  61 0014 C0F20003 		movt	r3, #:upper16:i2c_backup
  62 0018 5A70     		strb	r2, [r3, #1]
  90:.\Generated_Source\PSoC5/i2c_PM.c ****     i2c_backup.adr  = i2c_ADDR_REG;
  63              		.loc 1 90 0
  64 001a 44F6CA13 		movw	r3, #:lower16:1073760714
  65 001e C4F20003 		movt	r3, #:upper16:1073760714
  66 0022 1B78     		ldrb	r3, [r3, #0]
  67 0024 DAB2     		uxtb	r2, r3
  68 0026 40F20003 		movw	r3, #:lower16:i2c_backup
  69 002a C0F20003 		movt	r3, #:upper16:i2c_backup
  70 002e 9A70     		strb	r2, [r3, #2]
  91:.\Generated_Source\PSoC5/i2c_PM.c ****     i2c_backup.cfg  = i2c_CFG_REG;
  71              		.loc 1 91 0
  72 0030 44F6D613 		movw	r3, #:lower16:1073760726
  73 0034 C4F20003 		movt	r3, #:upper16:1073760726
  74 0038 1B78     		ldrb	r3, [r3, #0]
  75 003a DAB2     		uxtb	r2, r3
  76 003c 40F20003 		movw	r3, #:lower16:i2c_backup
ARM GAS  C:\Users\arh\AppData\Local\Temp\cctsYi1c.s 			page 4


  77 0040 C0F20003 		movt	r3, #:upper16:i2c_backup
  78 0044 DA70     		strb	r2, [r3, #3]
  92:.\Generated_Source\PSoC5/i2c_PM.c **** 
  93:.\Generated_Source\PSoC5/i2c_PM.c ****     #if(CY_PSOC5A)
  94:.\Generated_Source\PSoC5/i2c_PM.c ****         i2c_backup.clkDiv  = i2c_CLKDIV_REG;
  79              		.loc 1 94 0
  80 0046 44F6DB13 		movw	r3, #:lower16:1073760731
  81 004a C4F20003 		movt	r3, #:upper16:1073760731
  82 004e 1B78     		ldrb	r3, [r3, #0]
  83 0050 DAB2     		uxtb	r2, r3
  84 0052 40F20003 		movw	r3, #:lower16:i2c_backup
  85 0056 C0F20003 		movt	r3, #:upper16:i2c_backup
  86 005a 1A71     		strb	r2, [r3, #4]
  95:.\Generated_Source\PSoC5/i2c_PM.c ****     #else
  96:.\Generated_Source\PSoC5/i2c_PM.c ****         i2c_backup.clkDiv1  = i2c_CLKDIV1_REG;
  97:.\Generated_Source\PSoC5/i2c_PM.c ****         i2c_backup.clkDiv2  = i2c_CLKDIV2_REG;
  98:.\Generated_Source\PSoC5/i2c_PM.c ****     #endif  /* (CY_PSOC5A) */
  99:.\Generated_Source\PSoC5/i2c_PM.c **** }
  87              		.loc 1 99 0
  88 005c BD46     		mov	sp, r7
  89 005e 80BC     		pop	{r7}
  90 0060 7047     		bx	lr
  91              		.cfi_endproc
  92              	.LFE0:
  93              		.size	i2c_SaveConfig, .-i2c_SaveConfig
  94 0062 00BF     		.section	.text.i2c_RestoreConfig,"ax",%progbits
  95              		.align	2
  96              		.global	i2c_RestoreConfig
  97              		.thumb
  98              		.thumb_func
  99              		.type	i2c_RestoreConfig, %function
 100              	i2c_RestoreConfig:
 101              	.LFB1:
 100:.\Generated_Source\PSoC5/i2c_PM.c **** 
 101:.\Generated_Source\PSoC5/i2c_PM.c **** 
 102:.\Generated_Source\PSoC5/i2c_PM.c **** /*******************************************************************************
 103:.\Generated_Source\PSoC5/i2c_PM.c **** * Function Name: i2c_RestoreConfig
 104:.\Generated_Source\PSoC5/i2c_PM.c **** ********************************************************************************
 105:.\Generated_Source\PSoC5/i2c_PM.c **** *
 106:.\Generated_Source\PSoC5/i2c_PM.c **** * Summary:
 107:.\Generated_Source\PSoC5/i2c_PM.c **** *  Restores the previously saved by i2c_SaveConfig() or 
 108:.\Generated_Source\PSoC5/i2c_PM.c **** *  i2c_Sleep() configuration of the EZI2C component.
 109:.\Generated_Source\PSoC5/i2c_PM.c **** *
 110:.\Generated_Source\PSoC5/i2c_PM.c **** * Parameters:
 111:.\Generated_Source\PSoC5/i2c_PM.c **** *  None
 112:.\Generated_Source\PSoC5/i2c_PM.c **** *
 113:.\Generated_Source\PSoC5/i2c_PM.c **** * Return:
 114:.\Generated_Source\PSoC5/i2c_PM.c **** *  None
 115:.\Generated_Source\PSoC5/i2c_PM.c **** *
 116:.\Generated_Source\PSoC5/i2c_PM.c **** * Global variables:
 117:.\Generated_Source\PSoC5/i2c_PM.c **** *  i2c_backup - the non retention registers are restored from.
 118:.\Generated_Source\PSoC5/i2c_PM.c **** *
 119:.\Generated_Source\PSoC5/i2c_PM.c **** * Reentrant:
 120:.\Generated_Source\PSoC5/i2c_PM.c **** *  No
 121:.\Generated_Source\PSoC5/i2c_PM.c **** *
 122:.\Generated_Source\PSoC5/i2c_PM.c **** * Side Effects:
 123:.\Generated_Source\PSoC5/i2c_PM.c **** *  Calling this function before i2c_SaveConfig() or
ARM GAS  C:\Users\arh\AppData\Local\Temp\cctsYi1c.s 			page 5


 124:.\Generated_Source\PSoC5/i2c_PM.c **** *  i2c_Sleep() will lead to unpredictable results.
 125:.\Generated_Source\PSoC5/i2c_PM.c **** *
 126:.\Generated_Source\PSoC5/i2c_PM.c **** *******************************************************************************/
 127:.\Generated_Source\PSoC5/i2c_PM.c **** void i2c_RestoreConfig(void) 
 128:.\Generated_Source\PSoC5/i2c_PM.c **** {
 102              		.loc 1 128 0
 103              		.cfi_startproc
 104              		@ args = 0, pretend = 0, frame = 0
 105              		@ frame_needed = 1, uses_anonymous_args = 0
 106              		@ link register save eliminated.
 107 0000 80B4     		push	{r7}
 108              	.LCFI2:
 109              		.cfi_def_cfa_offset 4
 110 0002 00AF     		add	r7, sp, #0
 111              		.cfi_offset 7, -4
 112              	.LCFI3:
 113              		.cfi_def_cfa_register 7
 129:.\Generated_Source\PSoC5/i2c_PM.c ****     /* There are master's configuration bits here */
 130:.\Generated_Source\PSoC5/i2c_PM.c ****     i2c_CFG_REG |= (i2c_backup.cfg & i2c_I2C_MASTER_MASK);    
 114              		.loc 1 130 0
 115 0004 44F6D613 		movw	r3, #:lower16:1073760726
 116 0008 C4F20003 		movt	r3, #:upper16:1073760726
 117 000c 44F6D612 		movw	r2, #:lower16:1073760726
 118 0010 C4F20002 		movt	r2, #:upper16:1073760726
 119 0014 1278     		ldrb	r2, [r2, #0]
 120 0016 D1B2     		uxtb	r1, r2
 121 0018 40F20002 		movw	r2, #:lower16:i2c_backup
 122 001c C0F20002 		movt	r2, #:upper16:i2c_backup
 123 0020 D278     		ldrb	r2, [r2, #3]	@ zero_extendqisi2
 124 0022 02F0DD02 		and	r2, r2, #221
 125 0026 41EA0202 		orr	r2, r1, r2
 126 002a D2B2     		uxtb	r2, r2
 127 002c 1A70     		strb	r2, [r3, #0]
 131:.\Generated_Source\PSoC5/i2c_PM.c ****     
 132:.\Generated_Source\PSoC5/i2c_PM.c ****     i2c_XCFG_REG = i2c_backup.xcfg;
 128              		.loc 1 132 0
 129 002e 44F6C813 		movw	r3, #:lower16:1073760712
 130 0032 C4F20003 		movt	r3, #:upper16:1073760712
 131 0036 40F20002 		movw	r2, #:lower16:i2c_backup
 132 003a C0F20002 		movt	r2, #:upper16:i2c_backup
 133 003e 5278     		ldrb	r2, [r2, #1]	@ zero_extendqisi2
 134 0040 1A70     		strb	r2, [r3, #0]
 133:.\Generated_Source\PSoC5/i2c_PM.c ****     i2c_ADDR_REG = i2c_backup.adr;
 135              		.loc 1 133 0
 136 0042 44F6CA13 		movw	r3, #:lower16:1073760714
 137 0046 C4F20003 		movt	r3, #:upper16:1073760714
 138 004a 40F20002 		movw	r2, #:lower16:i2c_backup
 139 004e C0F20002 		movt	r2, #:upper16:i2c_backup
 140 0052 9278     		ldrb	r2, [r2, #2]	@ zero_extendqisi2
 141 0054 1A70     		strb	r2, [r3, #0]
 134:.\Generated_Source\PSoC5/i2c_PM.c **** 
 135:.\Generated_Source\PSoC5/i2c_PM.c ****     #if(CY_PSOC5A)
 136:.\Generated_Source\PSoC5/i2c_PM.c ****         i2c_CLKDIV_REG =i2c_backup.clkDiv;
 142              		.loc 1 136 0
 143 0056 44F6DB13 		movw	r3, #:lower16:1073760731
 144 005a C4F20003 		movt	r3, #:upper16:1073760731
 145 005e 40F20002 		movw	r2, #:lower16:i2c_backup
ARM GAS  C:\Users\arh\AppData\Local\Temp\cctsYi1c.s 			page 6


 146 0062 C0F20002 		movt	r2, #:upper16:i2c_backup
 147 0066 1279     		ldrb	r2, [r2, #4]	@ zero_extendqisi2
 148 0068 1A70     		strb	r2, [r3, #0]
 137:.\Generated_Source\PSoC5/i2c_PM.c ****     #else
 138:.\Generated_Source\PSoC5/i2c_PM.c ****         i2c_CLKDIV1_REG = i2c_backup.clkDiv1;
 139:.\Generated_Source\PSoC5/i2c_PM.c ****         i2c_CLKDIV2_REG = i2c_backup.clkDiv2;
 140:.\Generated_Source\PSoC5/i2c_PM.c ****     #endif  /* (CY_PSOC5A) */
 141:.\Generated_Source\PSoC5/i2c_PM.c **** }
 149              		.loc 1 141 0
 150 006a BD46     		mov	sp, r7
 151 006c 80BC     		pop	{r7}
 152 006e 7047     		bx	lr
 153              		.cfi_endproc
 154              	.LFE1:
 155              		.size	i2c_RestoreConfig, .-i2c_RestoreConfig
 156              		.section	.text.i2c_Sleep,"ax",%progbits
 157              		.align	2
 158              		.global	i2c_Sleep
 159              		.thumb
 160              		.thumb_func
 161              		.type	i2c_Sleep, %function
 162              	i2c_Sleep:
 163              	.LFB2:
 142:.\Generated_Source\PSoC5/i2c_PM.c **** 
 143:.\Generated_Source\PSoC5/i2c_PM.c **** 
 144:.\Generated_Source\PSoC5/i2c_PM.c **** /*******************************************************************************
 145:.\Generated_Source\PSoC5/i2c_PM.c **** * Function Name: i2c_Sleep
 146:.\Generated_Source\PSoC5/i2c_PM.c **** ********************************************************************************
 147:.\Generated_Source\PSoC5/i2c_PM.c **** *
 148:.\Generated_Source\PSoC5/i2c_PM.c **** * Summary:
 149:.\Generated_Source\PSoC5/i2c_PM.c **** *  Saves component enable state and configuration. Stops component operation.
 150:.\Generated_Source\PSoC5/i2c_PM.c **** *  Should be called just prior to entering sleep. If "Enable wakeup from the
 151:.\Generated_Source\PSoC5/i2c_PM.c **** *  Sleep mode" is properly configured and enabled, this function should not be
 152:.\Generated_Source\PSoC5/i2c_PM.c **** *  called.
 153:.\Generated_Source\PSoC5/i2c_PM.c **** *
 154:.\Generated_Source\PSoC5/i2c_PM.c **** * Parameters:
 155:.\Generated_Source\PSoC5/i2c_PM.c **** *  None
 156:.\Generated_Source\PSoC5/i2c_PM.c **** *
 157:.\Generated_Source\PSoC5/i2c_PM.c **** * Return:
 158:.\Generated_Source\PSoC5/i2c_PM.c **** *  None
 159:.\Generated_Source\PSoC5/i2c_PM.c **** *
 160:.\Generated_Source\PSoC5/i2c_PM.c **** * Global variables:
 161:.\Generated_Source\PSoC5/i2c_PM.c **** *  i2c_backup - the non retention registers are saved to. Changed
 162:.\Generated_Source\PSoC5/i2c_PM.c **** *  by i2c_SaveConfig() function call.
 163:.\Generated_Source\PSoC5/i2c_PM.c **** *
 164:.\Generated_Source\PSoC5/i2c_PM.c **** * Reentrant:
 165:.\Generated_Source\PSoC5/i2c_PM.c **** *  No
 166:.\Generated_Source\PSoC5/i2c_PM.c **** *
 167:.\Generated_Source\PSoC5/i2c_PM.c **** *******************************************************************************/
 168:.\Generated_Source\PSoC5/i2c_PM.c **** void i2c_Sleep(void) 
 169:.\Generated_Source\PSoC5/i2c_PM.c **** {
 164              		.loc 1 169 0
 165              		.cfi_startproc
 166              		@ args = 0, pretend = 0, frame = 0
 167              		@ frame_needed = 1, uses_anonymous_args = 0
 168 0000 80B5     		push	{r7, lr}
 169              	.LCFI4:
ARM GAS  C:\Users\arh\AppData\Local\Temp\cctsYi1c.s 			page 7


 170              		.cfi_def_cfa_offset 8
 171 0002 00AF     		add	r7, sp, #0
 172              		.cfi_offset 14, -4
 173              		.cfi_offset 7, -8
 174              	.LCFI5:
 175              		.cfi_def_cfa_register 7
 170:.\Generated_Source\PSoC5/i2c_PM.c ****     if(i2c_IS_BIT_SET(i2c_PM_ACT_CFG_REG, i2c_ACT_PWR_EN))
 176              		.loc 1 170 0
 177 0004 44F2A533 		movw	r3, #:lower16:1073759141
 178 0008 C4F20003 		movt	r3, #:upper16:1073759141
 179 000c 1B78     		ldrb	r3, [r3, #0]
 180 000e DBB2     		uxtb	r3, r3
 181 0010 03F00403 		and	r3, r3, #4
 182 0014 002B     		cmp	r3, #0
 183 0016 07D0     		beq	.L6
 171:.\Generated_Source\PSoC5/i2c_PM.c ****     {
 172:.\Generated_Source\PSoC5/i2c_PM.c ****         i2c_backup.enableState = i2c_ENABLED;
 184              		.loc 1 172 0
 185 0018 40F20003 		movw	r3, #:lower16:i2c_backup
 186 001c C0F20003 		movt	r3, #:upper16:i2c_backup
 187 0020 4FF00102 		mov	r2, #1
 188 0024 1A70     		strb	r2, [r3, #0]
 189 0026 06E0     		b	.L7
 190              	.L6:
 173:.\Generated_Source\PSoC5/i2c_PM.c ****     }
 174:.\Generated_Source\PSoC5/i2c_PM.c ****     else /* The I2C block's slave is disabled */
 175:.\Generated_Source\PSoC5/i2c_PM.c ****     {
 176:.\Generated_Source\PSoC5/i2c_PM.c ****         i2c_backup.enableState = i2c_DISABLED;
 191              		.loc 1 176 0
 192 0028 40F20003 		movw	r3, #:lower16:i2c_backup
 193 002c C0F20003 		movt	r3, #:upper16:i2c_backup
 194 0030 4FF00002 		mov	r2, #0
 195 0034 1A70     		strb	r2, [r3, #0]
 196              	.L7:
 177:.\Generated_Source\PSoC5/i2c_PM.c ****     }
 178:.\Generated_Source\PSoC5/i2c_PM.c ****     
 179:.\Generated_Source\PSoC5/i2c_PM.c ****     /* Stop component */
 180:.\Generated_Source\PSoC5/i2c_PM.c ****     i2c_Stop();
 197              		.loc 1 180 0
 198 0036 FFF7FEFF 		bl	i2c_Stop
 181:.\Generated_Source\PSoC5/i2c_PM.c **** 
 182:.\Generated_Source\PSoC5/i2c_PM.c ****     /* Save registers configuration */
 183:.\Generated_Source\PSoC5/i2c_PM.c ****     i2c_SaveConfig();
 199              		.loc 1 183 0
 200 003a FFF7FEFF 		bl	i2c_SaveConfig
 184:.\Generated_Source\PSoC5/i2c_PM.c **** }
 201              		.loc 1 184 0
 202 003e 80BD     		pop	{r7, pc}
 203              		.cfi_endproc
 204              	.LFE2:
 205              		.size	i2c_Sleep, .-i2c_Sleep
 206              		.section	.text.i2c_Wakeup,"ax",%progbits
 207              		.align	2
 208              		.global	i2c_Wakeup
 209              		.thumb
 210              		.thumb_func
 211              		.type	i2c_Wakeup, %function
ARM GAS  C:\Users\arh\AppData\Local\Temp\cctsYi1c.s 			page 8


 212              	i2c_Wakeup:
 213              	.LFB3:
 185:.\Generated_Source\PSoC5/i2c_PM.c **** 
 186:.\Generated_Source\PSoC5/i2c_PM.c **** 
 187:.\Generated_Source\PSoC5/i2c_PM.c **** /*******************************************************************************
 188:.\Generated_Source\PSoC5/i2c_PM.c **** * Function Name: i2c_Wakeup
 189:.\Generated_Source\PSoC5/i2c_PM.c **** ********************************************************************************
 190:.\Generated_Source\PSoC5/i2c_PM.c **** *
 191:.\Generated_Source\PSoC5/i2c_PM.c **** * Summary:
 192:.\Generated_Source\PSoC5/i2c_PM.c **** *  Restores component enable state and configuration. Should be called
 193:.\Generated_Source\PSoC5/i2c_PM.c **** *  just after awaking from sleep.
 194:.\Generated_Source\PSoC5/i2c_PM.c **** *
 195:.\Generated_Source\PSoC5/i2c_PM.c **** * Parameters:
 196:.\Generated_Source\PSoC5/i2c_PM.c **** *  None
 197:.\Generated_Source\PSoC5/i2c_PM.c **** *
 198:.\Generated_Source\PSoC5/i2c_PM.c **** * Return:
 199:.\Generated_Source\PSoC5/i2c_PM.c **** *  None
 200:.\Generated_Source\PSoC5/i2c_PM.c **** *
 201:.\Generated_Source\PSoC5/i2c_PM.c **** * Global variables:
 202:.\Generated_Source\PSoC5/i2c_PM.c **** *  i2c_backup - the non retention registers are restored from.
 203:.\Generated_Source\PSoC5/i2c_PM.c **** *
 204:.\Generated_Source\PSoC5/i2c_PM.c **** * Reentrant:
 205:.\Generated_Source\PSoC5/i2c_PM.c **** *  No
 206:.\Generated_Source\PSoC5/i2c_PM.c **** *
 207:.\Generated_Source\PSoC5/i2c_PM.c **** * Side Effects:
 208:.\Generated_Source\PSoC5/i2c_PM.c **** *  Calling this function before i2c_SaveConfig() or
 209:.\Generated_Source\PSoC5/i2c_PM.c **** *  i2c_Sleep() will lead to unpredictable results.
 210:.\Generated_Source\PSoC5/i2c_PM.c **** *
 211:.\Generated_Source\PSoC5/i2c_PM.c **** *******************************************************************************/
 212:.\Generated_Source\PSoC5/i2c_PM.c **** void i2c_Wakeup(void) 
 213:.\Generated_Source\PSoC5/i2c_PM.c **** {
 214              		.loc 1 213 0
 215              		.cfi_startproc
 216              		@ args = 0, pretend = 0, frame = 0
 217              		@ frame_needed = 1, uses_anonymous_args = 0
 218 0000 80B5     		push	{r7, lr}
 219              	.LCFI6:
 220              		.cfi_def_cfa_offset 8
 221 0002 00AF     		add	r7, sp, #0
 222              		.cfi_offset 14, -4
 223              		.cfi_offset 7, -8
 224              	.LCFI7:
 225              		.cfi_def_cfa_register 7
 214:.\Generated_Source\PSoC5/i2c_PM.c ****     /* Restore registers values */
 215:.\Generated_Source\PSoC5/i2c_PM.c ****     i2c_RestoreConfig();
 226              		.loc 1 215 0
 227 0004 FFF7FEFF 		bl	i2c_RestoreConfig
 216:.\Generated_Source\PSoC5/i2c_PM.c ****     
 217:.\Generated_Source\PSoC5/i2c_PM.c ****     if(i2c_ENABLED == i2c_backup.enableState)
 228              		.loc 1 217 0
 229 0008 40F20003 		movw	r3, #:lower16:i2c_backup
 230 000c C0F20003 		movt	r3, #:upper16:i2c_backup
 231 0010 1B78     		ldrb	r3, [r3, #0]	@ zero_extendqisi2
 232 0012 012B     		cmp	r3, #1
 233 0014 01D1     		bne	.L11
 218:.\Generated_Source\PSoC5/i2c_PM.c ****     {
 219:.\Generated_Source\PSoC5/i2c_PM.c ****         /* Enable component's operation */
ARM GAS  C:\Users\arh\AppData\Local\Temp\cctsYi1c.s 			page 9


 220:.\Generated_Source\PSoC5/i2c_PM.c ****         i2c_Enable();
 234              		.loc 1 220 0
 235 0016 FFF7FEFF 		bl	i2c_Enable
 236              	.L11:
 221:.\Generated_Source\PSoC5/i2c_PM.c **** 
 222:.\Generated_Source\PSoC5/i2c_PM.c ****     } /* Do nothing if component's block was disabled before */
 223:.\Generated_Source\PSoC5/i2c_PM.c **** }
 237              		.loc 1 223 0
 238 001a 80BD     		pop	{r7, pc}
 239              		.cfi_endproc
 240              	.LFE3:
 241              		.size	i2c_Wakeup, .-i2c_Wakeup
 242              		.text
 243              	.Letext0:
 244              		.section	.debug_loc,"",%progbits
 245              	.Ldebug_loc0:
 246              	.LLST0:
 247 0000 00000000 		.4byte	.LFB0
 248 0004 02000000 		.4byte	.LCFI0
 249 0008 0100     		.2byte	0x1
 250 000a 5D       		.byte	0x5d
 251 000b 02000000 		.4byte	.LCFI0
 252 000f 04000000 		.4byte	.LCFI1
 253 0013 0200     		.2byte	0x2
 254 0015 7D       		.byte	0x7d
 255 0016 04       		.sleb128 4
 256 0017 04000000 		.4byte	.LCFI1
 257 001b 62000000 		.4byte	.LFE0
 258 001f 0200     		.2byte	0x2
 259 0021 77       		.byte	0x77
 260 0022 04       		.sleb128 4
 261 0023 00000000 		.4byte	0x0
 262 0027 00000000 		.4byte	0x0
 263              	.LLST1:
 264 002b 00000000 		.4byte	.LFB1
 265 002f 02000000 		.4byte	.LCFI2
 266 0033 0100     		.2byte	0x1
 267 0035 5D       		.byte	0x5d
 268 0036 02000000 		.4byte	.LCFI2
 269 003a 04000000 		.4byte	.LCFI3
 270 003e 0200     		.2byte	0x2
 271 0040 7D       		.byte	0x7d
 272 0041 04       		.sleb128 4
 273 0042 04000000 		.4byte	.LCFI3
 274 0046 70000000 		.4byte	.LFE1
 275 004a 0200     		.2byte	0x2
 276 004c 77       		.byte	0x77
 277 004d 04       		.sleb128 4
 278 004e 00000000 		.4byte	0x0
 279 0052 00000000 		.4byte	0x0
 280              	.LLST2:
 281 0056 00000000 		.4byte	.LFB2
 282 005a 02000000 		.4byte	.LCFI4
 283 005e 0100     		.2byte	0x1
 284 0060 5D       		.byte	0x5d
 285 0061 02000000 		.4byte	.LCFI4
 286 0065 04000000 		.4byte	.LCFI5
ARM GAS  C:\Users\arh\AppData\Local\Temp\cctsYi1c.s 			page 10


 287 0069 0200     		.2byte	0x2
 288 006b 7D       		.byte	0x7d
 289 006c 08       		.sleb128 8
 290 006d 04000000 		.4byte	.LCFI5
 291 0071 40000000 		.4byte	.LFE2
 292 0075 0200     		.2byte	0x2
 293 0077 77       		.byte	0x77
 294 0078 08       		.sleb128 8
 295 0079 00000000 		.4byte	0x0
 296 007d 00000000 		.4byte	0x0
 297              	.LLST3:
 298 0081 00000000 		.4byte	.LFB3
 299 0085 02000000 		.4byte	.LCFI6
 300 0089 0100     		.2byte	0x1
 301 008b 5D       		.byte	0x5d
 302 008c 02000000 		.4byte	.LCFI6
 303 0090 04000000 		.4byte	.LCFI7
 304 0094 0200     		.2byte	0x2
 305 0096 7D       		.byte	0x7d
 306 0097 08       		.sleb128 8
 307 0098 04000000 		.4byte	.LCFI7
 308 009c 1C000000 		.4byte	.LFE3
 309 00a0 0200     		.2byte	0x2
 310 00a2 77       		.byte	0x77
 311 00a3 08       		.sleb128 8
 312 00a4 00000000 		.4byte	0x0
 313 00a8 00000000 		.4byte	0x0
 314              		.file 2 ".\\Generated_Source\\PSoC5\\/i2c.h"
 315              		.file 3 ".\\Generated_Source\\PSoC5\\/cytypes.h"
 316              		.section	.debug_info
 317 0000 42010000 		.4byte	0x142
 318 0004 0200     		.2byte	0x2
 319 0006 00000000 		.4byte	.Ldebug_abbrev0
 320 000a 04       		.byte	0x4
 321 000b 01       		.uleb128 0x1
 322 000c 18010000 		.4byte	.LASF19
 323 0010 01       		.byte	0x1
 324 0011 61000000 		.4byte	.LASF20
 325 0015 2A000000 		.4byte	.LASF21
 326 0019 00000000 		.4byte	0x0
 327 001d 00000000 		.4byte	0x0
 328 0021 00000000 		.4byte	.Ldebug_ranges0+0x0
 329 0025 00000000 		.4byte	.Ldebug_line0
 330 0029 02       		.uleb128 0x2
 331 002a 01       		.byte	0x1
 332 002b 06       		.byte	0x6
 333 002c 65010000 		.4byte	.LASF0
 334 0030 02       		.uleb128 0x2
 335 0031 01       		.byte	0x1
 336 0032 08       		.byte	0x8
 337 0033 95000000 		.4byte	.LASF1
 338 0037 02       		.uleb128 0x2
 339 0038 02       		.byte	0x2
 340 0039 05       		.byte	0x5
 341 003a 2E010000 		.4byte	.LASF2
 342 003e 02       		.uleb128 0x2
 343 003f 02       		.byte	0x2
ARM GAS  C:\Users\arh\AppData\Local\Temp\cctsYi1c.s 			page 11


 344 0040 07       		.byte	0x7
 345 0041 C0000000 		.4byte	.LASF3
 346 0045 02       		.uleb128 0x2
 347 0046 04       		.byte	0x4
 348 0047 05       		.byte	0x5
 349 0048 50010000 		.4byte	.LASF4
 350 004c 02       		.uleb128 0x2
 351 004d 04       		.byte	0x4
 352 004e 07       		.byte	0x7
 353 004f AE000000 		.4byte	.LASF5
 354 0053 02       		.uleb128 0x2
 355 0054 08       		.byte	0x8
 356 0055 05       		.byte	0x5
 357 0056 00000000 		.4byte	.LASF6
 358 005a 02       		.uleb128 0x2
 359 005b 08       		.byte	0x8
 360 005c 07       		.byte	0x7
 361 005d 01010000 		.4byte	.LASF7
 362 0061 03       		.uleb128 0x3
 363 0062 04       		.byte	0x4
 364 0063 05       		.byte	0x5
 365 0064 696E7400 		.ascii	"int\000"
 366 0068 02       		.uleb128 0x2
 367 0069 04       		.byte	0x4
 368 006a 07       		.byte	0x7
 369 006b F4000000 		.4byte	.LASF8
 370 006f 02       		.uleb128 0x2
 371 0070 01       		.byte	0x1
 372 0071 08       		.byte	0x8
 373 0072 24010000 		.4byte	.LASF9
 374 0076 04       		.uleb128 0x4
 375 0077 38010000 		.4byte	.LASF13
 376 007b 03       		.byte	0x3
 377 007c 60       		.byte	0x60
 378 007d 30000000 		.4byte	0x30
 379 0081 05       		.uleb128 0x5
 380 0082 3E010000 		.4byte	.LASF22
 381 0086 05       		.byte	0x5
 382 0087 02       		.byte	0x2
 383 0088 2C       		.byte	0x2c
 384 0089 D4000000 		.4byte	0xd4
 385 008d 06       		.uleb128 0x6
 386 008e 59010000 		.4byte	.LASF10
 387 0092 02       		.byte	0x2
 388 0093 2D       		.byte	0x2d
 389 0094 76000000 		.4byte	0x76
 390 0098 02       		.byte	0x2
 391 0099 23       		.byte	0x23
 392 009a 00       		.uleb128 0x0
 393 009b 06       		.uleb128 0x6
 394 009c 29010000 		.4byte	.LASF11
 395 00a0 02       		.byte	0x2
 396 00a1 2F       		.byte	0x2f
 397 00a2 76000000 		.4byte	0x76
 398 00a6 02       		.byte	0x2
 399 00a7 23       		.byte	0x23
 400 00a8 01       		.uleb128 0x1
ARM GAS  C:\Users\arh\AppData\Local\Temp\cctsYi1c.s 			page 12


 401 00a9 07       		.uleb128 0x7
 402 00aa 61647200 		.ascii	"adr\000"
 403 00ae 02       		.byte	0x2
 404 00af 30       		.byte	0x30
 405 00b0 76000000 		.4byte	0x76
 406 00b4 02       		.byte	0x2
 407 00b5 23       		.byte	0x23
 408 00b6 02       		.uleb128 0x2
 409 00b7 07       		.uleb128 0x7
 410 00b8 63666700 		.ascii	"cfg\000"
 411 00bc 02       		.byte	0x2
 412 00bd 31       		.byte	0x31
 413 00be 76000000 		.4byte	0x76
 414 00c2 02       		.byte	0x2
 415 00c3 23       		.byte	0x23
 416 00c4 03       		.uleb128 0x3
 417 00c5 06       		.uleb128 0x6
 418 00c6 D3000000 		.4byte	.LASF12
 419 00ca 02       		.byte	0x2
 420 00cb 35       		.byte	0x35
 421 00cc 76000000 		.4byte	0x76
 422 00d0 02       		.byte	0x2
 423 00d1 23       		.byte	0x23
 424 00d2 04       		.uleb128 0x4
 425 00d3 00       		.byte	0x0
 426 00d4 04       		.uleb128 0x4
 427 00d5 0E000000 		.4byte	.LASF14
 428 00d9 02       		.byte	0x2
 429 00da 3D       		.byte	0x3d
 430 00db 81000000 		.4byte	0x81
 431 00df 08       		.uleb128 0x8
 432 00e0 01       		.byte	0x1
 433 00e1 E5000000 		.4byte	.LASF15
 434 00e5 01       		.byte	0x1
 435 00e6 57       		.byte	0x57
 436 00e7 01       		.byte	0x1
 437 00e8 00000000 		.4byte	.LFB0
 438 00ec 62000000 		.4byte	.LFE0
 439 00f0 00000000 		.4byte	.LLST0
 440 00f4 08       		.uleb128 0x8
 441 00f5 01       		.byte	0x1
 442 00f6 83000000 		.4byte	.LASF16
 443 00fa 01       		.byte	0x1
 444 00fb 7F       		.byte	0x7f
 445 00fc 01       		.byte	0x1
 446 00fd 00000000 		.4byte	.LFB1
 447 0101 70000000 		.4byte	.LFE1
 448 0105 2B000000 		.4byte	.LLST1
 449 0109 08       		.uleb128 0x8
 450 010a 01       		.byte	0x1
 451 010b 20000000 		.4byte	.LASF17
 452 010f 01       		.byte	0x1
 453 0110 A8       		.byte	0xa8
 454 0111 01       		.byte	0x1
 455 0112 00000000 		.4byte	.LFB2
 456 0116 40000000 		.4byte	.LFE2
 457 011a 56000000 		.4byte	.LLST2
ARM GAS  C:\Users\arh\AppData\Local\Temp\cctsYi1c.s 			page 13


 458 011e 08       		.uleb128 0x8
 459 011f 01       		.byte	0x1
 460 0120 DA000000 		.4byte	.LASF18
 461 0124 01       		.byte	0x1
 462 0125 D4       		.byte	0xd4
 463 0126 01       		.byte	0x1
 464 0127 00000000 		.4byte	.LFB3
 465 012b 1C000000 		.4byte	.LFE3
 466 012f 81000000 		.4byte	.LLST3
 467 0133 09       		.uleb128 0x9
 468 0134 A3000000 		.4byte	.LASF23
 469 0138 01       		.byte	0x1
 470 0139 17       		.byte	0x17
 471 013a D4000000 		.4byte	0xd4
 472 013e 01       		.byte	0x1
 473 013f 05       		.byte	0x5
 474 0140 03       		.byte	0x3
 475 0141 00000000 		.4byte	i2c_backup
 476 0145 00       		.byte	0x0
 477              		.section	.debug_abbrev
 478 0000 01       		.uleb128 0x1
 479 0001 11       		.uleb128 0x11
 480 0002 01       		.byte	0x1
 481 0003 25       		.uleb128 0x25
 482 0004 0E       		.uleb128 0xe
 483 0005 13       		.uleb128 0x13
 484 0006 0B       		.uleb128 0xb
 485 0007 03       		.uleb128 0x3
 486 0008 0E       		.uleb128 0xe
 487 0009 1B       		.uleb128 0x1b
 488 000a 0E       		.uleb128 0xe
 489 000b 11       		.uleb128 0x11
 490 000c 01       		.uleb128 0x1
 491 000d 52       		.uleb128 0x52
 492 000e 01       		.uleb128 0x1
 493 000f 55       		.uleb128 0x55
 494 0010 06       		.uleb128 0x6
 495 0011 10       		.uleb128 0x10
 496 0012 06       		.uleb128 0x6
 497 0013 00       		.byte	0x0
 498 0014 00       		.byte	0x0
 499 0015 02       		.uleb128 0x2
 500 0016 24       		.uleb128 0x24
 501 0017 00       		.byte	0x0
 502 0018 0B       		.uleb128 0xb
 503 0019 0B       		.uleb128 0xb
 504 001a 3E       		.uleb128 0x3e
 505 001b 0B       		.uleb128 0xb
 506 001c 03       		.uleb128 0x3
 507 001d 0E       		.uleb128 0xe
 508 001e 00       		.byte	0x0
 509 001f 00       		.byte	0x0
 510 0020 03       		.uleb128 0x3
 511 0021 24       		.uleb128 0x24
 512 0022 00       		.byte	0x0
 513 0023 0B       		.uleb128 0xb
 514 0024 0B       		.uleb128 0xb
ARM GAS  C:\Users\arh\AppData\Local\Temp\cctsYi1c.s 			page 14


 515 0025 3E       		.uleb128 0x3e
 516 0026 0B       		.uleb128 0xb
 517 0027 03       		.uleb128 0x3
 518 0028 08       		.uleb128 0x8
 519 0029 00       		.byte	0x0
 520 002a 00       		.byte	0x0
 521 002b 04       		.uleb128 0x4
 522 002c 16       		.uleb128 0x16
 523 002d 00       		.byte	0x0
 524 002e 03       		.uleb128 0x3
 525 002f 0E       		.uleb128 0xe
 526 0030 3A       		.uleb128 0x3a
 527 0031 0B       		.uleb128 0xb
 528 0032 3B       		.uleb128 0x3b
 529 0033 0B       		.uleb128 0xb
 530 0034 49       		.uleb128 0x49
 531 0035 13       		.uleb128 0x13
 532 0036 00       		.byte	0x0
 533 0037 00       		.byte	0x0
 534 0038 05       		.uleb128 0x5
 535 0039 13       		.uleb128 0x13
 536 003a 01       		.byte	0x1
 537 003b 03       		.uleb128 0x3
 538 003c 0E       		.uleb128 0xe
 539 003d 0B       		.uleb128 0xb
 540 003e 0B       		.uleb128 0xb
 541 003f 3A       		.uleb128 0x3a
 542 0040 0B       		.uleb128 0xb
 543 0041 3B       		.uleb128 0x3b
 544 0042 0B       		.uleb128 0xb
 545 0043 01       		.uleb128 0x1
 546 0044 13       		.uleb128 0x13
 547 0045 00       		.byte	0x0
 548 0046 00       		.byte	0x0
 549 0047 06       		.uleb128 0x6
 550 0048 0D       		.uleb128 0xd
 551 0049 00       		.byte	0x0
 552 004a 03       		.uleb128 0x3
 553 004b 0E       		.uleb128 0xe
 554 004c 3A       		.uleb128 0x3a
 555 004d 0B       		.uleb128 0xb
 556 004e 3B       		.uleb128 0x3b
 557 004f 0B       		.uleb128 0xb
 558 0050 49       		.uleb128 0x49
 559 0051 13       		.uleb128 0x13
 560 0052 38       		.uleb128 0x38
 561 0053 0A       		.uleb128 0xa
 562 0054 00       		.byte	0x0
 563 0055 00       		.byte	0x0
 564 0056 07       		.uleb128 0x7
 565 0057 0D       		.uleb128 0xd
 566 0058 00       		.byte	0x0
 567 0059 03       		.uleb128 0x3
 568 005a 08       		.uleb128 0x8
 569 005b 3A       		.uleb128 0x3a
 570 005c 0B       		.uleb128 0xb
 571 005d 3B       		.uleb128 0x3b
ARM GAS  C:\Users\arh\AppData\Local\Temp\cctsYi1c.s 			page 15


 572 005e 0B       		.uleb128 0xb
 573 005f 49       		.uleb128 0x49
 574 0060 13       		.uleb128 0x13
 575 0061 38       		.uleb128 0x38
 576 0062 0A       		.uleb128 0xa
 577 0063 00       		.byte	0x0
 578 0064 00       		.byte	0x0
 579 0065 08       		.uleb128 0x8
 580 0066 2E       		.uleb128 0x2e
 581 0067 00       		.byte	0x0
 582 0068 3F       		.uleb128 0x3f
 583 0069 0C       		.uleb128 0xc
 584 006a 03       		.uleb128 0x3
 585 006b 0E       		.uleb128 0xe
 586 006c 3A       		.uleb128 0x3a
 587 006d 0B       		.uleb128 0xb
 588 006e 3B       		.uleb128 0x3b
 589 006f 0B       		.uleb128 0xb
 590 0070 27       		.uleb128 0x27
 591 0071 0C       		.uleb128 0xc
 592 0072 11       		.uleb128 0x11
 593 0073 01       		.uleb128 0x1
 594 0074 12       		.uleb128 0x12
 595 0075 01       		.uleb128 0x1
 596 0076 40       		.uleb128 0x40
 597 0077 06       		.uleb128 0x6
 598 0078 00       		.byte	0x0
 599 0079 00       		.byte	0x0
 600 007a 09       		.uleb128 0x9
 601 007b 34       		.uleb128 0x34
 602 007c 00       		.byte	0x0
 603 007d 03       		.uleb128 0x3
 604 007e 0E       		.uleb128 0xe
 605 007f 3A       		.uleb128 0x3a
 606 0080 0B       		.uleb128 0xb
 607 0081 3B       		.uleb128 0x3b
 608 0082 0B       		.uleb128 0xb
 609 0083 49       		.uleb128 0x49
 610 0084 13       		.uleb128 0x13
 611 0085 3F       		.uleb128 0x3f
 612 0086 0C       		.uleb128 0xc
 613 0087 02       		.uleb128 0x2
 614 0088 0A       		.uleb128 0xa
 615 0089 00       		.byte	0x0
 616 008a 00       		.byte	0x0
 617 008b 00       		.byte	0x0
 618              		.section	.debug_pubnames,"",%progbits
 619 0000 63000000 		.4byte	0x63
 620 0004 0200     		.2byte	0x2
 621 0006 00000000 		.4byte	.Ldebug_info0
 622 000a 46010000 		.4byte	0x146
 623 000e DF000000 		.4byte	0xdf
 624 0012 6932635F 		.ascii	"i2c_SaveConfig\000"
 624      53617665 
 624      436F6E66 
 624      696700
 625 0021 F4000000 		.4byte	0xf4
ARM GAS  C:\Users\arh\AppData\Local\Temp\cctsYi1c.s 			page 16


 626 0025 6932635F 		.ascii	"i2c_RestoreConfig\000"
 626      52657374 
 626      6F726543 
 626      6F6E6669 
 626      6700
 627 0037 09010000 		.4byte	0x109
 628 003b 6932635F 		.ascii	"i2c_Sleep\000"
 628      536C6565 
 628      7000
 629 0045 1E010000 		.4byte	0x11e
 630 0049 6932635F 		.ascii	"i2c_Wakeup\000"
 630      57616B65 
 630      757000
 631 0054 33010000 		.4byte	0x133
 632 0058 6932635F 		.ascii	"i2c_backup\000"
 632      6261636B 
 632      757000
 633 0063 00000000 		.4byte	0x0
 634              		.section	.debug_aranges,"",%progbits
 635 0000 34000000 		.4byte	0x34
 636 0004 0200     		.2byte	0x2
 637 0006 00000000 		.4byte	.Ldebug_info0
 638 000a 04       		.byte	0x4
 639 000b 00       		.byte	0x0
 640 000c 0000     		.2byte	0x0
 641 000e 0000     		.2byte	0x0
 642 0010 00000000 		.4byte	.LFB0
 643 0014 62000000 		.4byte	.LFE0-.LFB0
 644 0018 00000000 		.4byte	.LFB1
 645 001c 70000000 		.4byte	.LFE1-.LFB1
 646 0020 00000000 		.4byte	.LFB2
 647 0024 40000000 		.4byte	.LFE2-.LFB2
 648 0028 00000000 		.4byte	.LFB3
 649 002c 1C000000 		.4byte	.LFE3-.LFB3
 650 0030 00000000 		.4byte	0x0
 651 0034 00000000 		.4byte	0x0
 652              		.section	.debug_ranges,"",%progbits
 653              	.Ldebug_ranges0:
 654 0000 00000000 		.4byte	.Ltext0
 655 0004 00000000 		.4byte	.Letext0
 656 0008 00000000 		.4byte	.LFB0
 657 000c 62000000 		.4byte	.LFE0
 658 0010 00000000 		.4byte	.LFB1
 659 0014 70000000 		.4byte	.LFE1
 660 0018 00000000 		.4byte	.LFB2
 661 001c 40000000 		.4byte	.LFE2
 662 0020 00000000 		.4byte	.LFB3
 663 0024 1C000000 		.4byte	.LFE3
 664 0028 00000000 		.4byte	0x0
 665 002c 00000000 		.4byte	0x0
 666              		.section	.debug_str,"MS",%progbits,1
 667              	.LASF6:
 668 0000 6C6F6E67 		.ascii	"long long int\000"
 668      206C6F6E 
 668      6720696E 
 668      7400
 669              	.LASF14:
ARM GAS  C:\Users\arh\AppData\Local\Temp\cctsYi1c.s 			page 17


 670 000e 6932635F 		.ascii	"i2c_BACKUP_STRUCT\000"
 670      4241434B 
 670      55505F53 
 670      54525543 
 670      5400
 671              	.LASF17:
 672 0020 6932635F 		.ascii	"i2c_Sleep\000"
 672      536C6565 
 672      7000
 673              	.LASF21:
 674 002a 433A5C55 		.ascii	"C:\\Users\\arh\\Documents\\PSoC Creator\\Design07\\"
 674      73657273 
 674      5C617268 
 674      5C446F63 
 674      756D656E 
 675 0057 6364732E 		.ascii	"cds.cydsn\000"
 675      63796473 
 675      6E00
 676              	.LASF20:
 677 0061 2E5C4765 		.ascii	".\\Generated_Source\\PSoC5\\i2c_PM.c\000"
 677      6E657261 
 677      7465645F 
 677      536F7572 
 677      63655C50 
 678              	.LASF16:
 679 0083 6932635F 		.ascii	"i2c_RestoreConfig\000"
 679      52657374 
 679      6F726543 
 679      6F6E6669 
 679      6700
 680              	.LASF1:
 681 0095 756E7369 		.ascii	"unsigned char\000"
 681      676E6564 
 681      20636861 
 681      7200
 682              	.LASF23:
 683 00a3 6932635F 		.ascii	"i2c_backup\000"
 683      6261636B 
 683      757000
 684              	.LASF5:
 685 00ae 6C6F6E67 		.ascii	"long unsigned int\000"
 685      20756E73 
 685      69676E65 
 685      6420696E 
 685      7400
 686              	.LASF3:
 687 00c0 73686F72 		.ascii	"short unsigned int\000"
 687      7420756E 
 687      7369676E 
 687      65642069 
 687      6E7400
 688              	.LASF12:
 689 00d3 636C6B44 		.ascii	"clkDiv\000"
 689      697600
 690              	.LASF18:
 691 00da 6932635F 		.ascii	"i2c_Wakeup\000"
 691      57616B65 
ARM GAS  C:\Users\arh\AppData\Local\Temp\cctsYi1c.s 			page 18


 691      757000
 692              	.LASF15:
 693 00e5 6932635F 		.ascii	"i2c_SaveConfig\000"
 693      53617665 
 693      436F6E66 
 693      696700
 694              	.LASF8:
 695 00f4 756E7369 		.ascii	"unsigned int\000"
 695      676E6564 
 695      20696E74 
 695      00
 696              	.LASF7:
 697 0101 6C6F6E67 		.ascii	"long long unsigned int\000"
 697      206C6F6E 
 697      6720756E 
 697      7369676E 
 697      65642069 
 698              	.LASF19:
 699 0118 474E5520 		.ascii	"GNU C 4.4.1\000"
 699      4320342E 
 699      342E3100 
 700              	.LASF9:
 701 0124 63686172 		.ascii	"char\000"
 701      00
 702              	.LASF11:
 703 0129 78636667 		.ascii	"xcfg\000"
 703      00
 704              	.LASF2:
 705 012e 73686F72 		.ascii	"short int\000"
 705      7420696E 
 705      7400
 706              	.LASF13:
 707 0138 75696E74 		.ascii	"uint8\000"
 707      3800
 708              	.LASF22:
 709 013e 5F693263 		.ascii	"_i2c_backupStruct\000"
 709      5F626163 
 709      6B757053 
 709      74727563 
 709      7400
 710              	.LASF4:
 711 0150 6C6F6E67 		.ascii	"long int\000"
 711      20696E74 
 711      00
 712              	.LASF10:
 713 0159 656E6162 		.ascii	"enableState\000"
 713      6C655374 
 713      61746500 
 714              	.LASF0:
 715 0165 7369676E 		.ascii	"signed char\000"
 715      65642063 
 715      68617200 
 716              		.ident	"GCC: (Sourcery G++ Lite 2010q1-188) 4.4.1"
