ARM GAS  C:\Users\arh\AppData\Local\Temp\ccW1ZNBG.s 			page 1


   1              		.syntax unified
   2              		.cpu cortex-m3
   3              		.fpu softvfp
   4              		.eabi_attribute 20, 1
   5              		.eabi_attribute 21, 1
   6              		.eabi_attribute 23, 3
   7              		.eabi_attribute 24, 1
   8              		.eabi_attribute 25, 1
   9              		.eabi_attribute 26, 1
  10              		.eabi_attribute 30, 6
  11              		.eabi_attribute 18, 4
  12              		.thumb
  13              		.file	"Pin_3.c"
  14              		.section	.debug_abbrev,"",%progbits
  15              	.Ldebug_abbrev0:
  16              		.section	.debug_info,"",%progbits
  17              	.Ldebug_info0:
  18              		.section	.debug_line,"",%progbits
  19              	.Ldebug_line0:
  20 0000 AE000000 		.text
  20      02005E00 
  20      00000201 
  20      FB0E0D00 
  20      01010101 
  21              	.Ltext0:
  22              		.cfi_sections	.debug_frame
  23              		.section	.text.Pin_3_Write,"ax",%progbits
  24              		.align	2
  25              		.global	Pin_3_Write
  26              		.thumb
  27              		.thumb_func
  28              		.type	Pin_3_Write, %function
  29              	Pin_3_Write:
  30              	.LFB0:
  31              		.file 1 ".\\Generated_Source\\PSoC5\\Pin_3.c"
   1:.\Generated_Source\PSoC5/Pin_3.c **** /*******************************************************************************
   2:.\Generated_Source\PSoC5/Pin_3.c **** * File Name: Pin_3.c  
   3:.\Generated_Source\PSoC5/Pin_3.c **** * Version 1.70
   4:.\Generated_Source\PSoC5/Pin_3.c **** *
   5:.\Generated_Source\PSoC5/Pin_3.c **** * Description:
   6:.\Generated_Source\PSoC5/Pin_3.c **** *  This file contains API to enable firmware control of a Pins component.
   7:.\Generated_Source\PSoC5/Pin_3.c **** *
   8:.\Generated_Source\PSoC5/Pin_3.c **** * Note:
   9:.\Generated_Source\PSoC5/Pin_3.c **** *
  10:.\Generated_Source\PSoC5/Pin_3.c **** ********************************************************************************
  11:.\Generated_Source\PSoC5/Pin_3.c **** * Copyright 2008-2010, Cypress Semiconductor Corporation.  All rights reserved.
  12:.\Generated_Source\PSoC5/Pin_3.c **** * You may use this file only in accordance with the license, terms, conditions, 
  13:.\Generated_Source\PSoC5/Pin_3.c **** * disclaimers, and limitations in the end user license agreement accompanying 
  14:.\Generated_Source\PSoC5/Pin_3.c **** * the software package with which this file was provided.
  15:.\Generated_Source\PSoC5/Pin_3.c **** ********************************************************************************/
  16:.\Generated_Source\PSoC5/Pin_3.c **** 
  17:.\Generated_Source\PSoC5/Pin_3.c **** #include "cytypes.h"
  18:.\Generated_Source\PSoC5/Pin_3.c **** #include "Pin_3.h"
  19:.\Generated_Source\PSoC5/Pin_3.c **** 
  20:.\Generated_Source\PSoC5/Pin_3.c **** /* APIs are not generated for P15[7:6] */
  21:.\Generated_Source\PSoC5/Pin_3.c **** #if !(CY_PSOC5A &&\
  22:.\Generated_Source\PSoC5/Pin_3.c **** 	 Pin_3__PORT == 15 && (Pin_3__MASK & 0xC0))
ARM GAS  C:\Users\arh\AppData\Local\Temp\ccW1ZNBG.s 			page 2


  23:.\Generated_Source\PSoC5/Pin_3.c **** 
  24:.\Generated_Source\PSoC5/Pin_3.c **** /*******************************************************************************
  25:.\Generated_Source\PSoC5/Pin_3.c **** * Function Name: Pin_3_Write
  26:.\Generated_Source\PSoC5/Pin_3.c **** ********************************************************************************
  27:.\Generated_Source\PSoC5/Pin_3.c **** * Summary:
  28:.\Generated_Source\PSoC5/Pin_3.c **** *  Assign a new value to the digital port's data output register.  
  29:.\Generated_Source\PSoC5/Pin_3.c **** *
  30:.\Generated_Source\PSoC5/Pin_3.c **** * Parameters:  
  31:.\Generated_Source\PSoC5/Pin_3.c **** *  prtValue:  The value to be assigned to the Digital Port. 
  32:.\Generated_Source\PSoC5/Pin_3.c **** *
  33:.\Generated_Source\PSoC5/Pin_3.c **** * Return: 
  34:.\Generated_Source\PSoC5/Pin_3.c **** *  void 
  35:.\Generated_Source\PSoC5/Pin_3.c **** *  
  36:.\Generated_Source\PSoC5/Pin_3.c **** *******************************************************************************/
  37:.\Generated_Source\PSoC5/Pin_3.c **** void Pin_3_Write(uint8 value) 
  38:.\Generated_Source\PSoC5/Pin_3.c **** {
  32              		.loc 1 38 0
  33              		.cfi_startproc
  34              		@ args = 0, pretend = 0, frame = 16
  35              		@ frame_needed = 1, uses_anonymous_args = 0
  36              		@ link register save eliminated.
  37 0000 80B4     		push	{r7}
  38              	.LCFI0:
  39              		.cfi_def_cfa_offset 4
  40 0002 85B0     		sub	sp, sp, #20
  41              	.LCFI1:
  42              		.cfi_def_cfa_offset 24
  43 0004 00AF     		add	r7, sp, #0
  44              		.cfi_offset 7, -4
  45              	.LCFI2:
  46              		.cfi_def_cfa_register 7
  47 0006 0346     		mov	r3, r0
  48 0008 FB71     		strb	r3, [r7, #7]
  39:.\Generated_Source\PSoC5/Pin_3.c ****     uint8 staticBits = Pin_3_DR & ~Pin_3_MASK;
  49              		.loc 1 39 0
  50 000a 45F2C013 		movw	r3, #:lower16:1073762752
  51 000e C4F20003 		movt	r3, #:upper16:1073762752
  52 0012 1B78     		ldrb	r3, [r3, #0]
  53 0014 DBB2     		uxtb	r3, r3
  54 0016 23F00303 		bic	r3, r3, #3
  55 001a FB73     		strb	r3, [r7, #15]
  40:.\Generated_Source\PSoC5/Pin_3.c ****     Pin_3_DR = staticBits | ((value << Pin_3_SHIFT) & Pin_3_MASK);
  56              		.loc 1 40 0
  57 001c 45F2C013 		movw	r3, #:lower16:1073762752
  58 0020 C4F20003 		movt	r3, #:upper16:1073762752
  59 0024 FA79     		ldrb	r2, [r7, #7]	@ zero_extendqisi2
  60 0026 02F00302 		and	r2, r2, #3
  61 002a F97B     		ldrb	r1, [r7, #15]
  62 002c 42EA0102 		orr	r2, r2, r1
  63 0030 D2B2     		uxtb	r2, r2
  64 0032 1A70     		strb	r2, [r3, #0]
  41:.\Generated_Source\PSoC5/Pin_3.c **** }
  65              		.loc 1 41 0
  66 0034 07F11407 		add	r7, r7, #20
  67 0038 BD46     		mov	sp, r7
  68 003a 80BC     		pop	{r7}
  69 003c 7047     		bx	lr
ARM GAS  C:\Users\arh\AppData\Local\Temp\ccW1ZNBG.s 			page 3


  70              		.cfi_endproc
  71              	.LFE0:
  72              		.size	Pin_3_Write, .-Pin_3_Write
  73 003e 00BF     		.section	.text.Pin_3_SetDriveMode,"ax",%progbits
  74              		.align	2
  75              		.global	Pin_3_SetDriveMode
  76              		.thumb
  77              		.thumb_func
  78              		.type	Pin_3_SetDriveMode, %function
  79              	Pin_3_SetDriveMode:
  80              	.LFB1:
  42:.\Generated_Source\PSoC5/Pin_3.c **** 
  43:.\Generated_Source\PSoC5/Pin_3.c **** 
  44:.\Generated_Source\PSoC5/Pin_3.c **** /*******************************************************************************
  45:.\Generated_Source\PSoC5/Pin_3.c **** * Function Name: Pin_3_SetDriveMode
  46:.\Generated_Source\PSoC5/Pin_3.c **** ********************************************************************************
  47:.\Generated_Source\PSoC5/Pin_3.c **** * Summary:
  48:.\Generated_Source\PSoC5/Pin_3.c **** *  Change the drive mode on the pins of the port.
  49:.\Generated_Source\PSoC5/Pin_3.c **** * 
  50:.\Generated_Source\PSoC5/Pin_3.c **** * Parameters:  
  51:.\Generated_Source\PSoC5/Pin_3.c **** *  mode:  Change the pins to this drive mode.
  52:.\Generated_Source\PSoC5/Pin_3.c **** *
  53:.\Generated_Source\PSoC5/Pin_3.c **** * Return: 
  54:.\Generated_Source\PSoC5/Pin_3.c **** *  void
  55:.\Generated_Source\PSoC5/Pin_3.c **** *
  56:.\Generated_Source\PSoC5/Pin_3.c **** *******************************************************************************/
  57:.\Generated_Source\PSoC5/Pin_3.c **** void Pin_3_SetDriveMode(uint8 mode) 
  58:.\Generated_Source\PSoC5/Pin_3.c **** {
  81              		.loc 1 58 0
  82              		.cfi_startproc
  83              		@ args = 0, pretend = 0, frame = 8
  84              		@ frame_needed = 1, uses_anonymous_args = 0
  85              		@ link register save eliminated.
  86 0000 80B4     		push	{r7}
  87              	.LCFI3:
  88              		.cfi_def_cfa_offset 4
  89 0002 83B0     		sub	sp, sp, #12
  90              	.LCFI4:
  91              		.cfi_def_cfa_offset 16
  92 0004 00AF     		add	r7, sp, #0
  93              		.cfi_offset 7, -4
  94              	.LCFI5:
  95              		.cfi_def_cfa_register 7
  96 0006 0346     		mov	r3, r0
  97 0008 FB71     		strb	r3, [r7, #7]
  59:.\Generated_Source\PSoC5/Pin_3.c **** 	CyPins_SetPinDriveMode(Pin_3_0, mode);
  98              		.loc 1 59 0
  99 000a 45F26003 		movw	r3, #:lower16:1073762400
 100 000e C4F20003 		movt	r3, #:upper16:1073762400
 101 0012 45F26002 		movw	r2, #:lower16:1073762400
 102 0016 C4F20002 		movt	r2, #:upper16:1073762400
 103 001a 1278     		ldrb	r2, [r2, #0]
 104 001c D2B2     		uxtb	r2, r2
 105 001e 1146     		mov	r1, r2
 106 0020 01F0F101 		and	r1, r1, #241
 107 0024 FA79     		ldrb	r2, [r7, #7]	@ zero_extendqisi2
 108 0026 02F00E02 		and	r2, r2, #14
ARM GAS  C:\Users\arh\AppData\Local\Temp\ccW1ZNBG.s 			page 4


 109 002a 41EA0202 		orr	r2, r1, r2
 110 002e D2B2     		uxtb	r2, r2
 111 0030 1A70     		strb	r2, [r3, #0]
  60:.\Generated_Source\PSoC5/Pin_3.c **** 	CyPins_SetPinDriveMode(Pin_3_1, mode);
 112              		.loc 1 60 0
 113 0032 45F26103 		movw	r3, #:lower16:1073762401
 114 0036 C4F20003 		movt	r3, #:upper16:1073762401
 115 003a 45F26102 		movw	r2, #:lower16:1073762401
 116 003e C4F20002 		movt	r2, #:upper16:1073762401
 117 0042 1278     		ldrb	r2, [r2, #0]
 118 0044 D2B2     		uxtb	r2, r2
 119 0046 1146     		mov	r1, r2
 120 0048 01F0F101 		and	r1, r1, #241
 121 004c FA79     		ldrb	r2, [r7, #7]	@ zero_extendqisi2
 122 004e 02F00E02 		and	r2, r2, #14
 123 0052 41EA0202 		orr	r2, r1, r2
 124 0056 D2B2     		uxtb	r2, r2
 125 0058 1A70     		strb	r2, [r3, #0]
  61:.\Generated_Source\PSoC5/Pin_3.c **** }
 126              		.loc 1 61 0
 127 005a 07F10C07 		add	r7, r7, #12
 128 005e BD46     		mov	sp, r7
 129 0060 80BC     		pop	{r7}
 130 0062 7047     		bx	lr
 131              		.cfi_endproc
 132              	.LFE1:
 133              		.size	Pin_3_SetDriveMode, .-Pin_3_SetDriveMode
 134              		.section	.text.Pin_3_Read,"ax",%progbits
 135              		.align	2
 136              		.global	Pin_3_Read
 137              		.thumb
 138              		.thumb_func
 139              		.type	Pin_3_Read, %function
 140              	Pin_3_Read:
 141              	.LFB2:
  62:.\Generated_Source\PSoC5/Pin_3.c **** 
  63:.\Generated_Source\PSoC5/Pin_3.c **** 
  64:.\Generated_Source\PSoC5/Pin_3.c **** /*******************************************************************************
  65:.\Generated_Source\PSoC5/Pin_3.c **** * Function Name: Pin_3_Read
  66:.\Generated_Source\PSoC5/Pin_3.c **** ********************************************************************************
  67:.\Generated_Source\PSoC5/Pin_3.c **** * Summary:
  68:.\Generated_Source\PSoC5/Pin_3.c **** *  Read the current value on the pins of the Digital Port in right justified 
  69:.\Generated_Source\PSoC5/Pin_3.c **** *  form.
  70:.\Generated_Source\PSoC5/Pin_3.c **** *
  71:.\Generated_Source\PSoC5/Pin_3.c **** * Parameters:  
  72:.\Generated_Source\PSoC5/Pin_3.c **** *  void 
  73:.\Generated_Source\PSoC5/Pin_3.c **** *
  74:.\Generated_Source\PSoC5/Pin_3.c **** * Return: 
  75:.\Generated_Source\PSoC5/Pin_3.c **** *  Returns the current value of the Digital Port as a right justified number
  76:.\Generated_Source\PSoC5/Pin_3.c **** *  
  77:.\Generated_Source\PSoC5/Pin_3.c **** * Note:
  78:.\Generated_Source\PSoC5/Pin_3.c **** *  Macro Pin_3_ReadPS calls this function. 
  79:.\Generated_Source\PSoC5/Pin_3.c **** *  
  80:.\Generated_Source\PSoC5/Pin_3.c **** *******************************************************************************/
  81:.\Generated_Source\PSoC5/Pin_3.c **** uint8 Pin_3_Read(void) 
  82:.\Generated_Source\PSoC5/Pin_3.c **** {
 142              		.loc 1 82 0
ARM GAS  C:\Users\arh\AppData\Local\Temp\ccW1ZNBG.s 			page 5


 143              		.cfi_startproc
 144              		@ args = 0, pretend = 0, frame = 0
 145              		@ frame_needed = 1, uses_anonymous_args = 0
 146              		@ link register save eliminated.
 147 0000 80B4     		push	{r7}
 148              	.LCFI6:
 149              		.cfi_def_cfa_offset 4
 150 0002 00AF     		add	r7, sp, #0
 151              		.cfi_offset 7, -4
 152              	.LCFI7:
 153              		.cfi_def_cfa_register 7
  83:.\Generated_Source\PSoC5/Pin_3.c ****     return (Pin_3_PS & Pin_3_MASK) >> Pin_3_SHIFT;
 154              		.loc 1 83 0
 155 0004 45F2C113 		movw	r3, #:lower16:1073762753
 156 0008 C4F20003 		movt	r3, #:upper16:1073762753
 157 000c 1B78     		ldrb	r3, [r3, #0]
 158 000e DBB2     		uxtb	r3, r3
 159 0010 03F00303 		and	r3, r3, #3
  84:.\Generated_Source\PSoC5/Pin_3.c **** }
 160              		.loc 1 84 0
 161 0014 1846     		mov	r0, r3
 162 0016 BD46     		mov	sp, r7
 163 0018 80BC     		pop	{r7}
 164 001a 7047     		bx	lr
 165              		.cfi_endproc
 166              	.LFE2:
 167              		.size	Pin_3_Read, .-Pin_3_Read
 168              		.section	.text.Pin_3_ReadDataReg,"ax",%progbits
 169              		.align	2
 170              		.global	Pin_3_ReadDataReg
 171              		.thumb
 172              		.thumb_func
 173              		.type	Pin_3_ReadDataReg, %function
 174              	Pin_3_ReadDataReg:
 175              	.LFB3:
  85:.\Generated_Source\PSoC5/Pin_3.c **** 
  86:.\Generated_Source\PSoC5/Pin_3.c **** 
  87:.\Generated_Source\PSoC5/Pin_3.c **** /*******************************************************************************
  88:.\Generated_Source\PSoC5/Pin_3.c **** * Function Name: Pin_3_ReadDataReg
  89:.\Generated_Source\PSoC5/Pin_3.c **** ********************************************************************************
  90:.\Generated_Source\PSoC5/Pin_3.c **** * Summary:
  91:.\Generated_Source\PSoC5/Pin_3.c **** *  Read the current value assigned to a Digital Port's data output register
  92:.\Generated_Source\PSoC5/Pin_3.c **** *
  93:.\Generated_Source\PSoC5/Pin_3.c **** * Parameters:  
  94:.\Generated_Source\PSoC5/Pin_3.c **** *  void 
  95:.\Generated_Source\PSoC5/Pin_3.c **** *
  96:.\Generated_Source\PSoC5/Pin_3.c **** * Return: 
  97:.\Generated_Source\PSoC5/Pin_3.c **** *  Returns the current value assigned to the Digital Port's data output register
  98:.\Generated_Source\PSoC5/Pin_3.c **** *  
  99:.\Generated_Source\PSoC5/Pin_3.c **** *******************************************************************************/
 100:.\Generated_Source\PSoC5/Pin_3.c **** uint8 Pin_3_ReadDataReg(void) 
 101:.\Generated_Source\PSoC5/Pin_3.c **** {
 176              		.loc 1 101 0
 177              		.cfi_startproc
 178              		@ args = 0, pretend = 0, frame = 0
 179              		@ frame_needed = 1, uses_anonymous_args = 0
 180              		@ link register save eliminated.
ARM GAS  C:\Users\arh\AppData\Local\Temp\ccW1ZNBG.s 			page 6


 181 0000 80B4     		push	{r7}
 182              	.LCFI8:
 183              		.cfi_def_cfa_offset 4
 184 0002 00AF     		add	r7, sp, #0
 185              		.cfi_offset 7, -4
 186              	.LCFI9:
 187              		.cfi_def_cfa_register 7
 102:.\Generated_Source\PSoC5/Pin_3.c ****     return (Pin_3_DR & Pin_3_MASK) >> Pin_3_SHIFT;
 188              		.loc 1 102 0
 189 0004 45F2C013 		movw	r3, #:lower16:1073762752
 190 0008 C4F20003 		movt	r3, #:upper16:1073762752
 191 000c 1B78     		ldrb	r3, [r3, #0]
 192 000e DBB2     		uxtb	r3, r3
 193 0010 03F00303 		and	r3, r3, #3
 103:.\Generated_Source\PSoC5/Pin_3.c **** }
 194              		.loc 1 103 0
 195 0014 1846     		mov	r0, r3
 196 0016 BD46     		mov	sp, r7
 197 0018 80BC     		pop	{r7}
 198 001a 7047     		bx	lr
 199              		.cfi_endproc
 200              	.LFE3:
 201              		.size	Pin_3_ReadDataReg, .-Pin_3_ReadDataReg
 202              		.text
 203              	.Letext0:
 204              		.section	.debug_loc,"",%progbits
 205              	.Ldebug_loc0:
 206              	.LLST0:
 207 0000 00000000 		.4byte	.LFB0
 208 0004 02000000 		.4byte	.LCFI0
 209 0008 0100     		.2byte	0x1
 210 000a 5D       		.byte	0x5d
 211 000b 02000000 		.4byte	.LCFI0
 212 000f 04000000 		.4byte	.LCFI1
 213 0013 0200     		.2byte	0x2
 214 0015 7D       		.byte	0x7d
 215 0016 04       		.sleb128 4
 216 0017 04000000 		.4byte	.LCFI1
 217 001b 06000000 		.4byte	.LCFI2
 218 001f 0200     		.2byte	0x2
 219 0021 7D       		.byte	0x7d
 220 0022 18       		.sleb128 24
 221 0023 06000000 		.4byte	.LCFI2
 222 0027 3E000000 		.4byte	.LFE0
 223 002b 0200     		.2byte	0x2
 224 002d 77       		.byte	0x77
 225 002e 18       		.sleb128 24
 226 002f 00000000 		.4byte	0x0
 227 0033 00000000 		.4byte	0x0
 228              	.LLST1:
 229 0037 00000000 		.4byte	.LFB1
 230 003b 02000000 		.4byte	.LCFI3
 231 003f 0100     		.2byte	0x1
 232 0041 5D       		.byte	0x5d
 233 0042 02000000 		.4byte	.LCFI3
 234 0046 04000000 		.4byte	.LCFI4
 235 004a 0200     		.2byte	0x2
ARM GAS  C:\Users\arh\AppData\Local\Temp\ccW1ZNBG.s 			page 7


 236 004c 7D       		.byte	0x7d
 237 004d 04       		.sleb128 4
 238 004e 04000000 		.4byte	.LCFI4
 239 0052 06000000 		.4byte	.LCFI5
 240 0056 0200     		.2byte	0x2
 241 0058 7D       		.byte	0x7d
 242 0059 10       		.sleb128 16
 243 005a 06000000 		.4byte	.LCFI5
 244 005e 64000000 		.4byte	.LFE1
 245 0062 0200     		.2byte	0x2
 246 0064 77       		.byte	0x77
 247 0065 10       		.sleb128 16
 248 0066 00000000 		.4byte	0x0
 249 006a 00000000 		.4byte	0x0
 250              	.LLST2:
 251 006e 00000000 		.4byte	.LFB2
 252 0072 02000000 		.4byte	.LCFI6
 253 0076 0100     		.2byte	0x1
 254 0078 5D       		.byte	0x5d
 255 0079 02000000 		.4byte	.LCFI6
 256 007d 04000000 		.4byte	.LCFI7
 257 0081 0200     		.2byte	0x2
 258 0083 7D       		.byte	0x7d
 259 0084 04       		.sleb128 4
 260 0085 04000000 		.4byte	.LCFI7
 261 0089 1C000000 		.4byte	.LFE2
 262 008d 0200     		.2byte	0x2
 263 008f 77       		.byte	0x77
 264 0090 04       		.sleb128 4
 265 0091 00000000 		.4byte	0x0
 266 0095 00000000 		.4byte	0x0
 267              	.LLST3:
 268 0099 00000000 		.4byte	.LFB3
 269 009d 02000000 		.4byte	.LCFI8
 270 00a1 0100     		.2byte	0x1
 271 00a3 5D       		.byte	0x5d
 272 00a4 02000000 		.4byte	.LCFI8
 273 00a8 04000000 		.4byte	.LCFI9
 274 00ac 0200     		.2byte	0x2
 275 00ae 7D       		.byte	0x7d
 276 00af 04       		.sleb128 4
 277 00b0 04000000 		.4byte	.LCFI9
 278 00b4 1C000000 		.4byte	.LFE3
 279 00b8 0200     		.2byte	0x2
 280 00ba 77       		.byte	0x77
 281 00bb 04       		.sleb128 4
 282 00bc 00000000 		.4byte	0x0
 283 00c0 00000000 		.4byte	0x0
 284              		.file 2 ".\\Generated_Source\\PSoC5\\/cytypes.h"
 285              		.section	.debug_info
 286 0000 0E010000 		.4byte	0x10e
 287 0004 0200     		.2byte	0x2
 288 0006 00000000 		.4byte	.Ldebug_abbrev0
 289 000a 04       		.byte	0x4
 290 000b 01       		.uleb128 0x1
 291 000c 0F010000 		.4byte	.LASF16
 292 0010 01       		.byte	0x1
ARM GAS  C:\Users\arh\AppData\Local\Temp\ccW1ZNBG.s 			page 8


 293 0011 B2000000 		.4byte	.LASF17
 294 0015 2B000000 		.4byte	.LASF18
 295 0019 00000000 		.4byte	0x0
 296 001d 00000000 		.4byte	0x0
 297 0021 00000000 		.4byte	.Ldebug_ranges0+0x0
 298 0025 00000000 		.4byte	.Ldebug_line0
 299 0029 02       		.uleb128 0x2
 300 002a 01       		.byte	0x1
 301 002b 06       		.byte	0x6
 302 002c 39010000 		.4byte	.LASF0
 303 0030 02       		.uleb128 0x2
 304 0031 01       		.byte	0x1
 305 0032 08       		.byte	0x8
 306 0033 74000000 		.4byte	.LASF1
 307 0037 02       		.uleb128 0x2
 308 0038 02       		.byte	0x2
 309 0039 05       		.byte	0x5
 310 003a 20010000 		.4byte	.LASF2
 311 003e 02       		.uleb128 0x2
 312 003f 02       		.byte	0x2
 313 0040 07       		.byte	0x7
 314 0041 94000000 		.4byte	.LASF3
 315 0045 02       		.uleb128 0x2
 316 0046 04       		.byte	0x4
 317 0047 05       		.byte	0x5
 318 0048 30010000 		.4byte	.LASF4
 319 004c 02       		.uleb128 0x2
 320 004d 04       		.byte	0x4
 321 004e 07       		.byte	0x7
 322 004f 82000000 		.4byte	.LASF5
 323 0053 02       		.uleb128 0x2
 324 0054 08       		.byte	0x8
 325 0055 05       		.byte	0x5
 326 0056 00000000 		.4byte	.LASF6
 327 005a 02       		.uleb128 0x2
 328 005b 08       		.byte	0x8
 329 005c 07       		.byte	0x7
 330 005d E0000000 		.4byte	.LASF7
 331 0061 03       		.uleb128 0x3
 332 0062 04       		.byte	0x4
 333 0063 05       		.byte	0x5
 334 0064 696E7400 		.ascii	"int\000"
 335 0068 02       		.uleb128 0x2
 336 0069 04       		.byte	0x4
 337 006a 07       		.byte	0x7
 338 006b D3000000 		.4byte	.LASF8
 339 006f 02       		.uleb128 0x2
 340 0070 01       		.byte	0x1
 341 0071 08       		.byte	0x8
 342 0072 1B010000 		.4byte	.LASF9
 343 0076 04       		.uleb128 0x4
 344 0077 2A010000 		.4byte	.LASF19
 345 007b 02       		.byte	0x2
 346 007c 60       		.byte	0x60
 347 007d 30000000 		.4byte	0x30
 348 0081 05       		.uleb128 0x5
 349 0082 01       		.byte	0x1
ARM GAS  C:\Users\arh\AppData\Local\Temp\ccW1ZNBG.s 			page 9


 350 0083 14000000 		.4byte	.LASF10
 351 0087 01       		.byte	0x1
 352 0088 25       		.byte	0x25
 353 0089 01       		.byte	0x1
 354 008a 00000000 		.4byte	.LFB0
 355 008e 3E000000 		.4byte	.LFE0
 356 0092 00000000 		.4byte	.LLST0
 357 0096 B7000000 		.4byte	0xb7
 358 009a 06       		.uleb128 0x6
 359 009b 0E000000 		.4byte	.LASF12
 360 009f 01       		.byte	0x1
 361 00a0 25       		.byte	0x25
 362 00a1 76000000 		.4byte	0x76
 363 00a5 02       		.byte	0x2
 364 00a6 91       		.byte	0x91
 365 00a7 6F       		.sleb128 -17
 366 00a8 07       		.uleb128 0x7
 367 00a9 20000000 		.4byte	.LASF20
 368 00ad 01       		.byte	0x1
 369 00ae 27       		.byte	0x27
 370 00af 76000000 		.4byte	0x76
 371 00b3 02       		.byte	0x2
 372 00b4 91       		.byte	0x91
 373 00b5 77       		.sleb128 -9
 374 00b6 00       		.byte	0x0
 375 00b7 05       		.uleb128 0x5
 376 00b8 01       		.byte	0x1
 377 00b9 FC000000 		.4byte	.LASF11
 378 00bd 01       		.byte	0x1
 379 00be 39       		.byte	0x39
 380 00bf 01       		.byte	0x1
 381 00c0 00000000 		.4byte	.LFB1
 382 00c4 64000000 		.4byte	.LFE1
 383 00c8 37000000 		.4byte	.LLST1
 384 00cc DF000000 		.4byte	0xdf
 385 00d0 06       		.uleb128 0x6
 386 00d1 F7000000 		.4byte	.LASF13
 387 00d5 01       		.byte	0x1
 388 00d6 39       		.byte	0x39
 389 00d7 76000000 		.4byte	0x76
 390 00db 02       		.byte	0x2
 391 00dc 91       		.byte	0x91
 392 00dd 77       		.sleb128 -9
 393 00de 00       		.byte	0x0
 394 00df 08       		.uleb128 0x8
 395 00e0 01       		.byte	0x1
 396 00e1 A7000000 		.4byte	.LASF14
 397 00e5 01       		.byte	0x1
 398 00e6 51       		.byte	0x51
 399 00e7 01       		.byte	0x1
 400 00e8 76000000 		.4byte	0x76
 401 00ec 00000000 		.4byte	.LFB2
 402 00f0 1C000000 		.4byte	.LFE2
 403 00f4 6E000000 		.4byte	.LLST2
 404 00f8 08       		.uleb128 0x8
 405 00f9 01       		.byte	0x1
 406 00fa 62000000 		.4byte	.LASF15
ARM GAS  C:\Users\arh\AppData\Local\Temp\ccW1ZNBG.s 			page 10


 407 00fe 01       		.byte	0x1
 408 00ff 64       		.byte	0x64
 409 0100 01       		.byte	0x1
 410 0101 76000000 		.4byte	0x76
 411 0105 00000000 		.4byte	.LFB3
 412 0109 1C000000 		.4byte	.LFE3
 413 010d 99000000 		.4byte	.LLST3
 414 0111 00       		.byte	0x0
 415              		.section	.debug_abbrev
 416 0000 01       		.uleb128 0x1
 417 0001 11       		.uleb128 0x11
 418 0002 01       		.byte	0x1
 419 0003 25       		.uleb128 0x25
 420 0004 0E       		.uleb128 0xe
 421 0005 13       		.uleb128 0x13
 422 0006 0B       		.uleb128 0xb
 423 0007 03       		.uleb128 0x3
 424 0008 0E       		.uleb128 0xe
 425 0009 1B       		.uleb128 0x1b
 426 000a 0E       		.uleb128 0xe
 427 000b 11       		.uleb128 0x11
 428 000c 01       		.uleb128 0x1
 429 000d 52       		.uleb128 0x52
 430 000e 01       		.uleb128 0x1
 431 000f 55       		.uleb128 0x55
 432 0010 06       		.uleb128 0x6
 433 0011 10       		.uleb128 0x10
 434 0012 06       		.uleb128 0x6
 435 0013 00       		.byte	0x0
 436 0014 00       		.byte	0x0
 437 0015 02       		.uleb128 0x2
 438 0016 24       		.uleb128 0x24
 439 0017 00       		.byte	0x0
 440 0018 0B       		.uleb128 0xb
 441 0019 0B       		.uleb128 0xb
 442 001a 3E       		.uleb128 0x3e
 443 001b 0B       		.uleb128 0xb
 444 001c 03       		.uleb128 0x3
 445 001d 0E       		.uleb128 0xe
 446 001e 00       		.byte	0x0
 447 001f 00       		.byte	0x0
 448 0020 03       		.uleb128 0x3
 449 0021 24       		.uleb128 0x24
 450 0022 00       		.byte	0x0
 451 0023 0B       		.uleb128 0xb
 452 0024 0B       		.uleb128 0xb
 453 0025 3E       		.uleb128 0x3e
 454 0026 0B       		.uleb128 0xb
 455 0027 03       		.uleb128 0x3
 456 0028 08       		.uleb128 0x8
 457 0029 00       		.byte	0x0
 458 002a 00       		.byte	0x0
 459 002b 04       		.uleb128 0x4
 460 002c 16       		.uleb128 0x16
 461 002d 00       		.byte	0x0
 462 002e 03       		.uleb128 0x3
 463 002f 0E       		.uleb128 0xe
ARM GAS  C:\Users\arh\AppData\Local\Temp\ccW1ZNBG.s 			page 11


 464 0030 3A       		.uleb128 0x3a
 465 0031 0B       		.uleb128 0xb
 466 0032 3B       		.uleb128 0x3b
 467 0033 0B       		.uleb128 0xb
 468 0034 49       		.uleb128 0x49
 469 0035 13       		.uleb128 0x13
 470 0036 00       		.byte	0x0
 471 0037 00       		.byte	0x0
 472 0038 05       		.uleb128 0x5
 473 0039 2E       		.uleb128 0x2e
 474 003a 01       		.byte	0x1
 475 003b 3F       		.uleb128 0x3f
 476 003c 0C       		.uleb128 0xc
 477 003d 03       		.uleb128 0x3
 478 003e 0E       		.uleb128 0xe
 479 003f 3A       		.uleb128 0x3a
 480 0040 0B       		.uleb128 0xb
 481 0041 3B       		.uleb128 0x3b
 482 0042 0B       		.uleb128 0xb
 483 0043 27       		.uleb128 0x27
 484 0044 0C       		.uleb128 0xc
 485 0045 11       		.uleb128 0x11
 486 0046 01       		.uleb128 0x1
 487 0047 12       		.uleb128 0x12
 488 0048 01       		.uleb128 0x1
 489 0049 40       		.uleb128 0x40
 490 004a 06       		.uleb128 0x6
 491 004b 01       		.uleb128 0x1
 492 004c 13       		.uleb128 0x13
 493 004d 00       		.byte	0x0
 494 004e 00       		.byte	0x0
 495 004f 06       		.uleb128 0x6
 496 0050 05       		.uleb128 0x5
 497 0051 00       		.byte	0x0
 498 0052 03       		.uleb128 0x3
 499 0053 0E       		.uleb128 0xe
 500 0054 3A       		.uleb128 0x3a
 501 0055 0B       		.uleb128 0xb
 502 0056 3B       		.uleb128 0x3b
 503 0057 0B       		.uleb128 0xb
 504 0058 49       		.uleb128 0x49
 505 0059 13       		.uleb128 0x13
 506 005a 02       		.uleb128 0x2
 507 005b 0A       		.uleb128 0xa
 508 005c 00       		.byte	0x0
 509 005d 00       		.byte	0x0
 510 005e 07       		.uleb128 0x7
 511 005f 34       		.uleb128 0x34
 512 0060 00       		.byte	0x0
 513 0061 03       		.uleb128 0x3
 514 0062 0E       		.uleb128 0xe
 515 0063 3A       		.uleb128 0x3a
 516 0064 0B       		.uleb128 0xb
 517 0065 3B       		.uleb128 0x3b
 518 0066 0B       		.uleb128 0xb
 519 0067 49       		.uleb128 0x49
 520 0068 13       		.uleb128 0x13
ARM GAS  C:\Users\arh\AppData\Local\Temp\ccW1ZNBG.s 			page 12


 521 0069 02       		.uleb128 0x2
 522 006a 0A       		.uleb128 0xa
 523 006b 00       		.byte	0x0
 524 006c 00       		.byte	0x0
 525 006d 08       		.uleb128 0x8
 526 006e 2E       		.uleb128 0x2e
 527 006f 00       		.byte	0x0
 528 0070 3F       		.uleb128 0x3f
 529 0071 0C       		.uleb128 0xc
 530 0072 03       		.uleb128 0x3
 531 0073 0E       		.uleb128 0xe
 532 0074 3A       		.uleb128 0x3a
 533 0075 0B       		.uleb128 0xb
 534 0076 3B       		.uleb128 0x3b
 535 0077 0B       		.uleb128 0xb
 536 0078 27       		.uleb128 0x27
 537 0079 0C       		.uleb128 0xc
 538 007a 49       		.uleb128 0x49
 539 007b 13       		.uleb128 0x13
 540 007c 11       		.uleb128 0x11
 541 007d 01       		.uleb128 0x1
 542 007e 12       		.uleb128 0x12
 543 007f 01       		.uleb128 0x1
 544 0080 40       		.uleb128 0x40
 545 0081 06       		.uleb128 0x6
 546 0082 00       		.byte	0x0
 547 0083 00       		.byte	0x0
 548 0084 00       		.byte	0x0
 549              		.section	.debug_pubnames,"",%progbits
 550 0000 5A000000 		.4byte	0x5a
 551 0004 0200     		.2byte	0x2
 552 0006 00000000 		.4byte	.Ldebug_info0
 553 000a 12010000 		.4byte	0x112
 554 000e 81000000 		.4byte	0x81
 555 0012 50696E5F 		.ascii	"Pin_3_Write\000"
 555      335F5772 
 555      69746500 
 556 001e B7000000 		.4byte	0xb7
 557 0022 50696E5F 		.ascii	"Pin_3_SetDriveMode\000"
 557      335F5365 
 557      74447269 
 557      76654D6F 
 557      646500
 558 0035 DF000000 		.4byte	0xdf
 559 0039 50696E5F 		.ascii	"Pin_3_Read\000"
 559      335F5265 
 559      616400
 560 0044 F8000000 		.4byte	0xf8
 561 0048 50696E5F 		.ascii	"Pin_3_ReadDataReg\000"
 561      335F5265 
 561      61644461 
 561      74615265 
 561      6700
 562 005a 00000000 		.4byte	0x0
 563              		.section	.debug_aranges,"",%progbits
 564 0000 34000000 		.4byte	0x34
 565 0004 0200     		.2byte	0x2
ARM GAS  C:\Users\arh\AppData\Local\Temp\ccW1ZNBG.s 			page 13


 566 0006 00000000 		.4byte	.Ldebug_info0
 567 000a 04       		.byte	0x4
 568 000b 00       		.byte	0x0
 569 000c 0000     		.2byte	0x0
 570 000e 0000     		.2byte	0x0
 571 0010 00000000 		.4byte	.LFB0
 572 0014 3E000000 		.4byte	.LFE0-.LFB0
 573 0018 00000000 		.4byte	.LFB1
 574 001c 64000000 		.4byte	.LFE1-.LFB1
 575 0020 00000000 		.4byte	.LFB2
 576 0024 1C000000 		.4byte	.LFE2-.LFB2
 577 0028 00000000 		.4byte	.LFB3
 578 002c 1C000000 		.4byte	.LFE3-.LFB3
 579 0030 00000000 		.4byte	0x0
 580 0034 00000000 		.4byte	0x0
 581              		.section	.debug_ranges,"",%progbits
 582              	.Ldebug_ranges0:
 583 0000 00000000 		.4byte	.Ltext0
 584 0004 00000000 		.4byte	.Letext0
 585 0008 00000000 		.4byte	.LFB0
 586 000c 3E000000 		.4byte	.LFE0
 587 0010 00000000 		.4byte	.LFB1
 588 0014 64000000 		.4byte	.LFE1
 589 0018 00000000 		.4byte	.LFB2
 590 001c 1C000000 		.4byte	.LFE2
 591 0020 00000000 		.4byte	.LFB3
 592 0024 1C000000 		.4byte	.LFE3
 593 0028 00000000 		.4byte	0x0
 594 002c 00000000 		.4byte	0x0
 595              		.section	.debug_str,"MS",%progbits,1
 596              	.LASF6:
 597 0000 6C6F6E67 		.ascii	"long long int\000"
 597      206C6F6E 
 597      6720696E 
 597      7400
 598              	.LASF12:
 599 000e 76616C75 		.ascii	"value\000"
 599      6500
 600              	.LASF10:
 601 0014 50696E5F 		.ascii	"Pin_3_Write\000"
 601      335F5772 
 601      69746500 
 602              	.LASF20:
 603 0020 73746174 		.ascii	"staticBits\000"
 603      69634269 
 603      747300
 604              	.LASF18:
 605 002b 433A5C55 		.ascii	"C:\\Users\\arh\\Documents\\PSoC Creator\\Design07\\"
 605      73657273 
 605      5C617268 
 605      5C446F63 
 605      756D656E 
 606 0058 6364732E 		.ascii	"cds.cydsn\000"
 606      63796473 
 606      6E00
 607              	.LASF15:
 608 0062 50696E5F 		.ascii	"Pin_3_ReadDataReg\000"
ARM GAS  C:\Users\arh\AppData\Local\Temp\ccW1ZNBG.s 			page 14


 608      335F5265 
 608      61644461 
 608      74615265 
 608      6700
 609              	.LASF1:
 610 0074 756E7369 		.ascii	"unsigned char\000"
 610      676E6564 
 610      20636861 
 610      7200
 611              	.LASF5:
 612 0082 6C6F6E67 		.ascii	"long unsigned int\000"
 612      20756E73 
 612      69676E65 
 612      6420696E 
 612      7400
 613              	.LASF3:
 614 0094 73686F72 		.ascii	"short unsigned int\000"
 614      7420756E 
 614      7369676E 
 614      65642069 
 614      6E7400
 615              	.LASF14:
 616 00a7 50696E5F 		.ascii	"Pin_3_Read\000"
 616      335F5265 
 616      616400
 617              	.LASF17:
 618 00b2 2E5C4765 		.ascii	".\\Generated_Source\\PSoC5\\Pin_3.c\000"
 618      6E657261 
 618      7465645F 
 618      536F7572 
 618      63655C50 
 619              	.LASF8:
 620 00d3 756E7369 		.ascii	"unsigned int\000"
 620      676E6564 
 620      20696E74 
 620      00
 621              	.LASF7:
 622 00e0 6C6F6E67 		.ascii	"long long unsigned int\000"
 622      206C6F6E 
 622      6720756E 
 622      7369676E 
 622      65642069 
 623              	.LASF13:
 624 00f7 6D6F6465 		.ascii	"mode\000"
 624      00
 625              	.LASF11:
 626 00fc 50696E5F 		.ascii	"Pin_3_SetDriveMode\000"
 626      335F5365 
 626      74447269 
 626      76654D6F 
 626      646500
 627              	.LASF16:
 628 010f 474E5520 		.ascii	"GNU C 4.4.1\000"
 628      4320342E 
 628      342E3100 
 629              	.LASF9:
 630 011b 63686172 		.ascii	"char\000"
ARM GAS  C:\Users\arh\AppData\Local\Temp\ccW1ZNBG.s 			page 15


 630      00
 631              	.LASF2:
 632 0120 73686F72 		.ascii	"short int\000"
 632      7420696E 
 632      7400
 633              	.LASF19:
 634 012a 75696E74 		.ascii	"uint8\000"
 634      3800
 635              	.LASF4:
 636 0130 6C6F6E67 		.ascii	"long int\000"
 636      20696E74 
 636      00
 637              	.LASF0:
 638 0139 7369676E 		.ascii	"signed char\000"
 638      65642063 
 638      68617200 
 639              		.ident	"GCC: (Sourcery G++ Lite 2010q1-188) 4.4.1"
