--------------- Build Started: 05/20/2020 13:23:27 Project: p4arduino-creek, Configuration: ARM GCC 5.4-2016-q2-update Debug ---------------
cydsfit.exe -.appdatapath "C:\Users\arh\AppData\Local\Cypress Semiconductor\PSoC Creator\4.2" -.fdsnotice -.fdswarpdepfile=warp_dependencies.txt -.fdselabdepfile=elab_dependencies.txt -.fdsbldfile=generated_files.txt -.fdsreffile=referenced_files.txt -p Y:\proj\creekproj\creekFirmware\p4arduino-creek.cydsn\p4arduino-creek.cyprj -d CY8C4245AXI-483 -s Y:\proj\creekproj\creekFirmware\p4arduino-creek.cydsn\Generated_Source\PSoC4 -- -yv2 -q10 -ygs -o2 -v3 -.fftcfgtype=LE
Elaborating Design...
HDL Generation...
Synthesis...
Tech Mapping...
Analog Placement...
Analog Routing...
Analog Code Generation...
Digital Placement...
Digital Routing...
Bitstream Generation...
Bitstream Verification...
Static timing analysis...
API Generation...
Dependency Generation...
Cleanup...
arm-none-eabi-gcc.exe -mcpu=cortex-m0 -mthumb -I. -IGenerated_Source\PSoC4 -Wa,-alh=.\CortexM0\ARM_GCC_541\Debug/main.lst -g -D DEBUG -Wall -ffunction-sections -ffat-lto-objects -O0 -c main.c -o .\CortexM0\ARM_GCC_541\Debug\main.o
arm-none-eabi-ar.exe -rs .\CortexM0\ARM_GCC_541\Debug\p4arduino-creek.a .\CortexM0\ARM_GCC_541\Debug\adc.o .\CortexM0\ARM_GCC_541\Debug\adc_PM.o .\CortexM0\ARM_GCC_541\Debug\adc_INT.o .\CortexM0\ARM_GCC_541\Debug\adc_intClock.o .\CortexM0\ARM_GCC_541\Debug\adc_IRQ.o .\CortexM0\ARM_GCC_541\Debug\CyFlash.o .\CortexM0\ARM_GCC_541\Debug\CyLib.o .\CortexM0\ARM_GCC_541\Debug\cyPm.o .\CortexM0\ARM_GCC_541\Debug\cyutils.o .\CortexM0\ARM_GCC_541\Debug\Bootloadable.o .\CortexM0\ARM_GCC_541\Debug\ezi2c.o .\CortexM0\ARM_GCC_541\Debug\ezi2c_PM.o .\CortexM0\ARM_GCC_541\Debug\ezi2c_BOOT.o .\CortexM0\ARM_GCC_541\Debug\ezi2c_EZI2C.o .\CortexM0\ARM_GCC_541\Debug\ezi2c_EZI2C_INT.o .\CortexM0\ARM_GCC_541\Debug\ezi2c_EZI2C_BOOT.o .\CortexM0\ARM_GCC_541\Debug\ezi2c_SCB_IRQ.o .\CortexM0\ARM_GCC_541\Debug\ezi2c_SCBCLK.o .\CortexM0\ARM_GCC_541\Debug\ezi2c_scl.o .\CortexM0\ARM_GCC_541\Debug\ezi2c_scl_PM.o .\CortexM0\ARM_GCC_541\Debug\ezi2c_sda.o .\CortexM0\ARM_GCC_541\Debug\ezi2c_sda_PM.o .\CortexM0\ARM_GCC_541\Debug\V036.o .\CortexM0\ARM_GCC_541\Debug\V036_PM.o .\CortexM0\ARM_GCC_541\Debug\CyLFClk.o .\CortexM0\ARM_GCC_541\Debug\clockled.o .\CortexM0\ARM_GCC_541\Debug\BLUELED.o .\CortexM0\ARM_GCC_541\Debug\BLUELED_PM.o .\CortexM0\ARM_GCC_541\Debug\REDLED.o .\CortexM0\ARM_GCC_541\Debug\REDLED_PM.o .\CortexM0\ARM_GCC_541\Debug\pressure.o .\CortexM0\ARM_GCC_541\Debug\pressure_PM.o .\CortexM0\ARM_GCC_541\Debug\cy_em_eeprom.o .\CortexM0\ARM_GCC_541\Debug\CyBootAsmGnu.o
arm-none-eabi-ar.exe: creating .\CortexM0\ARM_GCC_541\Debug\p4arduino-creek.a
arm-none-eabi-gcc.exe -Wl,--start-group -o Y:\proj\creekproj\creekFirmware\p4arduino-creek.cydsn\CortexM0\ARM_GCC_541\Debug\p4arduino-creek.elf .\CortexM0\ARM_GCC_541\Debug\main.o .\CortexM0\ARM_GCC_541\Debug\cyfitter_cfg.o .\CortexM0\ARM_GCC_541\Debug\Cm0Start.o .\CortexM0\ARM_GCC_541\Debug\cybootloader.o .\CortexM0\ARM_GCC_541\Debug\cymetadata.o .\CortexM0\ARM_GCC_541\Debug\p4arduino-creek.a -mcpu=cortex-m0 -mthumb -L Generated_Source\PSoC4 -Wl,-Map,.\CortexM0\ARM_GCC_541\Debug/p4arduino-creek.map -T Generated_Source\PSoC4\cm0gcc.ld -specs=nano.specs -Wl,--gc-sections -g -ffunction-sections -O0 -ffat-lto-objects -Wl,--end-group
cyelftool.exe -B Y:\proj\creekproj\creekFirmware\p4arduino-creek.cydsn\CortexM0\ARM_GCC_541\Debug\p4arduino-creek.elf --flash_row_size 128 --flash_size 32768 --flash_offset 0x00000000 --flash_array_size 32768
No ELF section .cychecksum found, creating one
Application checksum calculated and stored in ELF section .cychecksum
Checksum calculated and stored in ELF section .cymeta
cyelftool.exe -S Y:\proj\creekproj\creekFirmware\p4arduino-creek.cydsn\CortexM0\ARM_GCC_541\Debug\p4arduino-creek.elf
Flash used: 25256 of 32768 bytes (77.1%). Bootloader: 9984 bytes. Application: 15144 bytes. Metadata: 128 bytes.
SRAM used: 1712 of 4096 bytes (41.8%). Stack: 1024 bytes. Heap: 256 bytes.
--------------- Build Succeeded: 05/20/2020 13:23:51 ---------------
